{"/var/www/tanstack-query-vue-cache-helpers/packages/react/src/hooks/useTanstackCacheHelpers/helpers/adapter.ts": {"path":"/var/www/tanstack-query-vue-cache-helpers/packages/react/src/hooks/useTanstackCacheHelpers/helpers/adapter.ts","all":false,"statementMap":{"2":{"start":{"line":3,"column":0},"end":{"line":3,"column":48}},"3":{"start":{"line":4,"column":0},"end":{"line":4,"column":27}},"4":{"start":{"line":5,"column":0},"end":{"line":5,"column":47}},"6":{"start":{"line":7,"column":0},"end":{"line":7,"column":95}},"7":{"start":{"line":8,"column":0},"end":{"line":8,"column":45}},"8":{"start":{"line":9,"column":0},"end":{"line":9,"column":29}},"9":{"start":{"line":10,"column":0},"end":{"line":10,"column":18}},"10":{"start":{"line":11,"column":0},"end":{"line":11,"column":20}},"12":{"start":{"line":13,"column":0},"end":{"line":13,"column":25}},"13":{"start":{"line":14,"column":0},"end":{"line":14,"column":13}},"14":{"start":{"line":15,"column":0},"end":{"line":15,"column":10}},"15":{"start":{"line":16,"column":0},"end":{"line":16,"column":5}},"16":{"start":{"line":17,"column":0},"end":{"line":17,"column":1}}},"s":{"2":1,"3":1,"4":39,"6":39,"7":38,"8":38,"9":38,"10":38,"12":1,"13":1,"14":39,"15":39,"16":1},"branchMap":{"0":{"type":"branch","line":4,"loc":{"start":{"line":4,"column":14},"end":{"line":16,"column":5}},"locations":[{"start":{"line":4,"column":14},"end":{"line":16,"column":5}}]},"1":{"type":"branch","line":5,"loc":{"start":{"line":5,"column":33},"end":{"line":15,"column":9}},"locations":[{"start":{"line":5,"column":33},"end":{"line":15,"column":9}}]},"2":{"type":"branch","line":7,"loc":{"start":{"line":7,"column":94},"end":{"line":14,"column":13}},"locations":[{"start":{"line":7,"column":94},"end":{"line":14,"column":13}}]},"3":{"type":"branch","line":11,"loc":{"start":{"line":11,"column":12},"end":{"line":14,"column":13}},"locations":[{"start":{"line":11,"column":12},"end":{"line":14,"column":13}}]},"4":{"type":"branch","line":8,"loc":{"start":{"line":8,"column":38},"end":{"line":10,"column":17}},"locations":[{"start":{"line":8,"column":38},"end":{"line":10,"column":17}}]}},"b":{"0":[39],"1":[39],"2":[38],"3":[1],"4":[38]},"fnMap":{"0":{"name":"nextTick","decl":{"start":{"line":4,"column":14},"end":{"line":16,"column":5}},"loc":{"start":{"line":4,"column":14},"end":{"line":16,"column":5}},"line":4}},"f":{"0":39}}
,"/var/www/tanstack-query-vue-cache-helpers/packages/react/src/hooks/useTanstackCacheHelpers/helpers/addToCache.ts": {"path":"/var/www/tanstack-query-vue-cache-helpers/packages/react/src/hooks/useTanstackCacheHelpers/helpers/addToCache.ts","all":false,"statementMap":{"2":{"start":{"line":3,"column":0},"end":{"line":3,"column":81}},"3":{"start":{"line":4,"column":0},"end":{"line":4,"column":40}},"5":{"start":{"line":6,"column":0},"end":{"line":6,"column":51}},"6":{"start":{"line":7,"column":0},"end":{"line":7,"column":30}},"7":{"start":{"line":8,"column":0},"end":{"line":8,"column":24}},"8":{"start":{"line":9,"column":0},"end":{"line":9,"column":27}},"9":{"start":{"line":10,"column":0},"end":{"line":10,"column":6}},"10":{"start":{"line":11,"column":0},"end":{"line":11,"column":71}},"11":{"start":{"line":12,"column":0},"end":{"line":12,"column":1}}},"s":{"2":1,"3":1,"5":1,"6":4,"7":4,"8":4,"9":4,"10":4,"11":4},"branchMap":{"0":{"type":"branch","line":6,"loc":{"start":{"line":6,"column":26},"end":{"line":12,"column":1}},"locations":[{"start":{"line":6,"column":26},"end":{"line":12,"column":1}}]}},"b":{"0":[4]},"fnMap":{"0":{"name":"addToCache","decl":{"start":{"line":6,"column":26},"end":{"line":12,"column":1}},"loc":{"start":{"line":6,"column":26},"end":{"line":12,"column":1}},"line":6}},"f":{"0":4}}
,"/var/www/tanstack-query-vue-cache-helpers/packages/react/src/hooks/useTanstackCacheHelpers/helpers/clearCache.ts": {"path":"/var/www/tanstack-query-vue-cache-helpers/packages/react/src/hooks/useTanstackCacheHelpers/helpers/clearCache.ts","all":false,"statementMap":{"1":{"start":{"line":2,"column":0},"end":{"line":2,"column":81}},"2":{"start":{"line":3,"column":0},"end":{"line":3,"column":40}},"4":{"start":{"line":5,"column":0},"end":{"line":5,"column":51}},"5":{"start":{"line":6,"column":0},"end":{"line":6,"column":30}},"6":{"start":{"line":7,"column":0},"end":{"line":7,"column":22}},"7":{"start":{"line":8,"column":0},"end":{"line":8,"column":6}},"8":{"start":{"line":9,"column":0},"end":{"line":9,"column":65}},"9":{"start":{"line":10,"column":0},"end":{"line":10,"column":1}}},"s":{"1":1,"2":1,"4":1,"5":3,"6":3,"7":3,"8":3,"9":3},"branchMap":{"0":{"type":"branch","line":5,"loc":{"start":{"line":5,"column":26},"end":{"line":10,"column":1}},"locations":[{"start":{"line":5,"column":26},"end":{"line":10,"column":1}}]}},"b":{"0":[3]},"fnMap":{"0":{"name":"clearCache","decl":{"start":{"line":5,"column":26},"end":{"line":10,"column":1}},"loc":{"start":{"line":5,"column":26},"end":{"line":10,"column":1}},"line":5}},"f":{"0":3}}
,"/var/www/tanstack-query-vue-cache-helpers/packages/react/src/hooks/useTanstackCacheHelpers/helpers/refreshCache.ts": {"path":"/var/www/tanstack-query-vue-cache-helpers/packages/react/src/hooks/useTanstackCacheHelpers/helpers/refreshCache.ts","all":false,"statementMap":{"2":{"start":{"line":3,"column":0},"end":{"line":3,"column":85}},"3":{"start":{"line":4,"column":0},"end":{"line":4,"column":40}},"5":{"start":{"line":6,"column":0},"end":{"line":6,"column":53}},"6":{"start":{"line":7,"column":0},"end":{"line":7,"column":30}},"7":{"start":{"line":8,"column":0},"end":{"line":8,"column":24}},"8":{"start":{"line":9,"column":0},"end":{"line":9,"column":29}},"9":{"start":{"line":10,"column":0},"end":{"line":10,"column":6}},"10":{"start":{"line":11,"column":0},"end":{"line":11,"column":73}},"11":{"start":{"line":12,"column":0},"end":{"line":12,"column":1}}},"s":{"2":1,"3":1,"5":1,"6":5,"7":5,"8":5,"9":5,"10":5,"11":5},"branchMap":{"0":{"type":"branch","line":6,"loc":{"start":{"line":6,"column":28},"end":{"line":12,"column":1}},"locations":[{"start":{"line":6,"column":28},"end":{"line":12,"column":1}}]}},"b":{"0":[5]},"fnMap":{"0":{"name":"refreshCache","decl":{"start":{"line":6,"column":28},"end":{"line":12,"column":1}},"loc":{"start":{"line":6,"column":28},"end":{"line":12,"column":1}},"line":6}},"f":{"0":5}}
,"/var/www/tanstack-query-vue-cache-helpers/packages/react/src/hooks/useTanstackCacheHelpers/helpers/refreshDeepItem.ts": {"path":"/var/www/tanstack-query-vue-cache-helpers/packages/react/src/hooks/useTanstackCacheHelpers/helpers/refreshDeepItem.ts","all":false,"statementMap":{"2":{"start":{"line":3,"column":0},"end":{"line":3,"column":91}},"3":{"start":{"line":4,"column":0},"end":{"line":4,"column":40}},"5":{"start":{"line":6,"column":0},"end":{"line":6,"column":56}},"6":{"start":{"line":7,"column":0},"end":{"line":7,"column":30}},"7":{"start":{"line":8,"column":0},"end":{"line":8,"column":24}},"8":{"start":{"line":9,"column":0},"end":{"line":9,"column":32}},"9":{"start":{"line":10,"column":0},"end":{"line":10,"column":6}},"10":{"start":{"line":11,"column":0},"end":{"line":11,"column":76}},"11":{"start":{"line":12,"column":0},"end":{"line":12,"column":1}}},"s":{"2":1,"3":1,"5":1,"6":6,"7":6,"8":6,"9":6,"10":6,"11":6},"branchMap":{"0":{"type":"branch","line":6,"loc":{"start":{"line":6,"column":31},"end":{"line":12,"column":1}},"locations":[{"start":{"line":6,"column":31},"end":{"line":12,"column":1}}]}},"b":{"0":[6]},"fnMap":{"0":{"name":"refreshDeepItem","decl":{"start":{"line":6,"column":31},"end":{"line":12,"column":1}},"loc":{"start":{"line":6,"column":31},"end":{"line":12,"column":1}},"line":6}},"f":{"0":6}}
,"/var/www/tanstack-query-vue-cache-helpers/packages/react/src/hooks/useTanstackCacheHelpers/helpers/refreshPartialItem.ts": {"path":"/var/www/tanstack-query-vue-cache-helpers/packages/react/src/hooks/useTanstackCacheHelpers/helpers/refreshPartialItem.ts","all":false,"statementMap":{"2":{"start":{"line":3,"column":0},"end":{"line":3,"column":97}},"3":{"start":{"line":4,"column":0},"end":{"line":4,"column":40}},"5":{"start":{"line":6,"column":0},"end":{"line":6,"column":62}},"6":{"start":{"line":7,"column":0},"end":{"line":7,"column":30}},"7":{"start":{"line":8,"column":0},"end":{"line":8,"column":24}},"8":{"start":{"line":9,"column":0},"end":{"line":9,"column":38}},"9":{"start":{"line":10,"column":0},"end":{"line":10,"column":6}},"10":{"start":{"line":11,"column":0},"end":{"line":11,"column":79}},"11":{"start":{"line":12,"column":0},"end":{"line":12,"column":1}}},"s":{"2":1,"3":1,"5":1,"6":7,"7":7,"8":7,"9":7,"10":7,"11":7},"branchMap":{"0":{"type":"branch","line":6,"loc":{"start":{"line":6,"column":34},"end":{"line":12,"column":1}},"locations":[{"start":{"line":6,"column":34},"end":{"line":12,"column":1}}]}},"b":{"0":[7]},"fnMap":{"0":{"name":"refreshPartialItem","decl":{"start":{"line":6,"column":34},"end":{"line":12,"column":1}},"loc":{"start":{"line":6,"column":34},"end":{"line":12,"column":1}},"line":6}},"f":{"0":7}}
,"/var/www/tanstack-query-vue-cache-helpers/packages/react/src/hooks/useTanstackCacheHelpers/helpers/removeDeepItem.ts": {"path":"/var/www/tanstack-query-vue-cache-helpers/packages/react/src/hooks/useTanstackCacheHelpers/helpers/removeDeepItem.ts","all":false,"statementMap":{"2":{"start":{"line":3,"column":0},"end":{"line":3,"column":89}},"3":{"start":{"line":4,"column":0},"end":{"line":4,"column":40}},"5":{"start":{"line":6,"column":0},"end":{"line":6,"column":55}},"6":{"start":{"line":7,"column":0},"end":{"line":7,"column":30}},"7":{"start":{"line":8,"column":0},"end":{"line":8,"column":24}},"8":{"start":{"line":9,"column":0},"end":{"line":9,"column":31}},"9":{"start":{"line":10,"column":0},"end":{"line":10,"column":6}},"10":{"start":{"line":11,"column":0},"end":{"line":11,"column":75}},"11":{"start":{"line":12,"column":0},"end":{"line":12,"column":1}}},"s":{"2":1,"3":1,"5":1,"6":5,"7":5,"8":5,"9":5,"10":5,"11":5},"branchMap":{"0":{"type":"branch","line":6,"loc":{"start":{"line":6,"column":30},"end":{"line":12,"column":1}},"locations":[{"start":{"line":6,"column":30},"end":{"line":12,"column":1}}]}},"b":{"0":[5]},"fnMap":{"0":{"name":"removeDeepItem","decl":{"start":{"line":6,"column":30},"end":{"line":12,"column":1}},"loc":{"start":{"line":6,"column":30},"end":{"line":12,"column":1}},"line":6}},"f":{"0":5}}
,"/var/www/tanstack-query-vue-cache-helpers/packages/react/src/hooks/useTanstackCacheHelpers/helpers/removeItem.ts": {"path":"/var/www/tanstack-query-vue-cache-helpers/packages/react/src/hooks/useTanstackCacheHelpers/helpers/removeItem.ts","all":false,"statementMap":{"2":{"start":{"line":3,"column":0},"end":{"line":3,"column":81}},"3":{"start":{"line":4,"column":0},"end":{"line":4,"column":40}},"5":{"start":{"line":6,"column":0},"end":{"line":6,"column":51}},"6":{"start":{"line":7,"column":0},"end":{"line":7,"column":30}},"7":{"start":{"line":8,"column":0},"end":{"line":8,"column":24}},"8":{"start":{"line":9,"column":0},"end":{"line":9,"column":27}},"9":{"start":{"line":10,"column":0},"end":{"line":10,"column":6}},"10":{"start":{"line":11,"column":0},"end":{"line":11,"column":71}},"11":{"start":{"line":12,"column":0},"end":{"line":12,"column":1}}},"s":{"2":1,"3":1,"5":1,"6":7,"7":7,"8":7,"9":7,"10":7,"11":7},"branchMap":{"0":{"type":"branch","line":6,"loc":{"start":{"line":6,"column":26},"end":{"line":12,"column":1}},"locations":[{"start":{"line":6,"column":26},"end":{"line":12,"column":1}}]}},"b":{"0":[7]},"fnMap":{"0":{"name":"removeItem","decl":{"start":{"line":6,"column":26},"end":{"line":12,"column":1}},"loc":{"start":{"line":6,"column":26},"end":{"line":12,"column":1}},"line":6}},"f":{"0":7}}
,"/var/www/tanstack-query-vue-cache-helpers/packages/react/src/hooks/useTanstackCacheHelpers/helpers/removeSubItem.ts": {"path":"/var/www/tanstack-query-vue-cache-helpers/packages/react/src/hooks/useTanstackCacheHelpers/helpers/removeSubItem.ts","all":false,"statementMap":{"2":{"start":{"line":3,"column":0},"end":{"line":3,"column":87}},"3":{"start":{"line":4,"column":0},"end":{"line":4,"column":40}},"5":{"start":{"line":6,"column":0},"end":{"line":6,"column":57}},"6":{"start":{"line":7,"column":0},"end":{"line":7,"column":30}},"7":{"start":{"line":8,"column":0},"end":{"line":8,"column":24}},"8":{"start":{"line":9,"column":0},"end":{"line":9,"column":33}},"9":{"start":{"line":10,"column":0},"end":{"line":10,"column":6}},"10":{"start":{"line":11,"column":0},"end":{"line":11,"column":74}},"11":{"start":{"line":12,"column":0},"end":{"line":12,"column":1}}},"s":{"2":1,"3":1,"5":1,"6":5,"7":5,"8":5,"9":5,"10":5,"11":5},"branchMap":{"0":{"type":"branch","line":6,"loc":{"start":{"line":6,"column":29},"end":{"line":12,"column":1}},"locations":[{"start":{"line":6,"column":29},"end":{"line":12,"column":1}}]}},"b":{"0":[5]},"fnMap":{"0":{"name":"removeSubItem","decl":{"start":{"line":6,"column":29},"end":{"line":12,"column":1}},"loc":{"start":{"line":6,"column":29},"end":{"line":12,"column":1}},"line":6}},"f":{"0":5}}
,"/var/www/tanstack-query-vue-cache-helpers/packages/react/src/hooks/useTanstackCacheHelpers/helpers/updateItem.ts": {"path":"/var/www/tanstack-query-vue-cache-helpers/packages/react/src/hooks/useTanstackCacheHelpers/helpers/updateItem.ts","all":false,"statementMap":{"2":{"start":{"line":3,"column":0},"end":{"line":3,"column":81}},"3":{"start":{"line":4,"column":0},"end":{"line":4,"column":40}},"5":{"start":{"line":6,"column":0},"end":{"line":6,"column":51}},"6":{"start":{"line":7,"column":0},"end":{"line":7,"column":30}},"7":{"start":{"line":8,"column":0},"end":{"line":8,"column":24}},"8":{"start":{"line":9,"column":0},"end":{"line":9,"column":27}},"9":{"start":{"line":10,"column":0},"end":{"line":10,"column":6}},"10":{"start":{"line":11,"column":0},"end":{"line":11,"column":71}},"11":{"start":{"line":12,"column":0},"end":{"line":12,"column":1}}},"s":{"2":1,"3":1,"5":1,"6":4,"7":4,"8":4,"9":4,"10":4,"11":4},"branchMap":{"0":{"type":"branch","line":6,"loc":{"start":{"line":6,"column":26},"end":{"line":12,"column":1}},"locations":[{"start":{"line":6,"column":26},"end":{"line":12,"column":1}}]}},"b":{"0":[4]},"fnMap":{"0":{"name":"updateItem","decl":{"start":{"line":6,"column":26},"end":{"line":12,"column":1}},"loc":{"start":{"line":6,"column":26},"end":{"line":12,"column":1}},"line":6}},"f":{"0":4}}
}
