{"/var/www/tanstack-query-vue-cache-helpers/packages/vue/src/composables/useTanstackCacheHelpers/helpers/adapter.ts": {"path":"/var/www/tanstack-query-vue-cache-helpers/packages/vue/src/composables/useTanstackCacheHelpers/helpers/adapter.ts","all":false,"statementMap":{"0":{"start":{"line":1,"column":0},"end":{"line":1,"column":30}},"3":{"start":{"line":4,"column":0},"end":{"line":4,"column":46}},"4":{"start":{"line":5,"column":0},"end":{"line":5,"column":30}},"5":{"start":{"line":6,"column":0},"end":{"line":6,"column":1}}},"s":{"0":1,"3":1,"4":1,"5":1},"branchMap":{"0":{"type":"branch","line":5,"loc":{"start":{"line":5,"column":14},"end":{"line":5,"column":30}},"locations":[{"start":{"line":5,"column":14},"end":{"line":5,"column":30}}]}},"b":{"0":[46]},"fnMap":{"0":{"name":"nextTick","decl":{"start":{"line":5,"column":14},"end":{"line":5,"column":30}},"loc":{"start":{"line":5,"column":14},"end":{"line":5,"column":30}},"line":5}},"f":{"0":46}}
,"/var/www/tanstack-query-vue-cache-helpers/packages/vue/src/composables/useTanstackCacheHelpers/helpers/addToCache.ts": {"path":"/var/www/tanstack-query-vue-cache-helpers/packages/vue/src/composables/useTanstackCacheHelpers/helpers/addToCache.ts","all":false,"statementMap":{"0":{"start":{"line":1,"column":0},"end":{"line":1,"column":69}},"5":{"start":{"line":6,"column":0},"end":{"line":6,"column":51}},"6":{"start":{"line":7,"column":0},"end":{"line":7,"column":30}},"7":{"start":{"line":8,"column":0},"end":{"line":8,"column":24}},"8":{"start":{"line":9,"column":0},"end":{"line":9,"column":27}},"9":{"start":{"line":10,"column":0},"end":{"line":10,"column":6}},"10":{"start":{"line":11,"column":0},"end":{"line":11,"column":69}},"11":{"start":{"line":12,"column":0},"end":{"line":12,"column":1}}},"s":{"0":1,"5":1,"6":4,"7":4,"8":4,"9":4,"10":4,"11":4},"branchMap":{"0":{"type":"branch","line":6,"loc":{"start":{"line":6,"column":26},"end":{"line":12,"column":1}},"locations":[{"start":{"line":6,"column":26},"end":{"line":12,"column":1}}]}},"b":{"0":[4]},"fnMap":{"0":{"name":"addToCache","decl":{"start":{"line":6,"column":26},"end":{"line":12,"column":1}},"loc":{"start":{"line":6,"column":26},"end":{"line":12,"column":1}},"line":6}},"f":{"0":4}}
,"/var/www/tanstack-query-vue-cache-helpers/packages/vue/src/composables/useTanstackCacheHelpers/helpers/clearCache.ts": {"path":"/var/www/tanstack-query-vue-cache-helpers/packages/vue/src/composables/useTanstackCacheHelpers/helpers/clearCache.ts","all":false,"statementMap":{"0":{"start":{"line":1,"column":0},"end":{"line":1,"column":69}},"4":{"start":{"line":5,"column":0},"end":{"line":5,"column":33}},"5":{"start":{"line":6,"column":0},"end":{"line":6,"column":30}},"6":{"start":{"line":7,"column":0},"end":{"line":7,"column":24}},"7":{"start":{"line":8,"column":0},"end":{"line":8,"column":6}},"8":{"start":{"line":9,"column":0},"end":{"line":9,"column":60}},"9":{"start":{"line":10,"column":0},"end":{"line":10,"column":1}}},"s":{"0":1,"4":1,"5":1,"6":1,"7":1,"8":1,"9":1},"branchMap":{"0":{"type":"branch","line":5,"loc":{"start":{"line":5,"column":26},"end":{"line":10,"column":1}},"locations":[{"start":{"line":5,"column":26},"end":{"line":10,"column":1}}]}},"b":{"0":[1]},"fnMap":{"0":{"name":"clearCache","decl":{"start":{"line":5,"column":26},"end":{"line":10,"column":1}},"loc":{"start":{"line":5,"column":26},"end":{"line":10,"column":1}},"line":5}},"f":{"0":1}}
,"/var/www/tanstack-query-vue-cache-helpers/packages/vue/src/composables/useTanstackCacheHelpers/helpers/refreshCache.ts": {"path":"/var/www/tanstack-query-vue-cache-helpers/packages/vue/src/composables/useTanstackCacheHelpers/helpers/refreshCache.ts","all":false,"statementMap":{"0":{"start":{"line":1,"column":0},"end":{"line":1,"column":69}},"5":{"start":{"line":6,"column":0},"end":{"line":6,"column":53}},"6":{"start":{"line":7,"column":0},"end":{"line":7,"column":30}},"7":{"start":{"line":8,"column":0},"end":{"line":8,"column":24}},"8":{"start":{"line":9,"column":0},"end":{"line":9,"column":29}},"9":{"start":{"line":10,"column":0},"end":{"line":10,"column":6}},"10":{"start":{"line":11,"column":0},"end":{"line":11,"column":71}},"11":{"start":{"line":12,"column":0},"end":{"line":12,"column":1}}},"s":{"0":1,"5":1,"6":17,"7":17,"8":17,"9":17,"10":17,"11":17},"branchMap":{"0":{"type":"branch","line":6,"loc":{"start":{"line":6,"column":28},"end":{"line":12,"column":1}},"locations":[{"start":{"line":6,"column":28},"end":{"line":12,"column":1}}]}},"b":{"0":[17]},"fnMap":{"0":{"name":"refreshCache","decl":{"start":{"line":6,"column":28},"end":{"line":12,"column":1}},"loc":{"start":{"line":6,"column":28},"end":{"line":12,"column":1}},"line":6}},"f":{"0":17}}
,"/var/www/tanstack-query-vue-cache-helpers/packages/vue/src/composables/useTanstackCacheHelpers/helpers/refreshDeepItem.ts": {"path":"/var/www/tanstack-query-vue-cache-helpers/packages/vue/src/composables/useTanstackCacheHelpers/helpers/refreshDeepItem.ts","all":false,"statementMap":{"0":{"start":{"line":1,"column":0},"end":{"line":1,"column":69}},"5":{"start":{"line":6,"column":0},"end":{"line":6,"column":56}},"6":{"start":{"line":7,"column":0},"end":{"line":7,"column":30}},"7":{"start":{"line":8,"column":0},"end":{"line":8,"column":24}},"8":{"start":{"line":9,"column":0},"end":{"line":9,"column":32}},"9":{"start":{"line":10,"column":0},"end":{"line":10,"column":6}},"10":{"start":{"line":11,"column":0},"end":{"line":11,"column":74}},"11":{"start":{"line":12,"column":0},"end":{"line":12,"column":1}}},"s":{"0":1,"5":1,"6":3,"7":3,"8":3,"9":3,"10":3,"11":3},"branchMap":{"0":{"type":"branch","line":6,"loc":{"start":{"line":6,"column":31},"end":{"line":12,"column":1}},"locations":[{"start":{"line":6,"column":31},"end":{"line":12,"column":1}}]}},"b":{"0":[3]},"fnMap":{"0":{"name":"refreshDeepItem","decl":{"start":{"line":6,"column":31},"end":{"line":12,"column":1}},"loc":{"start":{"line":6,"column":31},"end":{"line":12,"column":1}},"line":6}},"f":{"0":3}}
,"/var/www/tanstack-query-vue-cache-helpers/packages/vue/src/composables/useTanstackCacheHelpers/helpers/refreshPartialItem.ts": {"path":"/var/www/tanstack-query-vue-cache-helpers/packages/vue/src/composables/useTanstackCacheHelpers/helpers/refreshPartialItem.ts","all":false,"statementMap":{"0":{"start":{"line":1,"column":0},"end":{"line":1,"column":69}},"5":{"start":{"line":6,"column":0},"end":{"line":6,"column":62}},"6":{"start":{"line":7,"column":0},"end":{"line":7,"column":30}},"7":{"start":{"line":8,"column":0},"end":{"line":8,"column":24}},"8":{"start":{"line":9,"column":0},"end":{"line":9,"column":38}},"9":{"start":{"line":10,"column":0},"end":{"line":10,"column":6}},"10":{"start":{"line":11,"column":0},"end":{"line":11,"column":77}},"11":{"start":{"line":12,"column":0},"end":{"line":12,"column":1}}},"s":{"0":1,"5":1,"6":5,"7":5,"8":5,"9":5,"10":5,"11":5},"branchMap":{"0":{"type":"branch","line":6,"loc":{"start":{"line":6,"column":34},"end":{"line":12,"column":1}},"locations":[{"start":{"line":6,"column":34},"end":{"line":12,"column":1}}]}},"b":{"0":[5]},"fnMap":{"0":{"name":"refreshPartialItem","decl":{"start":{"line":6,"column":34},"end":{"line":12,"column":1}},"loc":{"start":{"line":6,"column":34},"end":{"line":12,"column":1}},"line":6}},"f":{"0":5}}
,"/var/www/tanstack-query-vue-cache-helpers/packages/vue/src/composables/useTanstackCacheHelpers/helpers/removeDeepItem.ts": {"path":"/var/www/tanstack-query-vue-cache-helpers/packages/vue/src/composables/useTanstackCacheHelpers/helpers/removeDeepItem.ts","all":false,"statementMap":{"0":{"start":{"line":1,"column":0},"end":{"line":1,"column":69}},"5":{"start":{"line":6,"column":0},"end":{"line":6,"column":55}},"6":{"start":{"line":7,"column":0},"end":{"line":7,"column":30}},"7":{"start":{"line":8,"column":0},"end":{"line":8,"column":24}},"8":{"start":{"line":9,"column":0},"end":{"line":9,"column":31}},"9":{"start":{"line":10,"column":0},"end":{"line":10,"column":6}},"10":{"start":{"line":11,"column":0},"end":{"line":11,"column":73}},"11":{"start":{"line":12,"column":0},"end":{"line":12,"column":1}}},"s":{"0":1,"5":1,"6":4,"7":4,"8":4,"9":4,"10":4,"11":4},"branchMap":{"0":{"type":"branch","line":6,"loc":{"start":{"line":6,"column":30},"end":{"line":12,"column":1}},"locations":[{"start":{"line":6,"column":30},"end":{"line":12,"column":1}}]}},"b":{"0":[4]},"fnMap":{"0":{"name":"removeDeepItem","decl":{"start":{"line":6,"column":30},"end":{"line":12,"column":1}},"loc":{"start":{"line":6,"column":30},"end":{"line":12,"column":1}},"line":6}},"f":{"0":4}}
,"/var/www/tanstack-query-vue-cache-helpers/packages/vue/src/composables/useTanstackCacheHelpers/helpers/removeItem.ts": {"path":"/var/www/tanstack-query-vue-cache-helpers/packages/vue/src/composables/useTanstackCacheHelpers/helpers/removeItem.ts","all":false,"statementMap":{"0":{"start":{"line":1,"column":0},"end":{"line":1,"column":69}},"5":{"start":{"line":6,"column":0},"end":{"line":6,"column":51}},"6":{"start":{"line":7,"column":0},"end":{"line":7,"column":30}},"7":{"start":{"line":8,"column":0},"end":{"line":8,"column":24}},"8":{"start":{"line":9,"column":0},"end":{"line":9,"column":27}},"9":{"start":{"line":10,"column":0},"end":{"line":10,"column":6}},"10":{"start":{"line":11,"column":0},"end":{"line":11,"column":69}},"11":{"start":{"line":12,"column":0},"end":{"line":12,"column":1}}},"s":{"0":1,"5":1,"6":8,"7":8,"8":8,"9":8,"10":8,"11":8},"branchMap":{"0":{"type":"branch","line":6,"loc":{"start":{"line":6,"column":26},"end":{"line":12,"column":1}},"locations":[{"start":{"line":6,"column":26},"end":{"line":12,"column":1}}]}},"b":{"0":[8]},"fnMap":{"0":{"name":"removeItem","decl":{"start":{"line":6,"column":26},"end":{"line":12,"column":1}},"loc":{"start":{"line":6,"column":26},"end":{"line":12,"column":1}},"line":6}},"f":{"0":8}}
,"/var/www/tanstack-query-vue-cache-helpers/packages/vue/src/composables/useTanstackCacheHelpers/helpers/removeSubItem.ts": {"path":"/var/www/tanstack-query-vue-cache-helpers/packages/vue/src/composables/useTanstackCacheHelpers/helpers/removeSubItem.ts","all":false,"statementMap":{"0":{"start":{"line":1,"column":0},"end":{"line":1,"column":69}},"5":{"start":{"line":6,"column":0},"end":{"line":6,"column":57}},"6":{"start":{"line":7,"column":0},"end":{"line":7,"column":30}},"7":{"start":{"line":8,"column":0},"end":{"line":8,"column":24}},"8":{"start":{"line":9,"column":0},"end":{"line":9,"column":33}},"9":{"start":{"line":10,"column":0},"end":{"line":10,"column":6}},"10":{"start":{"line":11,"column":0},"end":{"line":11,"column":72}},"11":{"start":{"line":12,"column":0},"end":{"line":12,"column":1}}},"s":{"0":1,"5":1,"6":4,"7":4,"8":4,"9":4,"10":4,"11":4},"branchMap":{"0":{"type":"branch","line":6,"loc":{"start":{"line":6,"column":29},"end":{"line":12,"column":1}},"locations":[{"start":{"line":6,"column":29},"end":{"line":12,"column":1}}]}},"b":{"0":[4]},"fnMap":{"0":{"name":"removeSubItem","decl":{"start":{"line":6,"column":29},"end":{"line":12,"column":1}},"loc":{"start":{"line":6,"column":29},"end":{"line":12,"column":1}},"line":6}},"f":{"0":4}}
,"/var/www/tanstack-query-vue-cache-helpers/packages/vue/src/composables/useTanstackCacheHelpers/helpers/updateItem.ts": {"path":"/var/www/tanstack-query-vue-cache-helpers/packages/vue/src/composables/useTanstackCacheHelpers/helpers/updateItem.ts","all":false,"statementMap":{"0":{"start":{"line":1,"column":0},"end":{"line":1,"column":69}},"5":{"start":{"line":6,"column":0},"end":{"line":6,"column":51}},"6":{"start":{"line":7,"column":0},"end":{"line":7,"column":30}},"7":{"start":{"line":8,"column":0},"end":{"line":8,"column":24}},"8":{"start":{"line":9,"column":0},"end":{"line":9,"column":27}},"9":{"start":{"line":10,"column":0},"end":{"line":10,"column":6}},"10":{"start":{"line":11,"column":0},"end":{"line":11,"column":69}},"11":{"start":{"line":12,"column":0},"end":{"line":12,"column":1}}},"s":{"0":1,"5":1,"6":3,"7":3,"8":3,"9":3,"10":3,"11":3},"branchMap":{"0":{"type":"branch","line":6,"loc":{"start":{"line":6,"column":26},"end":{"line":12,"column":1}},"locations":[{"start":{"line":6,"column":26},"end":{"line":12,"column":1}}]}},"b":{"0":[3]},"fnMap":{"0":{"name":"updateItem","decl":{"start":{"line":6,"column":26},"end":{"line":12,"column":1}},"loc":{"start":{"line":6,"column":26},"end":{"line":12,"column":1}},"line":6}},"f":{"0":3}}
}
