{"/var/www/tanstack-query-vue-cache-helpers/packages/vue/src/index.ts": {"path":"/var/www/tanstack-query-vue-cache-helpers/packages/vue/src/index.ts","all":true,"statementMap":{"0":{"start":{"line":1,"column":0},"end":{"line":1,"column":53}}},"s":{"0":0},"branchMap":{"0":{"type":"branch","line":1,"loc":{"start":{"line":1,"column":0},"end":{"line":1,"column":14}},"locations":[{"start":{"line":1,"column":0},"end":{"line":1,"column":14}}]}},"b":{"0":[0]},"fnMap":{"0":{"name":"(empty-report)","decl":{"start":{"line":1,"column":0},"end":{"line":1,"column":14}},"loc":{"start":{"line":1,"column":0},"end":{"line":1,"column":14}},"line":1}},"f":{"0":0}}
,"/var/www/tanstack-query-vue-cache-helpers/packages/vue/src/composables/useTanstackCacheHelpers/index.ts": {"path":"/var/www/tanstack-query-vue-cache-helpers/packages/vue/src/composables/useTanstackCacheHelpers/index.ts","all":false,"statementMap":{"0":{"start":{"line":1,"column":0},"end":{"line":1,"column":51}},"23":{"start":{"line":24,"column":0},"end":{"line":24,"column":158}},"24":{"start":{"line":25,"column":0},"end":{"line":25,"column":40}},"26":{"start":{"line":27,"column":0},"end":{"line":27,"column":12}},"27":{"start":{"line":28,"column":0},"end":{"line":28,"column":20}},"28":{"start":{"line":29,"column":0},"end":{"line":29,"column":76}},"29":{"start":{"line":30,"column":0},"end":{"line":30,"column":95}},"30":{"start":{"line":31,"column":0},"end":{"line":31,"column":95}},"31":{"start":{"line":32,"column":0},"end":{"line":32,"column":60}},"32":{"start":{"line":33,"column":0},"end":{"line":33,"column":101}},"33":{"start":{"line":34,"column":0},"end":{"line":34,"column":110}},"34":{"start":{"line":35,"column":0},"end":{"line":35,"column":125}},"35":{"start":{"line":36,"column":0},"end":{"line":36,"column":107}},"36":{"start":{"line":37,"column":0},"end":{"line":37,"column":95}},"37":{"start":{"line":38,"column":0},"end":{"line":38,"column":110}},"38":{"start":{"line":39,"column":0},"end":{"line":39,"column":5}},"39":{"start":{"line":40,"column":0},"end":{"line":40,"column":1}}},"s":{"0":1,"23":1,"24":36,"26":36,"27":36,"28":36,"29":36,"30":36,"31":36,"32":36,"33":36,"34":36,"35":36,"36":36,"37":36,"38":36,"39":36},"branchMap":{"0":{"type":"branch","line":24,"loc":{"start":{"line":24,"column":39},"end":{"line":40,"column":1}},"locations":[{"start":{"line":24,"column":39},"end":{"line":40,"column":1}}]},"1":{"type":"branch","line":29,"loc":{"start":{"line":29,"column":28},"end":{"line":29,"column":76}},"locations":[{"start":{"line":29,"column":28},"end":{"line":29,"column":76}}]},"2":{"type":"branch","line":30,"loc":{"start":{"line":30,"column":20},"end":{"line":30,"column":95}},"locations":[{"start":{"line":30,"column":20},"end":{"line":30,"column":95}}]},"3":{"type":"branch","line":31,"loc":{"start":{"line":31,"column":20},"end":{"line":31,"column":95}},"locations":[{"start":{"line":31,"column":20},"end":{"line":31,"column":95}}]},"4":{"type":"branch","line":32,"loc":{"start":{"line":32,"column":20},"end":{"line":32,"column":60}},"locations":[{"start":{"line":32,"column":20},"end":{"line":32,"column":60}}]},"5":{"type":"branch","line":33,"loc":{"start":{"line":33,"column":22},"end":{"line":33,"column":101}},"locations":[{"start":{"line":33,"column":22},"end":{"line":33,"column":101}}]},"6":{"type":"branch","line":34,"loc":{"start":{"line":34,"column":25},"end":{"line":34,"column":110}},"locations":[{"start":{"line":34,"column":25},"end":{"line":34,"column":110}}]},"7":{"type":"branch","line":35,"loc":{"start":{"line":35,"column":28},"end":{"line":35,"column":125}},"locations":[{"start":{"line":35,"column":28},"end":{"line":35,"column":125}}]},"8":{"type":"branch","line":36,"loc":{"start":{"line":36,"column":24},"end":{"line":36,"column":107}},"locations":[{"start":{"line":36,"column":24},"end":{"line":36,"column":107}}]},"9":{"type":"branch","line":37,"loc":{"start":{"line":37,"column":20},"end":{"line":37,"column":95}},"locations":[{"start":{"line":37,"column":20},"end":{"line":37,"column":95}}]},"10":{"type":"branch","line":38,"loc":{"start":{"line":38,"column":23},"end":{"line":38,"column":110}},"locations":[{"start":{"line":38,"column":23},"end":{"line":38,"column":110}}]}},"b":{"0":[36],"1":[36],"2":[4],"3":[3],"4":[1],"5":[16],"6":[3],"7":[5],"8":[4],"9":[8],"10":[4]},"fnMap":{"0":{"name":"useTanstackCacheHelpers","decl":{"start":{"line":24,"column":39},"end":{"line":40,"column":1}},"loc":{"start":{"line":24,"column":39},"end":{"line":40,"column":1}},"line":24},"1":{"name":"isQueryInitialized","decl":{"start":{"line":29,"column":28},"end":{"line":29,"column":76}},"loc":{"start":{"line":29,"column":28},"end":{"line":29,"column":76}},"line":29},"2":{"name":"addToCache","decl":{"start":{"line":30,"column":20},"end":{"line":30,"column":95}},"loc":{"start":{"line":30,"column":20},"end":{"line":30,"column":95}},"line":30},"3":{"name":"updateItem","decl":{"start":{"line":31,"column":20},"end":{"line":31,"column":95}},"loc":{"start":{"line":31,"column":20},"end":{"line":31,"column":95}},"line":31},"4":{"name":"clearCache","decl":{"start":{"line":32,"column":20},"end":{"line":32,"column":60}},"loc":{"start":{"line":32,"column":20},"end":{"line":32,"column":60}},"line":32},"5":{"name":"refreshCache","decl":{"start":{"line":33,"column":22},"end":{"line":33,"column":101}},"loc":{"start":{"line":33,"column":22},"end":{"line":33,"column":101}},"line":33},"6":{"name":"refreshDeepItem","decl":{"start":{"line":34,"column":25},"end":{"line":34,"column":110}},"loc":{"start":{"line":34,"column":25},"end":{"line":34,"column":110}},"line":34},"7":{"name":"refreshPartialItem","decl":{"start":{"line":35,"column":28},"end":{"line":35,"column":125}},"loc":{"start":{"line":35,"column":28},"end":{"line":35,"column":125}},"line":35},"8":{"name":"removeDeepItem","decl":{"start":{"line":36,"column":24},"end":{"line":36,"column":107}},"loc":{"start":{"line":36,"column":24},"end":{"line":36,"column":107}},"line":36},"9":{"name":"removeItem","decl":{"start":{"line":37,"column":20},"end":{"line":37,"column":95}},"loc":{"start":{"line":37,"column":20},"end":{"line":37,"column":95}},"line":37},"10":{"name":"removeSubItem","decl":{"start":{"line":38,"column":23},"end":{"line":38,"column":110}},"loc":{"start":{"line":38,"column":23},"end":{"line":38,"column":110}},"line":38}},"f":{"0":36,"1":36,"2":4,"3":3,"4":1,"5":16,"6":3,"7":5,"8":4,"9":8,"10":4}}
,"/var/www/tanstack-query-vue-cache-helpers/packages/vue/src/composables/useTanstackCacheHelpers/types.ts": {"path":"/var/www/tanstack-query-vue-cache-helpers/packages/vue/src/composables/useTanstackCacheHelpers/types.ts","all":true,"statementMap":{},"s":{},"branchMap":{"0":{"type":"branch","line":1,"loc":{"start":{"line":1,"column":1111},"end":{"line":52,"column":1}},"locations":[{"start":{"line":1,"column":1111},"end":{"line":52,"column":1}}]}},"b":{"0":[1]},"fnMap":{"0":{"name":"(empty-report)","decl":{"start":{"line":1,"column":1111},"end":{"line":52,"column":1}},"loc":{"start":{"line":1,"column":1111},"end":{"line":52,"column":1}},"line":1}},"f":{"0":1}}
,"/var/www/tanstack-query-vue-cache-helpers/packages/vue/src/composables/useTanstackCacheHelpers/utils.ts": {"path":"/var/www/tanstack-query-vue-cache-helpers/packages/vue/src/composables/useTanstackCacheHelpers/utils.ts","all":true,"statementMap":{"2":{"start":{"line":3,"column":0},"end":{"line":3,"column":72}},"3":{"start":{"line":4,"column":0},"end":{"line":4,"column":18}},"4":{"start":{"line":5,"column":0},"end":{"line":5,"column":151}},"5":{"start":{"line":6,"column":0},"end":{"line":6,"column":12}},"6":{"start":{"line":7,"column":0},"end":{"line":7,"column":5}},"7":{"start":{"line":8,"column":0},"end":{"line":8,"column":1}},"9":{"start":{"line":10,"column":0},"end":{"line":10,"column":77}},"10":{"start":{"line":11,"column":0},"end":{"line":11,"column":52}},"11":{"start":{"line":12,"column":0},"end":{"line":12,"column":30}},"12":{"start":{"line":13,"column":0},"end":{"line":13,"column":1}}},"s":{"2":0,"3":0,"4":0,"5":0,"6":0,"7":0,"9":0,"10":0,"11":0,"12":0},"branchMap":{"0":{"type":"branch","line":1,"loc":{"start":{"line":1,"column":60},"end":{"line":13,"column":-34}},"locations":[{"start":{"line":1,"column":60},"end":{"line":13,"column":-34}}]}},"b":{"0":[1]},"fnMap":{"0":{"name":"(empty-report)","decl":{"start":{"line":1,"column":60},"end":{"line":13,"column":-34}},"loc":{"start":{"line":1,"column":60},"end":{"line":13,"column":-34}},"line":1}},"f":{"0":1}}
,"/var/www/tanstack-query-vue-cache-helpers/packages/vue/src/composables/useTanstackCacheHelpers/helpers/adapter.ts": {"path":"/var/www/tanstack-query-vue-cache-helpers/packages/vue/src/composables/useTanstackCacheHelpers/helpers/adapter.ts","all":false,"statementMap":{"0":{"start":{"line":1,"column":0},"end":{"line":1,"column":30}},"3":{"start":{"line":4,"column":0},"end":{"line":4,"column":46}},"4":{"start":{"line":5,"column":0},"end":{"line":5,"column":30}},"5":{"start":{"line":6,"column":0},"end":{"line":6,"column":1}}},"s":{"0":1,"3":1,"4":1,"5":1},"branchMap":{"0":{"type":"branch","line":5,"loc":{"start":{"line":5,"column":14},"end":{"line":5,"column":30}},"locations":[{"start":{"line":5,"column":14},"end":{"line":5,"column":30}}]}},"b":{"0":[46]},"fnMap":{"0":{"name":"nextTick","decl":{"start":{"line":5,"column":14},"end":{"line":5,"column":30}},"loc":{"start":{"line":5,"column":14},"end":{"line":5,"column":30}},"line":5}},"f":{"0":46}}
,"/var/www/tanstack-query-vue-cache-helpers/packages/vue/src/composables/useTanstackCacheHelpers/helpers/addToCache.ts": {"path":"/var/www/tanstack-query-vue-cache-helpers/packages/vue/src/composables/useTanstackCacheHelpers/helpers/addToCache.ts","all":false,"statementMap":{"0":{"start":{"line":1,"column":0},"end":{"line":1,"column":69}},"5":{"start":{"line":6,"column":0},"end":{"line":6,"column":51}},"6":{"start":{"line":7,"column":0},"end":{"line":7,"column":30}},"7":{"start":{"line":8,"column":0},"end":{"line":8,"column":24}},"8":{"start":{"line":9,"column":0},"end":{"line":9,"column":27}},"9":{"start":{"line":10,"column":0},"end":{"line":10,"column":6}},"10":{"start":{"line":11,"column":0},"end":{"line":11,"column":69}},"11":{"start":{"line":12,"column":0},"end":{"line":12,"column":1}}},"s":{"0":1,"5":1,"6":4,"7":4,"8":4,"9":4,"10":4,"11":4},"branchMap":{"0":{"type":"branch","line":6,"loc":{"start":{"line":6,"column":26},"end":{"line":12,"column":1}},"locations":[{"start":{"line":6,"column":26},"end":{"line":12,"column":1}}]}},"b":{"0":[4]},"fnMap":{"0":{"name":"addToCache","decl":{"start":{"line":6,"column":26},"end":{"line":12,"column":1}},"loc":{"start":{"line":6,"column":26},"end":{"line":12,"column":1}},"line":6}},"f":{"0":4}}
,"/var/www/tanstack-query-vue-cache-helpers/packages/vue/src/composables/useTanstackCacheHelpers/helpers/clearCache.ts": {"path":"/var/www/tanstack-query-vue-cache-helpers/packages/vue/src/composables/useTanstackCacheHelpers/helpers/clearCache.ts","all":false,"statementMap":{"0":{"start":{"line":1,"column":0},"end":{"line":1,"column":69}},"4":{"start":{"line":5,"column":0},"end":{"line":5,"column":33}},"5":{"start":{"line":6,"column":0},"end":{"line":6,"column":30}},"6":{"start":{"line":7,"column":0},"end":{"line":7,"column":24}},"7":{"start":{"line":8,"column":0},"end":{"line":8,"column":6}},"8":{"start":{"line":9,"column":0},"end":{"line":9,"column":60}},"9":{"start":{"line":10,"column":0},"end":{"line":10,"column":1}}},"s":{"0":1,"4":1,"5":1,"6":1,"7":1,"8":1,"9":1},"branchMap":{"0":{"type":"branch","line":5,"loc":{"start":{"line":5,"column":26},"end":{"line":10,"column":1}},"locations":[{"start":{"line":5,"column":26},"end":{"line":10,"column":1}}]}},"b":{"0":[1]},"fnMap":{"0":{"name":"clearCache","decl":{"start":{"line":5,"column":26},"end":{"line":10,"column":1}},"loc":{"start":{"line":5,"column":26},"end":{"line":10,"column":1}},"line":5}},"f":{"0":1}}
,"/var/www/tanstack-query-vue-cache-helpers/packages/vue/src/composables/useTanstackCacheHelpers/helpers/index.ts": {"path":"/var/www/tanstack-query-vue-cache-helpers/packages/vue/src/composables/useTanstackCacheHelpers/helpers/index.ts","all":true,"statementMap":{"0":{"start":{"line":1,"column":0},"end":{"line":1,"column":25}},"1":{"start":{"line":2,"column":0},"end":{"line":2,"column":29}},"2":{"start":{"line":3,"column":0},"end":{"line":3,"column":28}},"3":{"start":{"line":4,"column":0},"end":{"line":4,"column":28}},"4":{"start":{"line":5,"column":0},"end":{"line":5,"column":30}},"5":{"start":{"line":6,"column":0},"end":{"line":6,"column":33}},"6":{"start":{"line":7,"column":0},"end":{"line":7,"column":36}},"7":{"start":{"line":8,"column":0},"end":{"line":8,"column":32}},"8":{"start":{"line":9,"column":0},"end":{"line":9,"column":28}},"9":{"start":{"line":10,"column":0},"end":{"line":10,"column":31}}},"s":{"0":0,"1":0,"2":0,"3":0,"4":0,"5":0,"6":0,"7":0,"8":0,"9":0},"branchMap":{"0":{"type":"branch","line":1,"loc":{"start":{"line":1,"column":309},"end":{"line":10,"column":31}},"locations":[{"start":{"line":1,"column":309},"end":{"line":10,"column":31}}]}},"b":{"0":[0]},"fnMap":{"0":{"name":"(empty-report)","decl":{"start":{"line":1,"column":309},"end":{"line":10,"column":31}},"loc":{"start":{"line":1,"column":309},"end":{"line":10,"column":31}},"line":1}},"f":{"0":0}}
,"/var/www/tanstack-query-vue-cache-helpers/packages/vue/src/composables/useTanstackCacheHelpers/helpers/refreshCache.ts": {"path":"/var/www/tanstack-query-vue-cache-helpers/packages/vue/src/composables/useTanstackCacheHelpers/helpers/refreshCache.ts","all":false,"statementMap":{"0":{"start":{"line":1,"column":0},"end":{"line":1,"column":69}},"5":{"start":{"line":6,"column":0},"end":{"line":6,"column":53}},"6":{"start":{"line":7,"column":0},"end":{"line":7,"column":30}},"7":{"start":{"line":8,"column":0},"end":{"line":8,"column":24}},"8":{"start":{"line":9,"column":0},"end":{"line":9,"column":29}},"9":{"start":{"line":10,"column":0},"end":{"line":10,"column":6}},"10":{"start":{"line":11,"column":0},"end":{"line":11,"column":71}},"11":{"start":{"line":12,"column":0},"end":{"line":12,"column":1}}},"s":{"0":1,"5":1,"6":16,"7":16,"8":16,"9":16,"10":16,"11":16},"branchMap":{"0":{"type":"branch","line":6,"loc":{"start":{"line":6,"column":28},"end":{"line":12,"column":1}},"locations":[{"start":{"line":6,"column":28},"end":{"line":12,"column":1}}]}},"b":{"0":[16]},"fnMap":{"0":{"name":"refreshCache","decl":{"start":{"line":6,"column":28},"end":{"line":12,"column":1}},"loc":{"start":{"line":6,"column":28},"end":{"line":12,"column":1}},"line":6}},"f":{"0":16}}
,"/var/www/tanstack-query-vue-cache-helpers/packages/vue/src/composables/useTanstackCacheHelpers/helpers/refreshDeepItem.ts": {"path":"/var/www/tanstack-query-vue-cache-helpers/packages/vue/src/composables/useTanstackCacheHelpers/helpers/refreshDeepItem.ts","all":false,"statementMap":{"0":{"start":{"line":1,"column":0},"end":{"line":1,"column":69}},"5":{"start":{"line":6,"column":0},"end":{"line":6,"column":56}},"6":{"start":{"line":7,"column":0},"end":{"line":7,"column":30}},"7":{"start":{"line":8,"column":0},"end":{"line":8,"column":24}},"8":{"start":{"line":9,"column":0},"end":{"line":9,"column":32}},"9":{"start":{"line":10,"column":0},"end":{"line":10,"column":6}},"10":{"start":{"line":11,"column":0},"end":{"line":11,"column":74}},"11":{"start":{"line":12,"column":0},"end":{"line":12,"column":1}}},"s":{"0":1,"5":1,"6":3,"7":3,"8":3,"9":3,"10":3,"11":3},"branchMap":{"0":{"type":"branch","line":6,"loc":{"start":{"line":6,"column":31},"end":{"line":12,"column":1}},"locations":[{"start":{"line":6,"column":31},"end":{"line":12,"column":1}}]}},"b":{"0":[3]},"fnMap":{"0":{"name":"refreshDeepItem","decl":{"start":{"line":6,"column":31},"end":{"line":12,"column":1}},"loc":{"start":{"line":6,"column":31},"end":{"line":12,"column":1}},"line":6}},"f":{"0":3}}
,"/var/www/tanstack-query-vue-cache-helpers/packages/vue/src/composables/useTanstackCacheHelpers/helpers/refreshPartialItem.ts": {"path":"/var/www/tanstack-query-vue-cache-helpers/packages/vue/src/composables/useTanstackCacheHelpers/helpers/refreshPartialItem.ts","all":false,"statementMap":{"0":{"start":{"line":1,"column":0},"end":{"line":1,"column":69}},"5":{"start":{"line":6,"column":0},"end":{"line":6,"column":62}},"6":{"start":{"line":7,"column":0},"end":{"line":7,"column":30}},"7":{"start":{"line":8,"column":0},"end":{"line":8,"column":24}},"8":{"start":{"line":9,"column":0},"end":{"line":9,"column":38}},"9":{"start":{"line":10,"column":0},"end":{"line":10,"column":6}},"10":{"start":{"line":11,"column":0},"end":{"line":11,"column":77}},"11":{"start":{"line":12,"column":0},"end":{"line":12,"column":1}}},"s":{"0":1,"5":1,"6":5,"7":5,"8":5,"9":5,"10":5,"11":5},"branchMap":{"0":{"type":"branch","line":6,"loc":{"start":{"line":6,"column":34},"end":{"line":12,"column":1}},"locations":[{"start":{"line":6,"column":34},"end":{"line":12,"column":1}}]}},"b":{"0":[5]},"fnMap":{"0":{"name":"refreshPartialItem","decl":{"start":{"line":6,"column":34},"end":{"line":12,"column":1}},"loc":{"start":{"line":6,"column":34},"end":{"line":12,"column":1}},"line":6}},"f":{"0":5}}
,"/var/www/tanstack-query-vue-cache-helpers/packages/vue/src/composables/useTanstackCacheHelpers/helpers/removeDeepItem.ts": {"path":"/var/www/tanstack-query-vue-cache-helpers/packages/vue/src/composables/useTanstackCacheHelpers/helpers/removeDeepItem.ts","all":false,"statementMap":{"0":{"start":{"line":1,"column":0},"end":{"line":1,"column":69}},"5":{"start":{"line":6,"column":0},"end":{"line":6,"column":55}},"6":{"start":{"line":7,"column":0},"end":{"line":7,"column":30}},"7":{"start":{"line":8,"column":0},"end":{"line":8,"column":24}},"8":{"start":{"line":9,"column":0},"end":{"line":9,"column":31}},"9":{"start":{"line":10,"column":0},"end":{"line":10,"column":6}},"10":{"start":{"line":11,"column":0},"end":{"line":11,"column":73}},"11":{"start":{"line":12,"column":0},"end":{"line":12,"column":1}}},"s":{"0":1,"5":1,"6":4,"7":4,"8":4,"9":4,"10":4,"11":4},"branchMap":{"0":{"type":"branch","line":6,"loc":{"start":{"line":6,"column":30},"end":{"line":12,"column":1}},"locations":[{"start":{"line":6,"column":30},"end":{"line":12,"column":1}}]}},"b":{"0":[4]},"fnMap":{"0":{"name":"removeDeepItem","decl":{"start":{"line":6,"column":30},"end":{"line":12,"column":1}},"loc":{"start":{"line":6,"column":30},"end":{"line":12,"column":1}},"line":6}},"f":{"0":4}}
,"/var/www/tanstack-query-vue-cache-helpers/packages/vue/src/composables/useTanstackCacheHelpers/helpers/removeItem.ts": {"path":"/var/www/tanstack-query-vue-cache-helpers/packages/vue/src/composables/useTanstackCacheHelpers/helpers/removeItem.ts","all":false,"statementMap":{"0":{"start":{"line":1,"column":0},"end":{"line":1,"column":69}},"5":{"start":{"line":6,"column":0},"end":{"line":6,"column":51}},"6":{"start":{"line":7,"column":0},"end":{"line":7,"column":30}},"7":{"start":{"line":8,"column":0},"end":{"line":8,"column":24}},"8":{"start":{"line":9,"column":0},"end":{"line":9,"column":27}},"9":{"start":{"line":10,"column":0},"end":{"line":10,"column":6}},"10":{"start":{"line":11,"column":0},"end":{"line":11,"column":69}},"11":{"start":{"line":12,"column":0},"end":{"line":12,"column":1}}},"s":{"0":1,"5":1,"6":8,"7":8,"8":8,"9":8,"10":8,"11":8},"branchMap":{"0":{"type":"branch","line":6,"loc":{"start":{"line":6,"column":26},"end":{"line":12,"column":1}},"locations":[{"start":{"line":6,"column":26},"end":{"line":12,"column":1}}]}},"b":{"0":[8]},"fnMap":{"0":{"name":"removeItem","decl":{"start":{"line":6,"column":26},"end":{"line":12,"column":1}},"loc":{"start":{"line":6,"column":26},"end":{"line":12,"column":1}},"line":6}},"f":{"0":8}}
,"/var/www/tanstack-query-vue-cache-helpers/packages/vue/src/composables/useTanstackCacheHelpers/helpers/removeSubItem.ts": {"path":"/var/www/tanstack-query-vue-cache-helpers/packages/vue/src/composables/useTanstackCacheHelpers/helpers/removeSubItem.ts","all":false,"statementMap":{"0":{"start":{"line":1,"column":0},"end":{"line":1,"column":69}},"5":{"start":{"line":6,"column":0},"end":{"line":6,"column":57}},"6":{"start":{"line":7,"column":0},"end":{"line":7,"column":30}},"7":{"start":{"line":8,"column":0},"end":{"line":8,"column":24}},"8":{"start":{"line":9,"column":0},"end":{"line":9,"column":33}},"9":{"start":{"line":10,"column":0},"end":{"line":10,"column":6}},"10":{"start":{"line":11,"column":0},"end":{"line":11,"column":72}},"11":{"start":{"line":12,"column":0},"end":{"line":12,"column":1}}},"s":{"0":1,"5":1,"6":4,"7":4,"8":4,"9":4,"10":4,"11":4},"branchMap":{"0":{"type":"branch","line":6,"loc":{"start":{"line":6,"column":29},"end":{"line":12,"column":1}},"locations":[{"start":{"line":6,"column":29},"end":{"line":12,"column":1}}]}},"b":{"0":[4]},"fnMap":{"0":{"name":"removeSubItem","decl":{"start":{"line":6,"column":29},"end":{"line":12,"column":1}},"loc":{"start":{"line":6,"column":29},"end":{"line":12,"column":1}},"line":6}},"f":{"0":4}}
,"/var/www/tanstack-query-vue-cache-helpers/packages/vue/src/composables/useTanstackCacheHelpers/helpers/updateItem.ts": {"path":"/var/www/tanstack-query-vue-cache-helpers/packages/vue/src/composables/useTanstackCacheHelpers/helpers/updateItem.ts","all":false,"statementMap":{"0":{"start":{"line":1,"column":0},"end":{"line":1,"column":69}},"5":{"start":{"line":6,"column":0},"end":{"line":6,"column":51}},"6":{"start":{"line":7,"column":0},"end":{"line":7,"column":30}},"7":{"start":{"line":8,"column":0},"end":{"line":8,"column":24}},"8":{"start":{"line":9,"column":0},"end":{"line":9,"column":27}},"9":{"start":{"line":10,"column":0},"end":{"line":10,"column":6}},"10":{"start":{"line":11,"column":0},"end":{"line":11,"column":69}},"11":{"start":{"line":12,"column":0},"end":{"line":12,"column":1}}},"s":{"0":1,"5":1,"6":3,"7":3,"8":3,"9":3,"10":3,"11":3},"branchMap":{"0":{"type":"branch","line":6,"loc":{"start":{"line":6,"column":26},"end":{"line":12,"column":1}},"locations":[{"start":{"line":6,"column":26},"end":{"line":12,"column":1}}]}},"b":{"0":[3]},"fnMap":{"0":{"name":"updateItem","decl":{"start":{"line":6,"column":26},"end":{"line":12,"column":1}},"loc":{"start":{"line":6,"column":26},"end":{"line":12,"column":1}},"line":6}},"f":{"0":3}}
,"/var/www/tanstack-query-vue-cache-helpers/packages/vue/src/tests/setup.ts": {"path":"/var/www/tanstack-query-vue-cache-helpers/packages/vue/src/tests/setup.ts","all":true,"statementMap":{"0":{"start":{"line":1,"column":0},"end":{"line":1,"column":65}},"1":{"start":{"line":2,"column":0},"end":{"line":2,"column":40}},"2":{"start":{"line":3,"column":0},"end":{"line":3,"column":42}},"5":{"start":{"line":6,"column":0},"end":{"line":6,"column":37}},"6":{"start":{"line":7,"column":0},"end":{"line":7,"column":19}},"7":{"start":{"line":8,"column":0},"end":{"line":8,"column":14}},"8":{"start":{"line":9,"column":0},"end":{"line":9,"column":19}},"9":{"start":{"line":10,"column":0},"end":{"line":10,"column":19}},"10":{"start":{"line":11,"column":0},"end":{"line":11,"column":6}},"11":{"start":{"line":12,"column":0},"end":{"line":12,"column":4}},"12":{"start":{"line":13,"column":0},"end":{"line":13,"column":2}},"15":{"start":{"line":16,"column":0},"end":{"line":16,"column":59}},"18":{"start":{"line":19,"column":0},"end":{"line":19,"column":17}},"19":{"start":{"line":20,"column":0},"end":{"line":20,"column":21}},"20":{"start":{"line":21,"column":0},"end":{"line":21,"column":2}},"23":{"start":{"line":24,"column":0},"end":{"line":24,"column":15}},"24":{"start":{"line":25,"column":0},"end":{"line":25,"column":77}},"25":{"start":{"line":26,"column":0},"end":{"line":26,"column":32}},"26":{"start":{"line":27,"column":0},"end":{"line":27,"column":38}},"28":{"start":{"line":29,"column":0},"end":{"line":29,"column":54}},"29":{"start":{"line":30,"column":0},"end":{"line":30,"column":11}},"30":{"start":{"line":31,"column":0},"end":{"line":31,"column":33}},"31":{"start":{"line":32,"column":0},"end":{"line":32,"column":16}},"32":{"start":{"line":33,"column":0},"end":{"line":33,"column":52}},"33":{"start":{"line":34,"column":0},"end":{"line":34,"column":21}},"34":{"start":{"line":35,"column":0},"end":{"line":35,"column":9}},"35":{"start":{"line":36,"column":0},"end":{"line":36,"column":23}},"36":{"start":{"line":37,"column":0},"end":{"line":37,"column":34}},"37":{"start":{"line":38,"column":0},"end":{"line":38,"column":75}},"38":{"start":{"line":39,"column":0},"end":{"line":39,"column":7}},"39":{"start":{"line":40,"column":0},"end":{"line":40,"column":5}},"41":{"start":{"line":42,"column":0},"end":{"line":42,"column":12}},"42":{"start":{"line":43,"column":0},"end":{"line":43,"column":94}},"43":{"start":{"line":44,"column":0},"end":{"line":44,"column":18}},"44":{"start":{"line":45,"column":0},"end":{"line":45,"column":5}},"45":{"start":{"line":46,"column":0},"end":{"line":46,"column":4}},"46":{"start":{"line":47,"column":0},"end":{"line":47,"column":2}}},"s":{"0":0,"1":0,"2":0,"5":0,"6":0,"7":0,"8":0,"9":0,"10":0,"11":0,"12":0,"15":0,"18":0,"19":0,"20":0,"23":0,"24":0,"25":0,"26":0,"28":0,"29":0,"30":0,"31":0,"32":0,"33":0,"34":0,"35":0,"36":0,"37":0,"38":0,"39":0,"41":0,"42":0,"43":0,"44":0,"45":0,"46":0},"branchMap":{"0":{"type":"branch","line":1,"loc":{"start":{"line":1,"column":0},"end":{"line":49,"column":-45}},"locations":[{"start":{"line":1,"column":0},"end":{"line":49,"column":-45}}]}},"b":{"0":[0]},"fnMap":{"0":{"name":"(empty-report)","decl":{"start":{"line":1,"column":0},"end":{"line":49,"column":-45}},"loc":{"start":{"line":1,"column":0},"end":{"line":49,"column":-45}},"line":1}},"f":{"0":0}}
,"/var/www/tanstack-query-vue-cache-helpers/packages/vue/src/tests/components/addToCache/AddToUninitializedCache.vue": {"path":"/var/www/tanstack-query-vue-cache-helpers/packages/vue/src/tests/components/addToCache/AddToUninitializedCache.vue","all":false,"statementMap":{"0":{"start":{"line":1,"column":0},"end":{"line":1,"column":24}},"1":{"start":{"line":2,"column":0},"end":{"line":2,"column":86}},"2":{"start":{"line":3,"column":0},"end":{"line":3,"column":46}},"9":{"start":{"line":10,"column":0},"end":{"line":10,"column":45}},"10":{"start":{"line":11,"column":0},"end":{"line":11,"column":56}},"13":{"start":{"line":14,"column":0},"end":{"line":14,"column":24}},"14":{"start":{"line":15,"column":0},"end":{"line":15,"column":11}},"15":{"start":{"line":16,"column":0},"end":{"line":16,"column":37}},"16":{"start":{"line":17,"column":0},"end":{"line":17,"column":66}},"17":{"start":{"line":18,"column":0},"end":{"line":18,"column":3}},"19":{"start":{"line":20,"column":0},"end":{"line":20,"column":29}},"20":{"start":{"line":21,"column":0},"end":{"line":21,"column":66}},"21":{"start":{"line":22,"column":0},"end":{"line":22,"column":2}},"23":{"start":{"line":24,"column":0},"end":{"line":24,"column":42}},"26":{"start":{"line":27,"column":0},"end":{"line":27,"column":29}}},"s":{"0":1,"1":1,"2":1,"9":1,"10":1,"13":1,"14":1,"15":1,"16":1,"17":1,"19":1,"20":1,"21":1,"23":1,"26":1},"branchMap":{"0":{"type":"branch","line":20,"loc":{"start":{"line":20,"column":16},"end":{"line":22,"column":2}},"locations":[{"start":{"line":20,"column":16},"end":{"line":22,"column":2}}]}},"b":{"0":[1]},"fnMap":{"0":{"name":"queryFn","decl":{"start":{"line":16,"column":11},"end":{"line":16,"column":37}},"loc":{"start":{"line":16,"column":11},"end":{"line":16,"column":37}},"line":16},"1":{"name":"addItem","decl":{"start":{"line":20,"column":16},"end":{"line":22,"column":2}},"loc":{"start":{"line":20,"column":16},"end":{"line":22,"column":2}},"line":20}},"f":{"0":0,"1":1}}
,"/var/www/tanstack-query-vue-cache-helpers/packages/vue/src/tests/components/addToTanstackCache/AddToBack.vue": {"path":"/var/www/tanstack-query-vue-cache-helpers/packages/vue/src/tests/components/addToTanstackCache/AddToBack.vue","all":false,"statementMap":{"0":{"start":{"line":1,"column":0},"end":{"line":1,"column":24}},"1":{"start":{"line":2,"column":0},"end":{"line":2,"column":86}},"2":{"start":{"line":3,"column":0},"end":{"line":3,"column":46}},"4":{"start":{"line":5,"column":0},"end":{"line":5,"column":31}},"5":{"start":{"line":6,"column":0},"end":{"line":6,"column":50}},"7":{"start":{"line":8,"column":0},"end":{"line":8,"column":24}},"8":{"start":{"line":9,"column":0},"end":{"line":9,"column":11}},"9":{"start":{"line":10,"column":0},"end":{"line":10,"column":61}},"10":{"start":{"line":11,"column":0},"end":{"line":11,"column":3}},"12":{"start":{"line":13,"column":0},"end":{"line":13,"column":35}},"13":{"start":{"line":14,"column":0},"end":{"line":14,"column":81}},"14":{"start":{"line":15,"column":0},"end":{"line":15,"column":2}},"16":{"start":{"line":17,"column":0},"end":{"line":17,"column":48}},"19":{"start":{"line":20,"column":0},"end":{"line":20,"column":29}}},"s":{"0":1,"1":1,"2":1,"4":1,"5":1,"7":1,"8":1,"9":1,"10":1,"12":1,"13":1,"14":1,"16":1,"19":1},"branchMap":{"0":{"type":"branch","line":10,"loc":{"start":{"line":10,"column":11},"end":{"line":10,"column":61}},"locations":[{"start":{"line":10,"column":11},"end":{"line":10,"column":61}}]},"1":{"type":"branch","line":13,"loc":{"start":{"line":13,"column":22},"end":{"line":15,"column":2}},"locations":[{"start":{"line":13,"column":22},"end":{"line":15,"column":2}}]}},"b":{"0":[1],"1":[1]},"fnMap":{"0":{"name":"queryFn","decl":{"start":{"line":10,"column":11},"end":{"line":10,"column":61}},"loc":{"start":{"line":10,"column":11},"end":{"line":10,"column":61}},"line":10},"1":{"name":"addItemToBack","decl":{"start":{"line":13,"column":22},"end":{"line":15,"column":2}},"loc":{"start":{"line":13,"column":22},"end":{"line":15,"column":2}},"line":13}},"f":{"0":1,"1":1}}
,"/var/www/tanstack-query-vue-cache-helpers/packages/vue/src/tests/components/addToTanstackCache/AddToEmpty.vue": {"path":"/var/www/tanstack-query-vue-cache-helpers/packages/vue/src/tests/components/addToTanstackCache/AddToEmpty.vue","all":false,"statementMap":{"0":{"start":{"line":1,"column":0},"end":{"line":1,"column":24}},"1":{"start":{"line":2,"column":0},"end":{"line":2,"column":86}},"2":{"start":{"line":3,"column":0},"end":{"line":3,"column":46}},"4":{"start":{"line":5,"column":0},"end":{"line":5,"column":32}},"5":{"start":{"line":6,"column":0},"end":{"line":6,"column":50}},"7":{"start":{"line":8,"column":0},"end":{"line":8,"column":24}},"8":{"start":{"line":9,"column":0},"end":{"line":9,"column":11}},"9":{"start":{"line":10,"column":0},"end":{"line":10,"column":37}},"10":{"start":{"line":11,"column":0},"end":{"line":11,"column":3}},"12":{"start":{"line":13,"column":0},"end":{"line":13,"column":29}},"13":{"start":{"line":14,"column":0},"end":{"line":14,"column":68}},"14":{"start":{"line":15,"column":0},"end":{"line":15,"column":1}},"16":{"start":{"line":17,"column":0},"end":{"line":17,"column":42}},"19":{"start":{"line":20,"column":0},"end":{"line":20,"column":29}}},"s":{"0":1,"1":1,"2":1,"4":1,"5":1,"7":1,"8":1,"9":1,"10":1,"12":1,"13":1,"14":1,"16":1,"19":1},"branchMap":{"0":{"type":"branch","line":10,"loc":{"start":{"line":10,"column":11},"end":{"line":10,"column":37}},"locations":[{"start":{"line":10,"column":11},"end":{"line":10,"column":37}}]},"1":{"type":"branch","line":13,"loc":{"start":{"line":13,"column":16},"end":{"line":15,"column":1}},"locations":[{"start":{"line":13,"column":16},"end":{"line":15,"column":1}}]}},"b":{"0":[1],"1":[1]},"fnMap":{"0":{"name":"queryFn","decl":{"start":{"line":10,"column":11},"end":{"line":10,"column":37}},"loc":{"start":{"line":10,"column":11},"end":{"line":10,"column":37}},"line":10},"1":{"name":"addItem","decl":{"start":{"line":13,"column":16},"end":{"line":15,"column":1}},"loc":{"start":{"line":13,"column":16},"end":{"line":15,"column":1}},"line":13}},"f":{"0":1,"1":1}}
,"/var/www/tanstack-query-vue-cache-helpers/packages/vue/src/tests/components/addToTanstackCache/AddToFront.vue": {"path":"/var/www/tanstack-query-vue-cache-helpers/packages/vue/src/tests/components/addToTanstackCache/AddToFront.vue","all":false,"statementMap":{"0":{"start":{"line":1,"column":0},"end":{"line":1,"column":24}},"1":{"start":{"line":2,"column":0},"end":{"line":2,"column":86}},"2":{"start":{"line":3,"column":0},"end":{"line":3,"column":46}},"4":{"start":{"line":5,"column":0},"end":{"line":5,"column":32}},"5":{"start":{"line":6,"column":0},"end":{"line":6,"column":50}},"7":{"start":{"line":8,"column":0},"end":{"line":8,"column":24}},"8":{"start":{"line":9,"column":0},"end":{"line":9,"column":11}},"9":{"start":{"line":10,"column":0},"end":{"line":10,"column":69}},"10":{"start":{"line":11,"column":0},"end":{"line":11,"column":3}},"12":{"start":{"line":13,"column":0},"end":{"line":13,"column":36}},"13":{"start":{"line":14,"column":0},"end":{"line":14,"column":89}},"14":{"start":{"line":15,"column":0},"end":{"line":15,"column":2}},"16":{"start":{"line":17,"column":0},"end":{"line":17,"column":49}},"19":{"start":{"line":20,"column":0},"end":{"line":20,"column":29}}},"s":{"0":1,"1":1,"2":1,"4":1,"5":1,"7":1,"8":1,"9":1,"10":1,"12":1,"13":1,"14":1,"16":1,"19":1},"branchMap":{"0":{"type":"branch","line":10,"loc":{"start":{"line":10,"column":11},"end":{"line":10,"column":69}},"locations":[{"start":{"line":10,"column":11},"end":{"line":10,"column":69}}]},"1":{"type":"branch","line":13,"loc":{"start":{"line":13,"column":23},"end":{"line":15,"column":2}},"locations":[{"start":{"line":13,"column":23},"end":{"line":15,"column":2}}]}},"b":{"0":[1],"1":[1]},"fnMap":{"0":{"name":"queryFn","decl":{"start":{"line":10,"column":11},"end":{"line":10,"column":69}},"loc":{"start":{"line":10,"column":11},"end":{"line":10,"column":69}},"line":10},"1":{"name":"addItemToFront","decl":{"start":{"line":13,"column":23},"end":{"line":15,"column":2}},"loc":{"start":{"line":13,"column":23},"end":{"line":15,"column":2}},"line":13}},"f":{"0":1,"1":1}}
,"/var/www/tanstack-query-vue-cache-helpers/packages/vue/src/tests/components/clearCache/ClearCache.vue": {"path":"/var/www/tanstack-query-vue-cache-helpers/packages/vue/src/tests/components/clearCache/ClearCache.vue","all":false,"statementMap":{"0":{"start":{"line":1,"column":0},"end":{"line":1,"column":24}},"1":{"start":{"line":2,"column":0},"end":{"line":2,"column":86}},"2":{"start":{"line":3,"column":0},"end":{"line":3,"column":46}},"4":{"start":{"line":5,"column":0},"end":{"line":5,"column":32}},"5":{"start":{"line":6,"column":0},"end":{"line":6,"column":50}},"7":{"start":{"line":8,"column":0},"end":{"line":8,"column":24}},"8":{"start":{"line":9,"column":0},"end":{"line":9,"column":11}},"9":{"start":{"line":10,"column":0},"end":{"line":10,"column":101}},"10":{"start":{"line":11,"column":0},"end":{"line":11,"column":3}},"12":{"start":{"line":13,"column":0},"end":{"line":13,"column":33}},"15":{"start":{"line":16,"column":0},"end":{"line":16,"column":86}},"16":{"start":{"line":17,"column":0},"end":{"line":17,"column":30}}},"s":{"0":1,"1":1,"2":1,"4":1,"5":1,"7":1,"8":1,"9":1,"10":1,"12":1,"15":1,"16":2},"branchMap":{"0":{"type":"branch","line":10,"loc":{"start":{"line":10,"column":11},"end":{"line":10,"column":101}},"locations":[{"start":{"line":10,"column":11},"end":{"line":10,"column":101}}]},"1":{"type":"branch","line":16,"loc":{"start":{"line":16,"column":26},"end":{"line":16,"column":67}},"locations":[{"start":{"line":16,"column":26},"end":{"line":16,"column":67}}]},"2":{"type":"branch","line":16,"loc":{"start":{"line":16,"column":58},"end":{"line":16,"column":86}},"locations":[{"start":{"line":16,"column":58},"end":{"line":16,"column":86}}]},"3":{"type":"branch","line":16,"loc":{"start":{"line":16,"column":77},"end":{"line":17,"column":30}},"locations":[{"start":{"line":16,"column":77},"end":{"line":17,"column":30}}]}},"b":{"0":[1],"1":[2],"2":[1],"3":[2]},"fnMap":{"0":{"name":"queryFn","decl":{"start":{"line":10,"column":11},"end":{"line":10,"column":101}},"loc":{"start":{"line":10,"column":11},"end":{"line":10,"column":101}},"line":10}},"f":{"0":1}}
,"/var/www/tanstack-query-vue-cache-helpers/packages/vue/src/tests/components/isQueryInitialized/IsQueryInitialized.vue": {"path":"/var/www/tanstack-query-vue-cache-helpers/packages/vue/src/tests/components/isQueryInitialized/IsQueryInitialized.vue","all":true,"statementMap":{"0":{"start":{"line":1,"column":0},"end":{"line":1,"column":24}},"1":{"start":{"line":2,"column":0},"end":{"line":2,"column":86}},"2":{"start":{"line":3,"column":0},"end":{"line":3,"column":46}},"4":{"start":{"line":5,"column":0},"end":{"line":5,"column":44}},"5":{"start":{"line":6,"column":0},"end":{"line":6,"column":93}},"7":{"start":{"line":8,"column":0},"end":{"line":8,"column":24}},"8":{"start":{"line":9,"column":0},"end":{"line":9,"column":11}},"9":{"start":{"line":10,"column":0},"end":{"line":10,"column":65}},"10":{"start":{"line":11,"column":0},"end":{"line":11,"column":3}},"12":{"start":{"line":13,"column":0},"end":{"line":13,"column":14}},"13":{"start":{"line":14,"column":0},"end":{"line":14,"column":21}},"14":{"start":{"line":15,"column":0},"end":{"line":15,"column":8}},"15":{"start":{"line":16,"column":0},"end":{"line":16,"column":3}},"19":{"start":{"line":20,"column":0},"end":{"line":20,"column":62}},"20":{"start":{"line":21,"column":0},"end":{"line":21,"column":31}}},"s":{"0":0,"1":0,"2":0,"4":0,"5":0,"7":0,"8":0,"9":0,"10":0,"12":0,"13":0,"14":0,"15":0,"19":0,"20":0},"branchMap":{"0":{"type":"branch","line":1,"loc":{"start":{"line":1,"column":586},"end":{"line":22,"column":11}},"locations":[{"start":{"line":1,"column":586},"end":{"line":22,"column":11}}]}},"b":{"0":[0]},"fnMap":{"0":{"name":"(empty-report)","decl":{"start":{"line":1,"column":586},"end":{"line":22,"column":11}},"loc":{"start":{"line":1,"column":586},"end":{"line":22,"column":11}},"line":1}},"f":{"0":0}}
,"/var/www/tanstack-query-vue-cache-helpers/packages/vue/src/tests/components/refreshCache/AddNewItems.vue": {"path":"/var/www/tanstack-query-vue-cache-helpers/packages/vue/src/tests/components/refreshCache/AddNewItems.vue","all":false,"statementMap":{"0":{"start":{"line":1,"column":0},"end":{"line":1,"column":24}},"1":{"start":{"line":2,"column":0},"end":{"line":2,"column":86}},"2":{"start":{"line":3,"column":0},"end":{"line":3,"column":46}},"5":{"start":{"line":6,"column":0},"end":{"line":6,"column":33}},"6":{"start":{"line":7,"column":0},"end":{"line":7,"column":56}},"8":{"start":{"line":9,"column":0},"end":{"line":9,"column":24}},"9":{"start":{"line":10,"column":0},"end":{"line":10,"column":11}},"10":{"start":{"line":11,"column":0},"end":{"line":11,"column":37}},"11":{"start":{"line":12,"column":0},"end":{"line":12,"column":3}},"13":{"start":{"line":14,"column":0},"end":{"line":14,"column":32}},"14":{"start":{"line":15,"column":0},"end":{"line":15,"column":46}},"15":{"start":{"line":16,"column":0},"end":{"line":16,"column":51}},"16":{"start":{"line":17,"column":0},"end":{"line":17,"column":2}},"18":{"start":{"line":19,"column":0},"end":{"line":19,"column":45}},"21":{"start":{"line":22,"column":0},"end":{"line":22,"column":29}}},"s":{"0":1,"1":1,"2":1,"5":1,"6":1,"8":1,"9":1,"10":1,"11":1,"13":1,"14":1,"15":1,"16":1,"18":1,"21":1},"branchMap":{"0":{"type":"branch","line":11,"loc":{"start":{"line":11,"column":11},"end":{"line":11,"column":37}},"locations":[{"start":{"line":11,"column":11},"end":{"line":11,"column":37}}]},"1":{"type":"branch","line":14,"loc":{"start":{"line":14,"column":19},"end":{"line":17,"column":2}},"locations":[{"start":{"line":14,"column":19},"end":{"line":17,"column":2}}]}},"b":{"0":[1],"1":[1]},"fnMap":{"0":{"name":"queryFn","decl":{"start":{"line":11,"column":11},"end":{"line":11,"column":37}},"loc":{"start":{"line":11,"column":11},"end":{"line":11,"column":37}},"line":11},"1":{"name":"addNewItem","decl":{"start":{"line":14,"column":19},"end":{"line":17,"column":2}},"loc":{"start":{"line":14,"column":19},"end":{"line":17,"column":2}},"line":14}},"f":{"0":1,"1":1}}
,"/var/www/tanstack-query-vue-cache-helpers/packages/vue/src/tests/components/refreshCache/AddToBack.vue": {"path":"/var/www/tanstack-query-vue-cache-helpers/packages/vue/src/tests/components/refreshCache/AddToBack.vue","all":false,"statementMap":{"0":{"start":{"line":1,"column":0},"end":{"line":1,"column":24}},"1":{"start":{"line":2,"column":0},"end":{"line":2,"column":86}},"2":{"start":{"line":3,"column":0},"end":{"line":3,"column":46}},"5":{"start":{"line":6,"column":0},"end":{"line":6,"column":31}},"6":{"start":{"line":7,"column":0},"end":{"line":7,"column":56}},"8":{"start":{"line":9,"column":0},"end":{"line":9,"column":24}},"9":{"start":{"line":10,"column":0},"end":{"line":10,"column":11}},"10":{"start":{"line":11,"column":0},"end":{"line":11,"column":37}},"11":{"start":{"line":12,"column":0},"end":{"line":12,"column":3}},"13":{"start":{"line":14,"column":0},"end":{"line":14,"column":31}},"14":{"start":{"line":15,"column":0},"end":{"line":15,"column":51}},"15":{"start":{"line":16,"column":0},"end":{"line":16,"column":46}},"17":{"start":{"line":18,"column":0},"end":{"line":18,"column":54}},"18":{"start":{"line":19,"column":0},"end":{"line":19,"column":77}},"19":{"start":{"line":20,"column":0},"end":{"line":20,"column":2}},"21":{"start":{"line":22,"column":0},"end":{"line":22,"column":44}},"24":{"start":{"line":25,"column":0},"end":{"line":25,"column":29}}},"s":{"0":1,"1":1,"2":1,"5":1,"6":1,"8":1,"9":1,"10":1,"11":1,"13":1,"14":1,"15":1,"17":1,"18":1,"19":1,"21":1,"24":1},"branchMap":{"0":{"type":"branch","line":11,"loc":{"start":{"line":11,"column":11},"end":{"line":11,"column":37}},"locations":[{"start":{"line":11,"column":11},"end":{"line":11,"column":37}}]},"1":{"type":"branch","line":14,"loc":{"start":{"line":14,"column":18},"end":{"line":20,"column":2}},"locations":[{"start":{"line":14,"column":18},"end":{"line":20,"column":2}}]}},"b":{"0":[1],"1":[1]},"fnMap":{"0":{"name":"queryFn","decl":{"start":{"line":11,"column":11},"end":{"line":11,"column":37}},"loc":{"start":{"line":11,"column":11},"end":{"line":11,"column":37}},"line":11},"1":{"name":"addToBack","decl":{"start":{"line":14,"column":18},"end":{"line":20,"column":2}},"loc":{"start":{"line":14,"column":18},"end":{"line":20,"column":2}},"line":14}},"f":{"0":1,"1":1}}
,"/var/www/tanstack-query-vue-cache-helpers/packages/vue/src/tests/components/refreshCache/AddToFront.vue": {"path":"/var/www/tanstack-query-vue-cache-helpers/packages/vue/src/tests/components/refreshCache/AddToFront.vue","all":false,"statementMap":{"0":{"start":{"line":1,"column":0},"end":{"line":1,"column":24}},"1":{"start":{"line":2,"column":0},"end":{"line":2,"column":86}},"2":{"start":{"line":3,"column":0},"end":{"line":3,"column":46}},"5":{"start":{"line":6,"column":0},"end":{"line":6,"column":32}},"6":{"start":{"line":7,"column":0},"end":{"line":7,"column":56}},"8":{"start":{"line":9,"column":0},"end":{"line":9,"column":24}},"9":{"start":{"line":10,"column":0},"end":{"line":10,"column":11}},"10":{"start":{"line":11,"column":0},"end":{"line":11,"column":37}},"11":{"start":{"line":12,"column":0},"end":{"line":12,"column":3}},"13":{"start":{"line":14,"column":0},"end":{"line":14,"column":32}},"14":{"start":{"line":15,"column":0},"end":{"line":15,"column":51}},"15":{"start":{"line":16,"column":0},"end":{"line":16,"column":46}},"17":{"start":{"line":18,"column":0},"end":{"line":18,"column":54}},"18":{"start":{"line":19,"column":0},"end":{"line":19,"column":78}},"19":{"start":{"line":20,"column":0},"end":{"line":20,"column":2}},"21":{"start":{"line":22,"column":0},"end":{"line":22,"column":45}},"24":{"start":{"line":25,"column":0},"end":{"line":25,"column":29}}},"s":{"0":1,"1":1,"2":1,"5":1,"6":1,"8":1,"9":1,"10":1,"11":1,"13":1,"14":1,"15":1,"17":1,"18":1,"19":1,"21":1,"24":1},"branchMap":{"0":{"type":"branch","line":11,"loc":{"start":{"line":11,"column":11},"end":{"line":11,"column":37}},"locations":[{"start":{"line":11,"column":11},"end":{"line":11,"column":37}}]},"1":{"type":"branch","line":14,"loc":{"start":{"line":14,"column":19},"end":{"line":20,"column":2}},"locations":[{"start":{"line":14,"column":19},"end":{"line":20,"column":2}}]}},"b":{"0":[1],"1":[1]},"fnMap":{"0":{"name":"queryFn","decl":{"start":{"line":11,"column":11},"end":{"line":11,"column":37}},"loc":{"start":{"line":11,"column":11},"end":{"line":11,"column":37}},"line":11},"1":{"name":"addToFront","decl":{"start":{"line":14,"column":19},"end":{"line":20,"column":2}},"loc":{"start":{"line":14,"column":19},"end":{"line":20,"column":2}},"line":14}},"f":{"0":1,"1":1}}
,"/var/www/tanstack-query-vue-cache-helpers/packages/vue/src/tests/components/refreshCache/EmptyArray.vue": {"path":"/var/www/tanstack-query-vue-cache-helpers/packages/vue/src/tests/components/refreshCache/EmptyArray.vue","all":false,"statementMap":{"0":{"start":{"line":1,"column":0},"end":{"line":1,"column":24}},"1":{"start":{"line":2,"column":0},"end":{"line":2,"column":86}},"2":{"start":{"line":3,"column":0},"end":{"line":3,"column":46}},"5":{"start":{"line":6,"column":0},"end":{"line":6,"column":32}},"6":{"start":{"line":7,"column":0},"end":{"line":7,"column":56}},"8":{"start":{"line":9,"column":0},"end":{"line":9,"column":24}},"9":{"start":{"line":10,"column":0},"end":{"line":10,"column":11}},"10":{"start":{"line":11,"column":0},"end":{"line":11,"column":37}},"11":{"start":{"line":12,"column":0},"end":{"line":12,"column":3}},"13":{"start":{"line":14,"column":0},"end":{"line":14,"column":36}},"14":{"start":{"line":15,"column":0},"end":{"line":15,"column":51}},"15":{"start":{"line":16,"column":0},"end":{"line":16,"column":54}},"16":{"start":{"line":17,"column":0},"end":{"line":17,"column":44}},"17":{"start":{"line":18,"column":0},"end":{"line":18,"column":2}},"19":{"start":{"line":20,"column":0},"end":{"line":20,"column":49}},"22":{"start":{"line":23,"column":0},"end":{"line":23,"column":29}}},"s":{"0":1,"1":1,"2":1,"5":1,"6":1,"8":1,"9":1,"10":1,"11":1,"13":1,"14":1,"15":1,"16":1,"17":1,"19":1,"22":1},"branchMap":{"0":{"type":"branch","line":11,"loc":{"start":{"line":11,"column":11},"end":{"line":11,"column":37}},"locations":[{"start":{"line":11,"column":11},"end":{"line":11,"column":37}}]},"1":{"type":"branch","line":14,"loc":{"start":{"line":14,"column":23},"end":{"line":18,"column":2}},"locations":[{"start":{"line":14,"column":23},"end":{"line":18,"column":2}}]}},"b":{"0":[1],"1":[1]},"fnMap":{"0":{"name":"queryFn","decl":{"start":{"line":11,"column":11},"end":{"line":11,"column":37}},"loc":{"start":{"line":11,"column":11},"end":{"line":11,"column":37}},"line":11},"1":{"name":"testEmptyArray","decl":{"start":{"line":14,"column":23},"end":{"line":18,"column":2}},"loc":{"start":{"line":14,"column":23},"end":{"line":18,"column":2}},"line":14}},"f":{"0":1,"1":1}}
,"/var/www/tanstack-query-vue-cache-helpers/packages/vue/src/tests/components/refreshCache/RefreshUninitializedCache.vue": {"path":"/var/www/tanstack-query-vue-cache-helpers/packages/vue/src/tests/components/refreshCache/RefreshUninitializedCache.vue","all":true,"statementMap":{"0":{"start":{"line":1,"column":0},"end":{"line":1,"column":24}},"1":{"start":{"line":2,"column":0},"end":{"line":2,"column":86}},"2":{"start":{"line":3,"column":0},"end":{"line":3,"column":46}},"9":{"start":{"line":10,"column":0},"end":{"line":10,"column":47}},"10":{"start":{"line":11,"column":0},"end":{"line":11,"column":56}},"13":{"start":{"line":14,"column":0},"end":{"line":14,"column":24}},"14":{"start":{"line":15,"column":0},"end":{"line":15,"column":11}},"15":{"start":{"line":16,"column":0},"end":{"line":16,"column":37}},"16":{"start":{"line":17,"column":0},"end":{"line":17,"column":66}},"17":{"start":{"line":18,"column":0},"end":{"line":18,"column":3}},"19":{"start":{"line":20,"column":0},"end":{"line":20,"column":34}},"20":{"start":{"line":21,"column":0},"end":{"line":21,"column":71}},"21":{"start":{"line":22,"column":0},"end":{"line":22,"column":2}},"23":{"start":{"line":24,"column":0},"end":{"line":24,"column":47}},"26":{"start":{"line":27,"column":0},"end":{"line":27,"column":29}}},"s":{"0":0,"1":0,"2":0,"9":0,"10":0,"13":0,"14":0,"15":0,"16":0,"17":0,"19":0,"20":0,"21":0,"23":0,"26":0},"branchMap":{"0":{"type":"branch","line":1,"loc":{"start":{"line":1,"column":728},"end":{"line":28,"column":11}},"locations":[{"start":{"line":1,"column":728},"end":{"line":28,"column":11}}]}},"b":{"0":[0]},"fnMap":{"0":{"name":"(empty-report)","decl":{"start":{"line":1,"column":728},"end":{"line":28,"column":11}},"loc":{"start":{"line":1,"column":728},"end":{"line":28,"column":11}},"line":1}},"f":{"0":0}}
,"/var/www/tanstack-query-vue-cache-helpers/packages/vue/src/tests/components/refreshCache/UpdateExistingItems.vue": {"path":"/var/www/tanstack-query-vue-cache-helpers/packages/vue/src/tests/components/refreshCache/UpdateExistingItems.vue","all":false,"statementMap":{"0":{"start":{"line":1,"column":0},"end":{"line":1,"column":24}},"1":{"start":{"line":2,"column":0},"end":{"line":2,"column":86}},"2":{"start":{"line":3,"column":0},"end":{"line":3,"column":46}},"5":{"start":{"line":6,"column":0},"end":{"line":6,"column":41}},"6":{"start":{"line":7,"column":0},"end":{"line":7,"column":56}},"8":{"start":{"line":9,"column":0},"end":{"line":9,"column":24}},"9":{"start":{"line":10,"column":0},"end":{"line":10,"column":11}},"10":{"start":{"line":11,"column":0},"end":{"line":11,"column":37}},"11":{"start":{"line":12,"column":0},"end":{"line":12,"column":3}},"13":{"start":{"line":14,"column":0},"end":{"line":14,"column":33}},"14":{"start":{"line":15,"column":0},"end":{"line":15,"column":78}},"15":{"start":{"line":16,"column":0},"end":{"line":16,"column":56}},"17":{"start":{"line":18,"column":0},"end":{"line":18,"column":54}},"18":{"start":{"line":19,"column":0},"end":{"line":19,"column":55}},"19":{"start":{"line":20,"column":0},"end":{"line":20,"column":2}},"21":{"start":{"line":22,"column":0},"end":{"line":22,"column":46}},"24":{"start":{"line":25,"column":0},"end":{"line":25,"column":29}}},"s":{"0":1,"1":1,"2":1,"5":1,"6":1,"8":1,"9":1,"10":1,"11":1,"13":1,"14":1,"15":1,"17":1,"18":1,"19":1,"21":1,"24":1},"branchMap":{"0":{"type":"branch","line":11,"loc":{"start":{"line":11,"column":11},"end":{"line":11,"column":37}},"locations":[{"start":{"line":11,"column":11},"end":{"line":11,"column":37}}]},"1":{"type":"branch","line":14,"loc":{"start":{"line":14,"column":20},"end":{"line":20,"column":2}},"locations":[{"start":{"line":14,"column":20},"end":{"line":20,"column":2}}]}},"b":{"0":[1],"1":[1]},"fnMap":{"0":{"name":"queryFn","decl":{"start":{"line":11,"column":11},"end":{"line":11,"column":37}},"loc":{"start":{"line":11,"column":11},"end":{"line":11,"column":37}},"line":11},"1":{"name":"updateItems","decl":{"start":{"line":14,"column":20},"end":{"line":20,"column":2}},"loc":{"start":{"line":14,"column":20},"end":{"line":20,"column":2}},"line":14}},"f":{"0":1,"1":1}}
,"/var/www/tanstack-query-vue-cache-helpers/packages/vue/src/tests/components/refreshDeepItem/AddRootLevelItem.vue": {"path":"/var/www/tanstack-query-vue-cache-helpers/packages/vue/src/tests/components/refreshDeepItem/AddRootLevelItem.vue","all":false,"statementMap":{"0":{"start":{"line":1,"column":0},"end":{"line":1,"column":24}},"1":{"start":{"line":2,"column":0},"end":{"line":2,"column":86}},"2":{"start":{"line":3,"column":0},"end":{"line":3,"column":46}},"11":{"start":{"line":12,"column":0},"end":{"line":12,"column":38}},"12":{"start":{"line":13,"column":0},"end":{"line":13,"column":56}},"14":{"start":{"line":15,"column":0},"end":{"line":15,"column":47}},"15":{"start":{"line":16,"column":0},"end":{"line":16,"column":11}},"16":{"start":{"line":17,"column":0},"end":{"line":17,"column":34}},"17":{"start":{"line":18,"column":0},"end":{"line":18,"column":36}},"18":{"start":{"line":19,"column":0},"end":{"line":19,"column":4}},"19":{"start":{"line":20,"column":0},"end":{"line":20,"column":3}},"21":{"start":{"line":22,"column":0},"end":{"line":22,"column":29}},"22":{"start":{"line":23,"column":0},"end":{"line":23,"column":33}},"23":{"start":{"line":24,"column":0},"end":{"line":24,"column":38}},"24":{"start":{"line":25,"column":0},"end":{"line":25,"column":25}},"25":{"start":{"line":26,"column":0},"end":{"line":26,"column":25}},"26":{"start":{"line":27,"column":0},"end":{"line":27,"column":5}},"27":{"start":{"line":28,"column":0},"end":{"line":28,"column":2}},"29":{"start":{"line":30,"column":0},"end":{"line":30,"column":42}},"33":{"start":{"line":34,"column":0},"end":{"line":34,"column":7}},"34":{"start":{"line":35,"column":0},"end":{"line":35,"column":20}},"35":{"start":{"line":36,"column":0},"end":{"line":36,"column":8}}},"s":{"0":1,"1":1,"2":1,"11":1,"12":1,"14":1,"15":1,"16":1,"17":1,"18":1,"19":1,"21":1,"22":1,"23":1,"24":1,"25":1,"26":1,"27":1,"29":1,"33":1,"34":1,"35":1},"branchMap":{"0":{"type":"branch","line":17,"loc":{"start":{"line":17,"column":11},"end":{"line":19,"column":4}},"locations":[{"start":{"line":17,"column":11},"end":{"line":19,"column":4}}]},"1":{"type":"branch","line":22,"loc":{"start":{"line":22,"column":16},"end":{"line":28,"column":2}},"locations":[{"start":{"line":22,"column":16},"end":{"line":28,"column":2}}]}},"b":{"0":[1],"1":[1]},"fnMap":{"0":{"name":"queryFn","decl":{"start":{"line":17,"column":11},"end":{"line":19,"column":4}},"loc":{"start":{"line":17,"column":11},"end":{"line":19,"column":4}},"line":17},"1":{"name":"addRoot","decl":{"start":{"line":22,"column":16},"end":{"line":28,"column":2}},"loc":{"start":{"line":22,"column":16},"end":{"line":28,"column":2}},"line":22}},"f":{"0":1,"1":1}}
,"/var/www/tanstack-query-vue-cache-helpers/packages/vue/src/tests/components/refreshDeepItem/InsertNestedItem.vue": {"path":"/var/www/tanstack-query-vue-cache-helpers/packages/vue/src/tests/components/refreshDeepItem/InsertNestedItem.vue","all":false,"statementMap":{"0":{"start":{"line":1,"column":0},"end":{"line":1,"column":24}},"1":{"start":{"line":2,"column":0},"end":{"line":2,"column":86}},"2":{"start":{"line":3,"column":0},"end":{"line":3,"column":46}},"11":{"start":{"line":12,"column":0},"end":{"line":12,"column":38}},"12":{"start":{"line":13,"column":0},"end":{"line":13,"column":56}},"14":{"start":{"line":15,"column":0},"end":{"line":15,"column":47}},"15":{"start":{"line":16,"column":0},"end":{"line":16,"column":11}},"16":{"start":{"line":17,"column":0},"end":{"line":17,"column":34}},"17":{"start":{"line":18,"column":0},"end":{"line":18,"column":43}},"18":{"start":{"line":19,"column":0},"end":{"line":19,"column":4}},"19":{"start":{"line":20,"column":0},"end":{"line":20,"column":3}},"21":{"start":{"line":22,"column":0},"end":{"line":22,"column":33}},"22":{"start":{"line":23,"column":0},"end":{"line":23,"column":33}},"23":{"start":{"line":24,"column":0},"end":{"line":24,"column":52}},"24":{"start":{"line":25,"column":0},"end":{"line":25,"column":25}},"25":{"start":{"line":26,"column":0},"end":{"line":26,"column":25}},"26":{"start":{"line":27,"column":0},"end":{"line":27,"column":5}},"27":{"start":{"line":28,"column":0},"end":{"line":28,"column":2}},"29":{"start":{"line":30,"column":0},"end":{"line":30,"column":46}},"33":{"start":{"line":34,"column":0},"end":{"line":34,"column":41}},"34":{"start":{"line":35,"column":0},"end":{"line":35,"column":20}},"35":{"start":{"line":36,"column":0},"end":{"line":36,"column":8}}},"s":{"0":1,"1":1,"2":1,"11":1,"12":1,"14":1,"15":1,"16":1,"17":1,"18":1,"19":1,"21":1,"22":1,"23":1,"24":1,"25":1,"26":1,"27":1,"29":1,"33":1,"34":1,"35":1},"branchMap":{"0":{"type":"branch","line":17,"loc":{"start":{"line":17,"column":11},"end":{"line":19,"column":4}},"locations":[{"start":{"line":17,"column":11},"end":{"line":19,"column":4}}]},"1":{"type":"branch","line":22,"loc":{"start":{"line":22,"column":20},"end":{"line":28,"column":2}},"locations":[{"start":{"line":22,"column":20},"end":{"line":28,"column":2}}]}},"b":{"0":[1],"1":[1]},"fnMap":{"0":{"name":"queryFn","decl":{"start":{"line":17,"column":11},"end":{"line":19,"column":4}},"loc":{"start":{"line":17,"column":11},"end":{"line":19,"column":4}},"line":17},"1":{"name":"insertChild","decl":{"start":{"line":22,"column":20},"end":{"line":28,"column":2}},"loc":{"start":{"line":22,"column":20},"end":{"line":28,"column":2}},"line":22}},"f":{"0":1,"1":1}}
,"/var/www/tanstack-query-vue-cache-helpers/packages/vue/src/tests/components/refreshDeepItem/RefreshDeepInUninitializedCache.vue": {"path":"/var/www/tanstack-query-vue-cache-helpers/packages/vue/src/tests/components/refreshDeepItem/RefreshDeepInUninitializedCache.vue","all":true,"statementMap":{"0":{"start":{"line":1,"column":0},"end":{"line":1,"column":24}},"1":{"start":{"line":2,"column":0},"end":{"line":2,"column":86}},"2":{"start":{"line":3,"column":0},"end":{"line":3,"column":46}},"17":{"start":{"line":18,"column":0},"end":{"line":18,"column":53}},"18":{"start":{"line":19,"column":0},"end":{"line":19,"column":56}},"21":{"start":{"line":22,"column":0},"end":{"line":22,"column":24}},"22":{"start":{"line":23,"column":0},"end":{"line":23,"column":11}},"23":{"start":{"line":24,"column":0},"end":{"line":24,"column":37}},"24":{"start":{"line":25,"column":0},"end":{"line":25,"column":66}},"25":{"start":{"line":26,"column":0},"end":{"line":26,"column":3}},"27":{"start":{"line":28,"column":0},"end":{"line":28,"column":37}},"28":{"start":{"line":29,"column":0},"end":{"line":29,"column":33}},"29":{"start":{"line":30,"column":0},"end":{"line":30,"column":53}},"30":{"start":{"line":31,"column":0},"end":{"line":31,"column":25}},"31":{"start":{"line":32,"column":0},"end":{"line":32,"column":25}},"32":{"start":{"line":33,"column":0},"end":{"line":33,"column":5}},"33":{"start":{"line":34,"column":0},"end":{"line":34,"column":2}},"35":{"start":{"line":36,"column":0},"end":{"line":36,"column":50}},"38":{"start":{"line":39,"column":0},"end":{"line":39,"column":29}}},"s":{"0":0,"1":0,"2":0,"17":0,"18":0,"21":0,"22":0,"23":0,"24":0,"25":0,"27":0,"28":0,"29":0,"30":0,"31":0,"32":0,"33":0,"35":0,"38":0},"branchMap":{"0":{"type":"branch","line":1,"loc":{"start":{"line":1,"column":931},"end":{"line":40,"column":11}},"locations":[{"start":{"line":1,"column":931},"end":{"line":40,"column":11}}]}},"b":{"0":[0]},"fnMap":{"0":{"name":"(empty-report)","decl":{"start":{"line":1,"column":931},"end":{"line":40,"column":11}},"loc":{"start":{"line":1,"column":931},"end":{"line":40,"column":11}},"line":1}},"f":{"0":0}}
,"/var/www/tanstack-query-vue-cache-helpers/packages/vue/src/tests/components/refreshDeepItem/UpdateNestedItem.vue": {"path":"/var/www/tanstack-query-vue-cache-helpers/packages/vue/src/tests/components/refreshDeepItem/UpdateNestedItem.vue","all":false,"statementMap":{"0":{"start":{"line":1,"column":0},"end":{"line":1,"column":24}},"1":{"start":{"line":2,"column":0},"end":{"line":2,"column":86}},"2":{"start":{"line":3,"column":0},"end":{"line":3,"column":46}},"11":{"start":{"line":12,"column":0},"end":{"line":12,"column":38}},"12":{"start":{"line":13,"column":0},"end":{"line":13,"column":56}},"14":{"start":{"line":15,"column":0},"end":{"line":15,"column":47}},"15":{"start":{"line":16,"column":0},"end":{"line":16,"column":11}},"16":{"start":{"line":17,"column":0},"end":{"line":17,"column":34}},"17":{"start":{"line":18,"column":0},"end":{"line":18,"column":80}},"18":{"start":{"line":19,"column":0},"end":{"line":19,"column":4}},"19":{"start":{"line":20,"column":0},"end":{"line":20,"column":3}},"21":{"start":{"line":22,"column":0},"end":{"line":22,"column":33}},"22":{"start":{"line":23,"column":0},"end":{"line":23,"column":33}},"23":{"start":{"line":24,"column":0},"end":{"line":24,"column":56}},"24":{"start":{"line":25,"column":0},"end":{"line":25,"column":25}},"25":{"start":{"line":26,"column":0},"end":{"line":26,"column":25}},"26":{"start":{"line":27,"column":0},"end":{"line":27,"column":5}},"27":{"start":{"line":28,"column":0},"end":{"line":28,"column":2}},"29":{"start":{"line":30,"column":0},"end":{"line":30,"column":46}},"35":{"start":{"line":36,"column":0},"end":{"line":36,"column":41}},"36":{"start":{"line":37,"column":0},"end":{"line":37,"column":20}},"37":{"start":{"line":38,"column":0},"end":{"line":38,"column":8}}},"s":{"0":1,"1":1,"2":1,"11":1,"12":1,"14":1,"15":1,"16":1,"17":1,"18":1,"19":1,"21":1,"22":1,"23":1,"24":1,"25":1,"26":1,"27":1,"29":1,"35":1,"36":1,"37":1},"branchMap":{"0":{"type":"branch","line":17,"loc":{"start":{"line":17,"column":11},"end":{"line":19,"column":4}},"locations":[{"start":{"line":17,"column":11},"end":{"line":19,"column":4}}]},"1":{"type":"branch","line":22,"loc":{"start":{"line":22,"column":20},"end":{"line":28,"column":2}},"locations":[{"start":{"line":22,"column":20},"end":{"line":28,"column":2}}]}},"b":{"0":[1],"1":[1]},"fnMap":{"0":{"name":"queryFn","decl":{"start":{"line":17,"column":11},"end":{"line":19,"column":4}},"loc":{"start":{"line":17,"column":11},"end":{"line":19,"column":4}},"line":17},"1":{"name":"updateChild","decl":{"start":{"line":22,"column":20},"end":{"line":28,"column":2}},"loc":{"start":{"line":22,"column":20},"end":{"line":28,"column":2}},"line":22}},"f":{"0":1,"1":1}}
,"/var/www/tanstack-query-vue-cache-helpers/packages/vue/src/tests/components/refreshPartialItem/RefreshPartialInUninitializedCache.vue": {"path":"/var/www/tanstack-query-vue-cache-helpers/packages/vue/src/tests/components/refreshPartialItem/RefreshPartialInUninitializedCache.vue","all":true,"statementMap":{"0":{"start":{"line":1,"column":0},"end":{"line":1,"column":24}},"1":{"start":{"line":2,"column":0},"end":{"line":2,"column":86}},"2":{"start":{"line":3,"column":0},"end":{"line":3,"column":46}},"15":{"start":{"line":16,"column":0},"end":{"line":16,"column":56}},"16":{"start":{"line":17,"column":0},"end":{"line":17,"column":56}},"19":{"start":{"line":20,"column":0},"end":{"line":20,"column":24}},"20":{"start":{"line":21,"column":0},"end":{"line":21,"column":11}},"21":{"start":{"line":22,"column":0},"end":{"line":22,"column":37}},"22":{"start":{"line":23,"column":0},"end":{"line":23,"column":66}},"23":{"start":{"line":24,"column":0},"end":{"line":24,"column":3}},"25":{"start":{"line":26,"column":0},"end":{"line":26,"column":40}},"26":{"start":{"line":27,"column":0},"end":{"line":27,"column":36}},"27":{"start":{"line":28,"column":0},"end":{"line":28,"column":22}},"28":{"start":{"line":29,"column":0},"end":{"line":29,"column":26}},"29":{"start":{"line":30,"column":0},"end":{"line":30,"column":53}},"30":{"start":{"line":31,"column":0},"end":{"line":31,"column":5}},"31":{"start":{"line":32,"column":0},"end":{"line":32,"column":2}},"33":{"start":{"line":34,"column":0},"end":{"line":34,"column":53}},"36":{"start":{"line":37,"column":0},"end":{"line":37,"column":29}}},"s":{"0":0,"1":0,"2":0,"15":0,"16":0,"19":0,"20":0,"21":0,"22":0,"23":0,"25":0,"26":0,"27":0,"28":0,"29":0,"30":0,"31":0,"33":0,"36":0},"branchMap":{"0":{"type":"branch","line":1,"loc":{"start":{"line":1,"column":897},"end":{"line":38,"column":11}},"locations":[{"start":{"line":1,"column":897},"end":{"line":38,"column":11}}]}},"b":{"0":[0]},"fnMap":{"0":{"name":"(empty-report)","decl":{"start":{"line":1,"column":897},"end":{"line":38,"column":11}},"loc":{"start":{"line":1,"column":897},"end":{"line":38,"column":11}},"line":1}},"f":{"0":0}}
,"/var/www/tanstack-query-vue-cache-helpers/packages/vue/src/tests/components/refreshPartialItem/ReplaceArrayAsObject.vue": {"path":"/var/www/tanstack-query-vue-cache-helpers/packages/vue/src/tests/components/refreshPartialItem/ReplaceArrayAsObject.vue","all":false,"statementMap":{"0":{"start":{"line":1,"column":0},"end":{"line":1,"column":24}},"1":{"start":{"line":2,"column":0},"end":{"line":2,"column":86}},"2":{"start":{"line":3,"column":0},"end":{"line":3,"column":46}},"14":{"start":{"line":15,"column":0},"end":{"line":15,"column":42}},"15":{"start":{"line":16,"column":0},"end":{"line":16,"column":56}},"17":{"start":{"line":18,"column":0},"end":{"line":18,"column":47}},"18":{"start":{"line":19,"column":0},"end":{"line":19,"column":11}},"19":{"start":{"line":20,"column":0},"end":{"line":20,"column":16}},"20":{"start":{"line":21,"column":0},"end":{"line":21,"column":21}},"21":{"start":{"line":22,"column":0},"end":{"line":22,"column":91}},"22":{"start":{"line":23,"column":0},"end":{"line":23,"column":7}},"23":{"start":{"line":24,"column":0},"end":{"line":24,"column":3}},"25":{"start":{"line":26,"column":0},"end":{"line":26,"column":28}},"26":{"start":{"line":27,"column":0},"end":{"line":27,"column":36}},"27":{"start":{"line":28,"column":0},"end":{"line":28,"column":22}},"28":{"start":{"line":29,"column":0},"end":{"line":29,"column":21}},"29":{"start":{"line":30,"column":0},"end":{"line":30,"column":93}},"30":{"start":{"line":31,"column":0},"end":{"line":31,"column":29}},"31":{"start":{"line":32,"column":0},"end":{"line":32,"column":5}},"32":{"start":{"line":33,"column":0},"end":{"line":33,"column":2}},"34":{"start":{"line":35,"column":0},"end":{"line":35,"column":41}},"37":{"start":{"line":38,"column":0},"end":{"line":38,"column":41}},"38":{"start":{"line":39,"column":0},"end":{"line":39,"column":31}},"39":{"start":{"line":40,"column":0},"end":{"line":40,"column":8}}},"s":{"0":1,"1":1,"2":1,"14":1,"15":1,"17":1,"18":1,"19":1,"20":1,"21":1,"22":1,"23":1,"25":1,"26":1,"27":1,"28":1,"29":1,"30":1,"31":1,"32":1,"34":1,"37":1,"38":1,"39":1},"branchMap":{"0":{"type":"branch","line":20,"loc":{"start":{"line":20,"column":11},"end":{"line":23,"column":7}},"locations":[{"start":{"line":20,"column":11},"end":{"line":23,"column":7}}]},"1":{"type":"branch","line":26,"loc":{"start":{"line":26,"column":15},"end":{"line":33,"column":2}},"locations":[{"start":{"line":26,"column":15},"end":{"line":33,"column":2}}]}},"b":{"0":[1],"1":[1]},"fnMap":{"0":{"name":"queryFn","decl":{"start":{"line":20,"column":11},"end":{"line":23,"column":7}},"loc":{"start":{"line":20,"column":11},"end":{"line":23,"column":7}},"line":20},"1":{"name":"update","decl":{"start":{"line":26,"column":15},"end":{"line":33,"column":2}},"loc":{"start":{"line":26,"column":15},"end":{"line":33,"column":2}},"line":26}},"f":{"0":1,"1":1}}
,"/var/www/tanstack-query-vue-cache-helpers/packages/vue/src/tests/components/refreshPartialItem/ReplaceSingleObject.vue": {"path":"/var/www/tanstack-query-vue-cache-helpers/packages/vue/src/tests/components/refreshPartialItem/ReplaceSingleObject.vue","all":false,"statementMap":{"0":{"start":{"line":1,"column":0},"end":{"line":1,"column":24}},"1":{"start":{"line":2,"column":0},"end":{"line":2,"column":86}},"2":{"start":{"line":3,"column":0},"end":{"line":3,"column":46}},"9":{"start":{"line":10,"column":0},"end":{"line":10,"column":41}},"10":{"start":{"line":11,"column":0},"end":{"line":11,"column":56}},"12":{"start":{"line":13,"column":0},"end":{"line":13,"column":47}},"13":{"start":{"line":14,"column":0},"end":{"line":14,"column":11}},"14":{"start":{"line":15,"column":0},"end":{"line":15,"column":16}},"15":{"start":{"line":16,"column":0},"end":{"line":16,"column":21}},"16":{"start":{"line":17,"column":0},"end":{"line":17,"column":46}},"17":{"start":{"line":18,"column":0},"end":{"line":18,"column":7}},"18":{"start":{"line":19,"column":0},"end":{"line":19,"column":3}},"20":{"start":{"line":21,"column":0},"end":{"line":21,"column":28}},"21":{"start":{"line":22,"column":0},"end":{"line":22,"column":36}},"22":{"start":{"line":23,"column":0},"end":{"line":23,"column":22}},"23":{"start":{"line":24,"column":0},"end":{"line":24,"column":24}},"24":{"start":{"line":25,"column":0},"end":{"line":25,"column":45}},"25":{"start":{"line":26,"column":0},"end":{"line":26,"column":5}},"26":{"start":{"line":27,"column":0},"end":{"line":27,"column":2}},"28":{"start":{"line":29,"column":0},"end":{"line":29,"column":41}},"31":{"start":{"line":32,"column":0},"end":{"line":32,"column":41}},"32":{"start":{"line":33,"column":0},"end":{"line":33,"column":31}},"33":{"start":{"line":34,"column":0},"end":{"line":34,"column":8}}},"s":{"0":1,"1":1,"2":1,"9":1,"10":1,"12":1,"13":1,"14":1,"15":1,"16":1,"17":1,"18":1,"20":1,"21":1,"22":1,"23":1,"24":1,"25":1,"26":1,"28":1,"31":1,"32":1,"33":1},"branchMap":{"0":{"type":"branch","line":15,"loc":{"start":{"line":15,"column":11},"end":{"line":18,"column":7}},"locations":[{"start":{"line":15,"column":11},"end":{"line":18,"column":7}}]},"1":{"type":"branch","line":21,"loc":{"start":{"line":21,"column":15},"end":{"line":27,"column":2}},"locations":[{"start":{"line":21,"column":15},"end":{"line":27,"column":2}}]}},"b":{"0":[1],"1":[1]},"fnMap":{"0":{"name":"queryFn","decl":{"start":{"line":15,"column":11},"end":{"line":18,"column":7}},"loc":{"start":{"line":15,"column":11},"end":{"line":18,"column":7}},"line":15},"1":{"name":"update","decl":{"start":{"line":21,"column":15},"end":{"line":27,"column":2}},"loc":{"start":{"line":21,"column":15},"end":{"line":27,"column":2}},"line":21}},"f":{"0":1,"1":1}}
,"/var/www/tanstack-query-vue-cache-helpers/packages/vue/src/tests/components/refreshPartialItem/ReplaceSubArray.vue": {"path":"/var/www/tanstack-query-vue-cache-helpers/packages/vue/src/tests/components/refreshPartialItem/ReplaceSubArray.vue","all":false,"statementMap":{"0":{"start":{"line":1,"column":0},"end":{"line":1,"column":24}},"1":{"start":{"line":2,"column":0},"end":{"line":2,"column":86}},"2":{"start":{"line":3,"column":0},"end":{"line":3,"column":46}},"14":{"start":{"line":15,"column":0},"end":{"line":15,"column":37}},"15":{"start":{"line":16,"column":0},"end":{"line":16,"column":56}},"17":{"start":{"line":18,"column":0},"end":{"line":18,"column":47}},"18":{"start":{"line":19,"column":0},"end":{"line":19,"column":11}},"19":{"start":{"line":20,"column":0},"end":{"line":20,"column":16}},"20":{"start":{"line":21,"column":0},"end":{"line":21,"column":21}},"21":{"start":{"line":22,"column":0},"end":{"line":22,"column":83}},"22":{"start":{"line":23,"column":0},"end":{"line":23,"column":7}},"23":{"start":{"line":24,"column":0},"end":{"line":24,"column":3}},"25":{"start":{"line":26,"column":0},"end":{"line":26,"column":37}},"26":{"start":{"line":27,"column":0},"end":{"line":27,"column":36}},"27":{"start":{"line":28,"column":0},"end":{"line":28,"column":22}},"28":{"start":{"line":29,"column":0},"end":{"line":29,"column":21}},"29":{"start":{"line":30,"column":0},"end":{"line":30,"column":85}},"30":{"start":{"line":31,"column":0},"end":{"line":31,"column":5}},"31":{"start":{"line":32,"column":0},"end":{"line":32,"column":2}},"33":{"start":{"line":34,"column":0},"end":{"line":34,"column":42}},"34":{"start":{"line":35,"column":0},"end":{"line":35,"column":36}},"35":{"start":{"line":36,"column":0},"end":{"line":36,"column":22}},"36":{"start":{"line":37,"column":0},"end":{"line":37,"column":21}},"37":{"start":{"line":38,"column":0},"end":{"line":38,"column":54}},"38":{"start":{"line":39,"column":0},"end":{"line":39,"column":5}},"39":{"start":{"line":40,"column":0},"end":{"line":40,"column":2}},"41":{"start":{"line":42,"column":0},"end":{"line":42,"column":45}},"42":{"start":{"line":43,"column":0},"end":{"line":43,"column":36}},"43":{"start":{"line":44,"column":0},"end":{"line":44,"column":22}},"44":{"start":{"line":45,"column":0},"end":{"line":45,"column":21}},"45":{"start":{"line":46,"column":0},"end":{"line":46,"column":57}},"46":{"start":{"line":47,"column":0},"end":{"line":47,"column":28}},"47":{"start":{"line":48,"column":0},"end":{"line":48,"column":5}},"48":{"start":{"line":49,"column":0},"end":{"line":49,"column":2}},"50":{"start":{"line":51,"column":0},"end":{"line":51,"column":97}},"53":{"start":{"line":54,"column":0},"end":{"line":54,"column":41}},"54":{"start":{"line":55,"column":0},"end":{"line":55,"column":31}},"55":{"start":{"line":56,"column":0},"end":{"line":56,"column":8}}},"s":{"0":1,"1":1,"2":1,"14":1,"15":1,"17":1,"18":1,"19":1,"20":2,"21":2,"22":2,"23":1,"25":1,"26":1,"27":1,"28":1,"29":1,"30":1,"31":1,"33":1,"34":1,"35":1,"36":1,"37":1,"38":1,"39":1,"41":1,"42":0,"43":0,"44":0,"45":0,"46":0,"47":0,"48":0,"50":1,"53":1,"54":1,"55":1},"branchMap":{"0":{"type":"branch","line":20,"loc":{"start":{"line":20,"column":11},"end":{"line":23,"column":7}},"locations":[{"start":{"line":20,"column":11},"end":{"line":23,"column":7}}]},"1":{"type":"branch","line":26,"loc":{"start":{"line":26,"column":24},"end":{"line":32,"column":2}},"locations":[{"start":{"line":26,"column":24},"end":{"line":32,"column":2}}]},"2":{"type":"branch","line":34,"loc":{"start":{"line":34,"column":29},"end":{"line":40,"column":2}},"locations":[{"start":{"line":34,"column":29},"end":{"line":40,"column":2}}]}},"b":{"0":[2],"1":[1],"2":[1]},"fnMap":{"0":{"name":"queryFn","decl":{"start":{"line":20,"column":11},"end":{"line":23,"column":7}},"loc":{"start":{"line":20,"column":11},"end":{"line":23,"column":7}},"line":20},"1":{"name":"updateWithArray","decl":{"start":{"line":26,"column":24},"end":{"line":32,"column":2}},"loc":{"start":{"line":26,"column":24},"end":{"line":32,"column":2}},"line":26},"2":{"name":"updateWithSingleItem","decl":{"start":{"line":34,"column":29},"end":{"line":40,"column":2}},"loc":{"start":{"line":34,"column":29},"end":{"line":40,"column":2}},"line":34},"3":{"name":"updateWithArrayAsObject","decl":{"start":{"line":42,"column":32},"end":{"line":49,"column":2}},"loc":{"start":{"line":42,"column":32},"end":{"line":49,"column":2}},"line":42}},"f":{"0":2,"1":1,"2":1,"3":0}}
,"/var/www/tanstack-query-vue-cache-helpers/packages/vue/src/tests/components/refreshPartialItem/ReplaceSubArrayNoMatch.vue": {"path":"/var/www/tanstack-query-vue-cache-helpers/packages/vue/src/tests/components/refreshPartialItem/ReplaceSubArrayNoMatch.vue","all":false,"statementMap":{"0":{"start":{"line":1,"column":0},"end":{"line":1,"column":24}},"1":{"start":{"line":2,"column":0},"end":{"line":2,"column":86}},"2":{"start":{"line":3,"column":0},"end":{"line":3,"column":46}},"12":{"start":{"line":13,"column":0},"end":{"line":13,"column":44}},"13":{"start":{"line":14,"column":0},"end":{"line":14,"column":56}},"15":{"start":{"line":16,"column":0},"end":{"line":16,"column":47}},"16":{"start":{"line":17,"column":0},"end":{"line":17,"column":11}},"17":{"start":{"line":18,"column":0},"end":{"line":18,"column":16}},"18":{"start":{"line":19,"column":0},"end":{"line":19,"column":21}},"19":{"start":{"line":20,"column":0},"end":{"line":20,"column":83}},"20":{"start":{"line":21,"column":0},"end":{"line":21,"column":7}},"21":{"start":{"line":22,"column":0},"end":{"line":22,"column":3}},"23":{"start":{"line":24,"column":0},"end":{"line":24,"column":28}},"24":{"start":{"line":25,"column":0},"end":{"line":25,"column":36}},"25":{"start":{"line":26,"column":0},"end":{"line":26,"column":22}},"26":{"start":{"line":27,"column":0},"end":{"line":27,"column":21}},"27":{"start":{"line":28,"column":0},"end":{"line":28,"column":81}},"28":{"start":{"line":29,"column":0},"end":{"line":29,"column":5}},"29":{"start":{"line":30,"column":0},"end":{"line":30,"column":2}},"31":{"start":{"line":32,"column":0},"end":{"line":32,"column":41}},"34":{"start":{"line":35,"column":0},"end":{"line":35,"column":41}},"35":{"start":{"line":36,"column":0},"end":{"line":36,"column":31}},"36":{"start":{"line":37,"column":0},"end":{"line":37,"column":8}}},"s":{"0":1,"1":1,"2":1,"12":1,"13":1,"15":1,"16":1,"17":1,"18":1,"19":1,"20":1,"21":1,"23":1,"24":1,"25":1,"26":1,"27":1,"28":1,"29":1,"31":1,"34":1,"35":1,"36":1},"branchMap":{"0":{"type":"branch","line":18,"loc":{"start":{"line":18,"column":11},"end":{"line":21,"column":7}},"locations":[{"start":{"line":18,"column":11},"end":{"line":21,"column":7}}]},"1":{"type":"branch","line":24,"loc":{"start":{"line":24,"column":15},"end":{"line":30,"column":2}},"locations":[{"start":{"line":24,"column":15},"end":{"line":30,"column":2}}]}},"b":{"0":[1],"1":[1]},"fnMap":{"0":{"name":"queryFn","decl":{"start":{"line":18,"column":11},"end":{"line":21,"column":7}},"loc":{"start":{"line":18,"column":11},"end":{"line":21,"column":7}},"line":18},"1":{"name":"update","decl":{"start":{"line":24,"column":15},"end":{"line":30,"column":2}},"loc":{"start":{"line":24,"column":15},"end":{"line":30,"column":2}},"line":24}},"f":{"0":1,"1":1}}
,"/var/www/tanstack-query-vue-cache-helpers/packages/vue/src/tests/components/removeDeepItem/RemoveDeepItemFromUninitializedCache.vue": {"path":"/var/www/tanstack-query-vue-cache-helpers/packages/vue/src/tests/components/removeDeepItem/RemoveDeepItemFromUninitializedCache.vue","all":true,"statementMap":{"0":{"start":{"line":1,"column":0},"end":{"line":1,"column":24}},"1":{"start":{"line":2,"column":0},"end":{"line":2,"column":86}},"2":{"start":{"line":3,"column":0},"end":{"line":3,"column":46}},"17":{"start":{"line":18,"column":0},"end":{"line":18,"column":58}},"18":{"start":{"line":19,"column":0},"end":{"line":19,"column":56}},"21":{"start":{"line":22,"column":0},"end":{"line":22,"column":24}},"22":{"start":{"line":23,"column":0},"end":{"line":23,"column":11}},"23":{"start":{"line":24,"column":0},"end":{"line":24,"column":37}},"24":{"start":{"line":25,"column":0},"end":{"line":25,"column":66}},"25":{"start":{"line":26,"column":0},"end":{"line":26,"column":3}},"27":{"start":{"line":28,"column":0},"end":{"line":28,"column":36}},"28":{"start":{"line":29,"column":0},"end":{"line":29,"column":32}},"29":{"start":{"line":30,"column":0},"end":{"line":30,"column":22}},"30":{"start":{"line":31,"column":0},"end":{"line":31,"column":25}},"31":{"start":{"line":32,"column":0},"end":{"line":32,"column":25}},"32":{"start":{"line":33,"column":0},"end":{"line":33,"column":5}},"33":{"start":{"line":34,"column":0},"end":{"line":34,"column":2}},"35":{"start":{"line":36,"column":0},"end":{"line":36,"column":49}},"38":{"start":{"line":39,"column":0},"end":{"line":39,"column":29}}},"s":{"0":0,"1":0,"2":0,"17":0,"18":0,"21":0,"22":0,"23":0,"24":0,"25":0,"27":0,"28":0,"29":0,"30":0,"31":0,"32":0,"33":0,"35":0,"38":0},"branchMap":{"0":{"type":"branch","line":1,"loc":{"start":{"line":1,"column":902},"end":{"line":40,"column":11}},"locations":[{"start":{"line":1,"column":902},"end":{"line":40,"column":11}}]}},"b":{"0":[0]},"fnMap":{"0":{"name":"(empty-report)","decl":{"start":{"line":1,"column":902},"end":{"line":40,"column":11}},"loc":{"start":{"line":1,"column":902},"end":{"line":40,"column":11}},"line":1}},"f":{"0":0}}
,"/var/www/tanstack-query-vue-cache-helpers/packages/vue/src/tests/components/removeDeepItem/RemoveExistingItem.vue": {"path":"/var/www/tanstack-query-vue-cache-helpers/packages/vue/src/tests/components/removeDeepItem/RemoveExistingItem.vue","all":false,"statementMap":{"0":{"start":{"line":1,"column":0},"end":{"line":1,"column":24}},"1":{"start":{"line":2,"column":0},"end":{"line":2,"column":86}},"2":{"start":{"line":3,"column":0},"end":{"line":3,"column":46}},"10":{"start":{"line":11,"column":0},"end":{"line":11,"column":40}},"11":{"start":{"line":12,"column":0},"end":{"line":12,"column":56}},"13":{"start":{"line":14,"column":0},"end":{"line":14,"column":24}},"14":{"start":{"line":15,"column":0},"end":{"line":15,"column":11}},"15":{"start":{"line":16,"column":0},"end":{"line":16,"column":37}},"16":{"start":{"line":17,"column":0},"end":{"line":17,"column":3}},"18":{"start":{"line":19,"column":0},"end":{"line":19,"column":32}},"19":{"start":{"line":20,"column":0},"end":{"line":20,"column":23}},"20":{"start":{"line":21,"column":0},"end":{"line":21,"column":5}},"21":{"start":{"line":22,"column":0},"end":{"line":22,"column":12}},"22":{"start":{"line":23,"column":0},"end":{"line":23,"column":21}},"23":{"start":{"line":24,"column":0},"end":{"line":24,"column":17}},"24":{"start":{"line":25,"column":0},"end":{"line":25,"column":35}},"25":{"start":{"line":26,"column":0},"end":{"line":26,"column":35}},"26":{"start":{"line":27,"column":0},"end":{"line":27,"column":8}},"27":{"start":{"line":28,"column":0},"end":{"line":28,"column":6}},"28":{"start":{"line":29,"column":0},"end":{"line":29,"column":4}},"30":{"start":{"line":31,"column":0},"end":{"line":31,"column":53}},"31":{"start":{"line":32,"column":0},"end":{"line":32,"column":32}},"32":{"start":{"line":33,"column":0},"end":{"line":33,"column":22}},"33":{"start":{"line":34,"column":0},"end":{"line":34,"column":25}},"34":{"start":{"line":35,"column":0},"end":{"line":35,"column":20}},"35":{"start":{"line":36,"column":0},"end":{"line":36,"column":5}},"36":{"start":{"line":37,"column":0},"end":{"line":37,"column":2}},"38":{"start":{"line":39,"column":0},"end":{"line":39,"column":45}},"41":{"start":{"line":42,"column":0},"end":{"line":42,"column":41}},"42":{"start":{"line":43,"column":0},"end":{"line":43,"column":20}},"43":{"start":{"line":44,"
[...]
"start":{"line":1,"column":0},"end":{"line":1,"column":24}},"1":{"start":{"line":2,"column":0},"end":{"line":2,"column":86}},"2":{"start":{"line":3,"column":0},"end":{"line":3,"column":46}},"9":{"start":{"line":10,"column":0},"end":{"line":10,"column":44}},"10":{"start":{"line":11,"column":0},"end":{"line":11,"column":56}},"12":{"start":{"line":13,"column":0},"end":{"line":13,"column":47}},"13":{"start":{"line":14,"column":0},"end":{"line":14,"column":11}},"14":{"start":{"line":15,"column":0},"end":{"line":15,"column":75}},"15":{"start":{"line":16,"column":0},"end":{"line":16,"column":3}},"17":{"start":{"line":18,"column":0},"end":{"line":18,"column":32}},"18":{"start":{"line":19,"column":0},"end":{"line":19,"column":29}},"19":{"start":{"line":20,"column":0},"end":{"line":20,"column":48}},"20":{"start":{"line":21,"column":0},"end":{"line":21,"column":27}},"21":{"start":{"line":22,"column":0},"end":{"line":22,"column":5}},"22":{"start":{"line":23,"column":0},"end":{"line":23,"column":2}},"24":{"start":{"line":25,"column":0},"end":{"line":25,"column":45}},"27":{"start":{"line":28,"column":0},"end":{"line":28,"column":29}}},"s":{"0":1,"1":1,"2":1,"9":1,"10":1,"12":1,"13":1,"14":1,"15":1,"17":1,"18":1,"19":1,"20":1,"21":1,"22":1,"24":1,"27":1},"branchMap":{"0":{"type":"branch","line":15,"loc":{"start":{"line":15,"column":11},"end":{"line":15,"column":75}},"locations":[{"start":{"line":15,"column":11},"end":{"line":15,"column":75}}]},"1":{"type":"branch","line":18,"loc":{"start":{"line":18,"column":19},"end":{"line":23,"column":2}},"locations":[{"start":{"line":18,"column":19},"end":{"line":23,"column":2}}]}},"b":{"0":[1],"1":[1]},"fnMap":{"0":{"name":"queryFn","decl":{"start":{"line":15,"column":11},"end":{"line":15,"column":75}},"loc":{"start":{"line":15,"column":11},"end":{"line":15,"column":75}},"line":15},"1":{"name":"updateItem","decl":{"start":{"line":18,"column":19},"end":{"line":23,"column":2}},"loc":{"start":{"line":18,"column":19},"end":{"line":23,"column":2}},"line":18}},"f":{"0":1,"1":1}}
,"/var/www/tanstack-query-vue-cache-helpers/packages/vue/src/tests/components/updateItem/UpdateItemWithMultipleItems.vue": {"path":"/var/www/tanstack-query-vue-cache-helpers/packages/vue/src/tests/components/updateItem/UpdateItemWithMultipleItems.vue","all":false,"statementMap":{"0":{"start":{"line":1,"column":0},"end":{"line":1,"column":24}},"1":{"start":{"line":2,"column":0},"end":{"line":2,"column":86}},"2":{"start":{"line":3,"column":0},"end":{"line":3,"column":46}},"9":{"start":{"line":10,"column":0},"end":{"line":10,"column":49}},"10":{"start":{"line":11,"column":0},"end":{"line":11,"column":56}},"12":{"start":{"line":13,"column":0},"end":{"line":13,"column":47}},"13":{"start":{"line":14,"column":0},"end":{"line":14,"column":11}},"14":{"start":{"line":15,"column":0},"end":{"line":15,"column":16}},"15":{"start":{"line":16,"column":0},"end":{"line":16,"column":21}},"16":{"start":{"line":17,"column":0},"end":{"line":17,"column":32}},"17":{"start":{"line":18,"column":0},"end":{"line":18,"column":32}},"18":{"start":{"line":19,"column":0},"end":{"line":19,"column":31}},"19":{"start":{"line":20,"column":0},"end":{"line":20,"column":7}},"20":{"start":{"line":21,"column":0},"end":{"line":21,"column":3}},"22":{"start":{"line":23,"column":0},"end":{"line":23,"column":32}},"23":{"start":{"line":24,"column":0},"end":{"line":24,"column":28}},"24":{"start":{"line":25,"column":0},"end":{"line":25,"column":44}},"25":{"start":{"line":26,"column":0},"end":{"line":26,"column":21}},"26":{"start":{"line":27,"column":0},"end":{"line":27,"column":5}},"27":{"start":{"line":28,"column":0},"end":{"line":28,"column":2}},"29":{"start":{"line":30,"column":0},"end":{"line":30,"column":45}},"32":{"start":{"line":33,"column":0},"end":{"line":33,"column":41}},"33":{"start":{"line":34,"column":0},"end":{"line":34,"column":31}},"34":{"start":{"line":35,"column":0},"end":{"line":35,"column":8}}},"s":{"0":1,"1":1,"2":1,"9":1,"10":1,"12":1,"13":1,"14":1,"15":1,"16":1,"17":1,"18":1,"19":1,"20":1,"22":1,"23":1,"24":1,"25":1,"26":1,"27":1,"29":1,"32":1,"33":1,"34":1},"branchMap":{"0":{"type":"branch","line":15,"loc":{"start":{"line":15,"column":11},"end":{"line":20,"column":7}},"locations":[{"start":{"line":15,"column":11},"end":{"line":20,"column":7}}]},"1":{"type":"branch","line":23,"loc":{"start":{"line":23,"column":19},"end":{"line":28,"column":2}},"locations":[{"start":{"line":23,"column":19},"end":{"line":28,"column":2}}]}},"b":{"0":[1],"1":[1]},"fnMap":{"0":{"name":"queryFn","decl":{"start":{"line":15,"column":11},"end":{"line":20,"column":7}},"loc":{"start":{"line":15,"column":11},"end":{"line":20,"column":7}},"line":15},"1":{"name":"updateItem","decl":{"start":{"line":23,"column":19},"end":{"line":28,"column":2}},"loc":{"start":{"line":23,"column":19},"end":{"line":28,"column":2}},"line":23}},"f":{"0":1,"1":1}}
,"/var/www/tanstack-query-vue-cache-helpers/packages/vue/src/utilities/arrays/arrays.ts": {"path":"/var/www/tanstack-query-vue-cache-helpers/packages/vue/src/utilities/arrays/arrays.ts","all":true,"statementMap":{"0":{"start":{"line":1,"column":0},"end":{"line":1,"column":45}}},"s":{"0":0},"branchMap":{"0":{"type":"branch","line":1,"loc":{"start":{"line":1,"column":624},"end":{"line":19,"column":1}},"locations":[{"start":{"line":1,"column":624},"end":{"line":19,"column":1}}]}},"b":{"0":[0]},"fnMap":{"0":{"name":"(empty-report)","decl":{"start":{"line":1,"column":624},"end":{"line":19,"column":1}},"loc":{"start":{"line":1,"column":624},"end":{"line":19,"column":1}},"line":1}},"f":{"0":0}}
,"/var/www/tanstack-query-vue-cache-helpers/packages/vue/src/utilities/arrays/findRecursive.ts": {"path":"/var/www/tanstack-query-vue-cache-helpers/packages/vue/src/utilities/arrays/findRecursive.ts","all":true,"statementMap":{"0":{"start":{"line":1,"column":0},"end":{"line":1,"column":42}},"23":{"start":{"line":24,"column":0},"end":{"line":24,"column":37}},"24":{"start":{"line":25,"column":0},"end":{"line":25,"column":10}},"25":{"start":{"line":26,"column":0},"end":{"line":26,"column":34}},"26":{"start":{"line":27,"column":0},"end":{"line":27,"column":11}},"27":{"start":{"line":28,"column":0},"end":{"line":28,"column":12}},"28":{"start":{"line":29,"column":0},"end":{"line":29,"column":42}},"30":{"start":{"line":31,"column":0},"end":{"line":31,"column":30}},"31":{"start":{"line":32,"column":0},"end":{"line":32,"column":28}},"32":{"start":{"line":33,"column":0},"end":{"line":33,"column":20}},"33":{"start":{"line":34,"column":0},"end":{"line":34,"column":15}},"34":{"start":{"line":35,"column":0},"end":{"line":35,"column":16}},"35":{"start":{"line":36,"column":0},"end":{"line":36,"column":7}},"36":{"start":{"line":37,"column":0},"end":{"line":37,"column":1}}},"s":{"0":0,"23":0,"24":0,"25":0,"26":0,"27":0,"28":0,"30":0,"31":0,"32":0,"33":0,"34":0,"35":0,"36":0},"branchMap":{"0":{"type":"branch","line":1,"loc":{"start":{"line":1,"column":1210},"end":{"line":37,"column":1}},"locations":[{"start":{"line":1,"column":1210},"end":{"line":37,"column":1}}]}},"b":{"0":[0]},"fnMap":{"0":{"name":"(empty-report)","decl":{"start":{"line":1,"column":1210},"end":{"line":37,"column":1}},"loc":{"start":{"line":1,"column":1210},"end":{"line":37,"column":1}},"line":1}},"f":{"0":0}}
,"/var/www/tanstack-query-vue-cache-helpers/packages/vue/src/utilities/arrays/findRecursiveParent.ts": {"path":"/var/www/tanstack-query-vue-cache-helpers/packages/vue/src/utilities/arrays/findRecursiveParent.ts","all":true,"statementMap":{"0":{"start":{"line":1,"column":0},"end":{"line":1,"column":42}},"23":{"start":{"line":24,"column":0},"end":{"line":24,"column":43}},"24":{"start":{"line":25,"column":0},"end":{"line":25,"column":10}},"25":{"start":{"line":26,"column":0},"end":{"line":26,"column":34}},"26":{"start":{"line":27,"column":0},"end":{"line":27,"column":11}},"27":{"start":{"line":28,"column":0},"end":{"line":28,"column":12}},"28":{"start":{"line":29,"column":0},"end":{"line":29,"column":48}},"30":{"start":{"line":31,"column":0},"end":{"line":31,"column":36}},"31":{"start":{"line":32,"column":0},"end":{"line":32,"column":28}},"32":{"start":{"line":33,"column":0},"end":{"line":33,"column":20}},"33":{"start":{"line":34,"column":0},"end":{"line":34,"column":15}},"34":{"start":{"line":35,"column":0},"end":{"line":35,"column":16}},"35":{"start":{"line":36,"column":0},"end":{"line":36,"column":7}},"36":{"start":{"line":37,"column":0},"end":{"line":37,"column":1}}},"s":{"0":0,"23":0,"24":0,"25":0,"26":0,"27":0,"28":0,"30":0,"31":0,"32":0,"33":0,"34":0,"35":0,"36":0},"branchMap":{"0":{"type":"branch","line":1,"loc":{"start":{"line":1,"column":1260},"end":{"line":37,"column":1}},"locations":[{"start":{"line":1,"column":1260},"end":{"line":37,"column":1}}]}},"b":{"0":[0]},"fnMap":{"0":{"name":"(empty-report)","decl":{"start":{"line":1,"column":1260},"end":{"line":37,"column":1}},"loc":{"start":{"line":1,"column":1260},"end":{"line":37,"column":1}},"line":1}},"f":{"0":0}}
,"/var/www/tanstack-query-vue-cache-helpers/packages/vue/src/utilities/arrays/insertDeepItem.ts": {"path":"/var/www/tanstack-query-vue-cache-helpers/packages/vue/src/utilities/arrays/insertDeepItem.ts","all":true,"statementMap":{"0":{"start":{"line":1,"column":0},"end":{"line":1,"column":42}},"11":{"start":{"line":12,"column":0},"end":{"line":12,"column":35}},"12":{"start":{"line":13,"column":0},"end":{"line":13,"column":10}},"13":{"start":{"line":14,"column":0},"end":{"line":14,"column":9}},"14":{"start":{"line":15,"column":0},"end":{"line":15,"column":13}},"15":{"start":{"line":16,"column":0},"end":{"line":16,"column":14}},"16":{"start":{"line":17,"column":0},"end":{"line":17,"column":33}},"17":{"start":{"line":18,"column":0},"end":{"line":18,"column":33}},"19":{"start":{"line":20,"column":0},"end":{"line":20,"column":31}},"20":{"start":{"line":21,"column":0},"end":{"line":21,"column":28}},"21":{"start":{"line":22,"column":0},"end":{"line":22,"column":13}},"22":{"start":{"line":23,"column":0},"end":{"line":23,"column":17}},"23":{"start":{"line":24,"column":0},"end":{"line":24,"column":18}},"24":{"start":{"line":25,"column":0},"end":{"line":25,"column":19}},"25":{"start":{"line":26,"column":0},"end":{"line":26,"column":7}},"26":{"start":{"line":27,"column":0},"end":{"line":27,"column":1}}},"s":{"0":0,"11":0,"12":0,"13":0,"14":0,"15":0,"16":0,"17":0,"19":0,"20":0,"21":0,"22":0,"23":0,"24":0,"25":0,"26":0},"branchMap":{"0":{"type":"branch","line":1,"loc":{"start":{"line":1,"column":655},"end":{"line":27,"column":1}},"locations":[{"start":{"line":1,"column":655},"end":{"line":27,"column":1}}]}},"b":{"0":[0]},"fnMap":{"0":{"name":"(empty-report)","decl":{"start":{"line":1,"column":655},"end":{"line":27,"column":1}},"loc":{"start":{"line":1,"column":655},"end":{"line":27,"column":1}},"line":1}},"f":{"0":0}}
,"/var/www/tanstack-query-vue-cache-helpers/packages/vue/src/utilities/arrays/refreshArray.ts": {"path":"/var/www/tanstack-query-vue-cache-helpers/packages/vue/src/utilities/arrays/refreshArray.ts","all":true,"statementMap":{"0":{"start":{"line":1,"column":0},"end":{"line":1,"column":49}},"24":{"start":{"line":25,"column":0},"end":{"line":25,"column":33}},"25":{"start":{"line":26,"column":0},"end":{"line":26,"column":10}},"26":{"start":{"line":27,"column":0},"end":{"line":27,"column":13}},"27":{"start":{"line":28,"column":0},"end":{"line":28,"column":21}},"28":{"start":{"line":29,"column":0},"end":{"line":29,"column":34}},"29":{"start":{"line":30,"column":0},"end":{"line":30,"column":30}},"30":{"start":{"line":31,"column":0},"end":{"line":31,"column":18}},"31":{"start":{"line":32,"column":0},"end":{"line":32,"column":46}},"35":{"start":{"line":36,"column":0},"end":{"line":36,"column":23}},"37":{"start":{"line":38,"column":0},"end":{"line":38,"column":41}},"38":{"start":{"line":39,"column":0},"end":{"line":39,"column":32}},"39":{"start":{"line":40,"column":0},"end":{"line":40,"column":38}},"40":{"start":{"line":41,"column":0},"end":{"line":41,"column":21}},"41":{"start":{"line":42,"column":0},"end":{"line":42,"column":24}},"42":{"start":{"line":43,"column":0},"end":{"line":43,"column":29}},"43":{"start":{"line":44,"column":0},"end":{"line":44,"column":17}},"44":{"start":{"line":45,"column":0},"end":{"line":45,"column":11}},"47":{"start":{"line":48,"column":0},"end":{"line":48,"column":38}},"48":{"start":{"line":49,"column":0},"end":{"line":49,"column":33}},"49":{"start":{"line":50,"column":0},"end":{"line":50,"column":9}},"51":{"start":{"line":52,"column":0},"end":{"line":52,"column":21}},"52":{"start":{"line":53,"column":0},"end":{"line":53,"column":6}},"54":{"start":{"line":55,"column":0},"end":{"line":55,"column":10}},"55":{"start":{"line":56,"column":0},"end":{"line":56,"column":33}},"56":{"start":{"line":57,"column":0},"end":{"line":57,"column":32}},"57":{"start":{"line":58,"column":0},"end":{"line":58,"column":38}},"58":{"start":{"line":59,"column":0},"end":{"line":59,"column":21}},"59":{"start":{"line":60,"column":0},"end":{"line":60,"column":24}},"60":{"start":{"line":61,"column":0},"end":{"line":61,"column":29}},"61":{"start":{"line":62,"column":0},"end":{"line":62,"column":17}},"62":{"start":{"line":63,"column":0},"end":{"line":63,"column":11}},"63":{"start":{"line":64,"column":0},"end":{"line":64,"column":5}},"64":{"start":{"line":65,"column":0},"end":{"line":65,"column":1}}},"s":{"0":0,"24":0,"25":0,"26":0,"27":0,"28":0,"29":0,"30":0,"31":0,"35":0,"37":0,"38":0,"39":0,"40":0,"41":0,"42":0,"43":0,"44":0,"47":0,"48":0,"49":0,"51":0,"52":0,"54":0,"55":0,"56":0,"57":0,"58":0,"59":0,"60":0,"61":0,"62":0,"63":0,"64":0},"branchMap":{"0":{"type":"branch","line":1,"loc":{"start":{"line":1,"column":1680},"end":{"line":65,"column":1}},"locations":[{"start":{"line":1,"column":1680},"end":{"line":65,"column":1}}]}},"b":{"0":[0]},"fnMap":{"0":{"name":"(empty-report)","decl":{"start":{"line":1,"column":1680},"end":{"line":65,"column":1}},"loc":{"start":{"line":1,"column":1680},"end":{"line":65,"column":1}},"line":1}},"f":{"0":0}}
,"/var/www/tanstack-query-vue-cache-helpers/packages/vue/src/utilities/arrays/removeArrayItem.ts": {"path":"/var/www/tanstack-query-vue-cache-helpers/packages/vue/src/utilities/arrays/removeArrayItem.ts","all":true,"statementMap":{"0":{"start":{"line":1,"column":0},"end":{"line":1,"column":49}},"8":{"start":{"line":9,"column":0},"end":{"line":9,"column":36}},"9":{"start":{"line":10,"column":0},"end":{"line":10,"column":10}},"10":{"start":{"line":11,"column":0},"end":{"line":11,"column":19}},"11":{"start":{"line":12,"column":0},"end":{"line":12,"column":32}},"12":{"start":{"line":13,"column":0},"end":{"line":13,"column":47}},"13":{"start":{"line":14,"column":0},"end":{"line":14,"column":1}},"15":{"start":{"line":16,"column":0},"end":{"line":16,"column":23}},"16":{"start":{"line":17,"column":0},"end":{"line":17,"column":29}},"17":{"start":{"line":18,"column":0},"end":{"line":18,"column":31}},"18":{"start":{"line":19,"column":0},"end":{"line":19,"column":27}},"19":{"start":{"line":20,"column":0},"end":{"line":20,"column":23}},"20":{"start":{"line":21,"column":0},"end":{"line":21,"column":11}},"21":{"start":{"line":22,"column":0},"end":{"line":22,"column":21}},"22":{"start":{"line":23,"column":0},"end":{"line":23,"column":6}},"24":{"start":{"line":25,"column":0},"end":{"line":25,"column":10}},"25":{"start":{"line":26,"column":0},"end":{"line":26,"column":36}},"26":{"start":{"line":27,"column":0},"end":{"line":27,"column":32}},"27":{"start":{"line":28,"column":0},"end":{"line":28,"column":27}},"28":{"start":{"line":29,"column":0},"end":{"line":29,"column":23}},"29":{"start":{"line":30,"column":0},"end":{"line":30,"column":11}},"30":{"start":{"line":31,"column":0},"end":{"line":31,"column":5}},"31":{"start":{"line":32,"column":0},"end":{"line":32,"column":1}}},"s":{"0":0,"8":0,"9":0,"10":0,"11":0,"12":0,"13":0,"15":0,"16":0,"17":0,"18":0,"19":0,"20":0,"21":0,"22":0,"24":0,"25":0,"26":0,"27":0,"28":0,"29":0,"30":0,"31":0},"branchMap":{"0":{"type":"branch","line":1,"loc":{"start":{"line":1,"column":880},"end":{"line":32,"column":1}},"locations":[{"start":{"line":1,"column":880},"end":{"line":32,"column":1}}]}},"b":{"0":[0]},"fnMap":{"0":{"name":"(empty-report)","decl":{"start":{"line":1,"column":880},"end":{"line":32,"column":1}},"loc":{"start":{"line":1,"column":880},"end":{"line":32,"column":1}},"line":1}},"f":{"0":0}}
,"/var/www/tanstack-query-vue-cache-helpers/packages/vue/src/utilities/arrays/removeDeepItem.ts": {"path":"/var/www/tanstack-query-vue-cache-helpers/packages/vue/src/utilities/arrays/removeDeepItem.ts","all":true,"statementMap":{"0":{"start":{"line":1,"column":0},"end":{"line":1,"column":42}},"11":{"start":{"line":12,"column":0},"end":{"line":12,"column":35}},"12":{"start":{"line":13,"column":0},"end":{"line":13,"column":10}},"13":{"start":{"line":14,"column":0},"end":{"line":14,"column":12}},"14":{"start":{"line":15,"column":0},"end":{"line":15,"column":13}},"15":{"start":{"line":16,"column":0},"end":{"line":16,"column":14}},"16":{"start":{"line":17,"column":0},"end":{"line":17,"column":33}},"17":{"start":{"line":18,"column":0},"end":{"line":18,"column":33}},"19":{"start":{"line":20,"column":0},"end":{"line":20,"column":31}},"20":{"start":{"line":21,"column":0},"end":{"line":21,"column":28}},"21":{"start":{"line":22,"column":0},"end":{"line":22,"column":16}},"22":{"start":{"line":23,"column":0},"end":{"line":23,"column":17}},"23":{"start":{"line":24,"column":0},"end":{"line":24,"column":18}},"24":{"start":{"line":25,"column":0},"end":{"line":25,"column":19}},"25":{"start":{"line":26,"column":0},"end":{"line":26,"column":7}},"26":{"start":{"line":27,"column":0},"end":{"line":27,"column":1}}},"s":{"0":0,"11":0,"12":0,"13":0,"14":0,"15":0,"16":0,"17":0,"19":0,"20":0,"21":0,"22":0,"23":0,"24":0,"25":0,"26":0},"branchMap":{"0":{"type":"branch","line":1,"loc":{"start":{"line":1,"column":680},"end":{"line":27,"column":1}},"locations":[{"start":{"line":1,"column":680},"end":{"line":27,"column":1}}]}},"b":{"0":[0]},"fnMap":{"0":{"name":"(empty-report)","decl":{"start":{"line":1,"column":680},"end":{"line":27,"column":1}},"loc":{"start":{"line":1,"column":680},"end":{"line":27,"column":1}},"line":1}},"f":{"0":0}}
,"/var/www/tanstack-query-vue-cache-helpers/packages/vue/src/utilities/arrays/updateDeepItem.ts": {"path":"/var/www/tanstack-query-vue-cache-helpers/packages/vue/src/utilities/arrays/updateDeepItem.ts","all":true,"statementMap":{"0":{"start":{"line":1,"column":0},"end":{"line":1,"column":42}},"11":{"start":{"line":12,"column":0},"end":{"line":12,"column":35}},"12":{"start":{"line":13,"column":0},"end":{"line":13,"column":10}},"13":{"start":{"line":14,"column":0},"end":{"line":14,"column":9}},"14":{"start":{"line":15,"column":0},"end":{"line":15,"column":13}},"15":{"start":{"line":16,"column":0},"end":{"line":16,"column":14}},"16":{"start":{"line":17,"column":0},"end":{"line":17,"column":33}},"17":{"start":{"line":18,"column":0},"end":{"line":18,"column":33}},"19":{"start":{"line":20,"column":0},"end":{"line":20,"column":31}},"20":{"start":{"line":21,"column":0},"end":{"line":21,"column":28}},"21":{"start":{"line":22,"column":0},"end":{"line":22,"column":13}},"22":{"start":{"line":23,"column":0},"end":{"line":23,"column":17}},"23":{"start":{"line":24,"column":0},"end":{"line":24,"column":18}},"24":{"start":{"line":25,"column":0},"end":{"line":25,"column":19}},"25":{"start":{"line":26,"column":0},"end":{"line":26,"column":7}},"26":{"start":{"line":27,"column":0},"end":{"line":27,"column":1}}},"s":{"0":0,"11":0,"12":0,"13":0,"14":0,"15":0,"16":0,"17":0,"19":0,"20":0,"21":0,"22":0,"23":0,"24":0,"25":0,"26":0},"branchMap":{"0":{"type":"branch","line":1,"loc":{"start":{"line":1,"column":655},"end":{"line":27,"column":1}},"locations":[{"start":{"line":1,"column":655},"end":{"line":27,"column":1}}]}},"b":{"0":[0]},"fnMap":{"0":{"name":"(empty-report)","decl":{"start":{"line":1,"column":655},"end":{"line":27,"column":1}},"loc":{"start":{"line":1,"column":655},"end":{"line":27,"column":1}},"line":1}},"f":{"0":0}}
}
