{"/var/www/tanstack-query-vue-cache-helpers/lib/maint.ts": {"path":"/var/www/tanstack-query-vue-cache-helpers/lib/maint.ts","all":true,"statementMap":{},"s":{},"branchMap":{"0":{"type":"branch","line":1,"loc":{"start":{"line":1,"column":0},"end":{"line":1,"column":0}},"locations":[{"start":{"line":1,"column":0},"end":{"line":1,"column":0}}]}},"b":{"0":[1]},"fnMap":{"0":{"name":"(empty-report)","decl":{"start":{"line":1,"column":0},"end":{"line":1,"column":0}},"loc":{"start":{"line":1,"column":0},"end":{"line":1,"column":0}},"line":1}},"f":{"0":1}}
,"/var/www/tanstack-query-vue-cache-helpers/lib/composables/useTanstackCacheHelpers/index.ts": {"path":"/var/www/tanstack-query-vue-cache-helpers/lib/composables/useTanstackCacheHelpers/index.ts","all":false,"statementMap":{"1":{"start":{"line":2,"column":0},"end":{"line":2,"column":52}},"2":{"start":{"line":3,"column":0},"end":{"line":3,"column":49}},"3":{"start":{"line":4,"column":0},"end":{"line":4,"column":49}},"4":{"start":{"line":5,"column":0},"end":{"line":5,"column":49}},"5":{"start":{"line":6,"column":0},"end":{"line":6,"column":49}},"6":{"start":{"line":7,"column":0},"end":{"line":7,"column":53}},"7":{"start":{"line":8,"column":0},"end":{"line":8,"column":59}},"8":{"start":{"line":9,"column":0},"end":{"line":9,"column":57}},"9":{"start":{"line":10,"column":0},"end":{"line":10,"column":65}},"10":{"start":{"line":11,"column":0},"end":{"line":11,"column":55}},"11":{"start":{"line":12,"column":0},"end":{"line":12,"column":44}},"23":{"start":{"line":24,"column":0},"end":{"line":24,"column":134}},"24":{"start":{"line":25,"column":0},"end":{"line":25,"column":40}},"26":{"start":{"line":27,"column":0},"end":{"line":27,"column":12}},"27":{"start":{"line":28,"column":0},"end":{"line":28,"column":20}},"28":{"start":{"line":29,"column":0},"end":{"line":29,"column":76}},"29":{"start":{"line":30,"column":0},"end":{"line":30,"column":92}},"30":{"start":{"line":31,"column":0},"end":{"line":31,"column":92}},"31":{"start":{"line":32,"column":0},"end":{"line":32,"column":92}},"32":{"start":{"line":33,"column":0},"end":{"line":33,"column":63}},"33":{"start":{"line":34,"column":0},"end":{"line":34,"column":98}},"34":{"start":{"line":35,"column":0},"end":{"line":35,"column":107}},"35":{"start":{"line":36,"column":0},"end":{"line":36,"column":104}},"36":{"start":{"line":37,"column":0},"end":{"line":37,"column":122}},"37":{"start":{"line":38,"column":0},"end":{"line":38,"column":106}},"38":{"start":{"line":39,"column":0},"end":{"line":39,"column":5}},"39":{"start":{"line":40,"column":0},"end":{"line":40,"column":1}}},"s":{"1":1,"2":1,"3":1,"4":1,"5":1,"6":1,"7":1,"8":1,"9":1,"10":1,"11":1,"23":1,"24":47,"26":47,"27":47,"28":47,"29":47,"30":47,"31":47,"32":47,"33":47,"34":47,"35":47,"36":47,"37":47,"38":47,"39":47},"branchMap":{"0":{"type":"branch","line":24,"loc":{"start":{"line":24,"column":39},"end":{"line":40,"column":1}},"locations":[{"start":{"line":24,"column":39},"end":{"line":40,"column":1}}]},"1":{"type":"branch","line":29,"loc":{"start":{"line":29,"column":28},"end":{"line":29,"column":76}},"locations":[{"start":{"line":29,"column":28},"end":{"line":29,"column":76}}]},"2":{"type":"branch","line":30,"loc":{"start":{"line":30,"column":20},"end":{"line":30,"column":92}},"locations":[{"start":{"line":30,"column":20},"end":{"line":30,"column":92}}]},"3":{"type":"branch","line":31,"loc":{"start":{"line":31,"column":20},"end":{"line":31,"column":92}},"locations":[{"start":{"line":31,"column":20},"end":{"line":31,"column":92}}]},"4":{"type":"branch","line":32,"loc":{"start":{"line":32,"column":20},"end":{"line":32,"column":92}},"locations":[{"start":{"line":32,"column":20},"end":{"line":32,"column":92}}]},"5":{"type":"branch","line":33,"loc":{"start":{"line":33,"column":20},"end":{"line":33,"column":63}},"locations":[{"start":{"line":33,"column":20},"end":{"line":33,"column":63}}]},"6":{"type":"branch","line":34,"loc":{"start":{"line":34,"column":22},"end":{"line":34,"column":98}},"locations":[{"start":{"line":34,"column":22},"end":{"line":34,"column":98}}]},"7":{"type":"branch","line":35,"loc":{"start":{"line":35,"column":25},"end":{"line":35,"column":107}},"locations":[{"start":{"line":35,"column":25},"end":{"line":35,"column":107}}]},"8":{"type":"branch","line":36,"loc":{"start":{"line":36,"column":24},"end":{"line":36,"column":104}},"locations":[{"start":{"line":36,"column":24},"end":{"line":36,"column":104}}]},"9":{"type":"branch","line":37,"loc":{"start":{"line":37,"column":28},"end":{"line":37,"column":122}},"locations":[{"start":{"line":37,"column":28},"end":{"line":37,"column":122}}]},"10":{"type":"branch","line":38,"loc":{"start":{"line":38,"column":23},"end":{"line":38,"column":106}},"locations":[{"start":{"line":38,"column":23},"end":{"line":38,"column":106}}]}},"b":{"0":[47],"1":[59],"2":[5],"3":[4],"4":[9],"5":[2],"6":[18],"7":[4],"8":[5],"9":[6],"10":[6]},"fnMap":{"0":{"name":"useTanstackCacheHelpers","decl":{"start":{"line":24,"column":39},"end":{"line":40,"column":1}},"loc":{"start":{"line":24,"column":39},"end":{"line":40,"column":1}},"line":24},"1":{"name":"isQueryInitialized","decl":{"start":{"line":29,"column":28},"end":{"line":29,"column":76}},"loc":{"start":{"line":29,"column":28},"end":{"line":29,"column":76}},"line":29},"2":{"name":"addToCache","decl":{"start":{"line":30,"column":20},"end":{"line":30,"column":92}},"loc":{"start":{"line":30,"column":20},"end":{"line":30,"column":92}},"line":30},"3":{"name":"updateItem","decl":{"start":{"line":31,"column":20},"end":{"line":31,"column":92}},"loc":{"start":{"line":31,"column":20},"end":{"line":31,"column":92}},"line":31},"4":{"name":"removeItem","decl":{"start":{"line":32,"column":20},"end":{"line":32,"column":92}},"loc":{"start":{"line":32,"column":20},"end":{"line":32,"column":92}},"line":32},"5":{"name":"clearCache","decl":{"start":{"line":33,"column":20},"end":{"line":33,"column":63}},"loc":{"start":{"line":33,"column":20},"end":{"line":33,"column":63}},"line":33},"6":{"name":"refreshCache","decl":{"start":{"line":34,"column":22},"end":{"line":34,"column":98}},"loc":{"start":{"line":34,"column":22},"end":{"line":34,"column":98}},"line":34},"7":{"name":"refreshDeepItem","decl":{"start":{"line":35,"column":25},"end":{"line":35,"column":107}},"loc":{"start":{"line":35,"column":25},"end":{"line":35,"column":107}},"line":35},"8":{"name":"removeDeepItem","decl":{"start":{"line":36,"column":24},"end":{"line":36,"column":104}},"loc":{"start":{"line":36,"column":24},"end":{"line":36,"column":104}},"line":36},"9":{"name":"refreshPartialItem","decl":{"start":{"line":37,"column":28},"end":{"line":37,"column":122}},"loc":{"start":{"line":37,"column":28},"end":{"line":37,"column":122}},"line":37},"10":{"name":"removeSubItem","decl":{"start":{"line":38,"column":23},"end":{"line":38,"column":106}},"loc":{"start":{"line":38,"column":23},"end":{"line":38,"column":106}},"line":38}},"f":{"0":47,"1":59,"2":5,"3":4,"4":9,"5":2,"6":18,"7":4,"8":5,"9":6,"10":6}}
,"/var/www/tanstack-query-vue-cache-helpers/lib/composables/useTanstackCacheHelpers/types.ts": {"path":"/var/www/tanstack-query-vue-cache-helpers/lib/composables/useTanstackCacheHelpers/types.ts","all":true,"statementMap":{},"s":{},"branchMap":{"0":{"type":"branch","line":1,"loc":{"start":{"line":1,"column":1111},"end":{"line":52,"column":1}},"locations":[{"start":{"line":1,"column":1111},"end":{"line":52,"column":1}}]}},"b":{"0":[1]},"fnMap":{"0":{"name":"(empty-report)","decl":{"start":{"line":1,"column":1111},"end":{"line":52,"column":1}},"loc":{"start":{"line":1,"column":1111},"end":{"line":52,"column":1}},"line":1}},"f":{"0":1}}
,"/var/www/tanstack-query-vue-cache-helpers/lib/composables/useTanstackCacheHelpers/utils.ts": {"path":"/var/www/tanstack-query-vue-cache-helpers/lib/composables/useTanstackCacheHelpers/utils.ts","all":false,"statementMap":{"2":{"start":{"line":3,"column":0},"end":{"line":3,"column":72}},"3":{"start":{"line":4,"column":0},"end":{"line":4,"column":18}},"4":{"start":{"line":5,"column":0},"end":{"line":5,"column":151}},"5":{"start":{"line":6,"column":0},"end":{"line":6,"column":12}},"6":{"start":{"line":7,"column":0},"end":{"line":7,"column":5}},"7":{"start":{"line":8,"column":0},"end":{"line":8,"column":1}},"9":{"start":{"line":10,"column":0},"end":{"line":10,"column":77}},"10":{"start":{"line":11,"column":0},"end":{"line":11,"column":52}},"11":{"start":{"line":12,"column":0},"end":{"line":12,"column":30}},"12":{"start":{"line":13,"column":0},"end":{"line":13,"column":1}}},"s":{"2":1,"3":11,"4":11,"5":11,"6":11,"7":11,"9":1,"10":118,"11":118,"12":118},"branchMap":{"0":{"type":"branch","line":3,"loc":{"start":{"line":3,"column":36},"end":{"line":8,"column":1}},"locations":[{"start":{"line":3,"column":36},"end":{"line":8,"column":1}}]},"1":{"type":"branch","line":10,"loc":{"start":{"line":10,"column":34},"end":{"line":13,"column":1}},"locations":[{"start":{"line":10,"column":34},"end":{"line":13,"column":1}}]}},"b":{"0":[11],"1":[118]},"fnMap":{"0":{"name":"handleNotInitialized","decl":{"start":{"line":3,"column":36},"end":{"line":8,"column":1}},"loc":{"start":{"line":3,"column":36},"end":{"line":8,"column":1}},"line":3},"1":{"name":"isQueryInitialized","decl":{"start":{"line":10,"column":34},"end":{"line":13,"column":1}},"loc":{"start":{"line":10,"column":34},"end":{"line":13,"column":1}},"line":10}},"f":{"0":11,"1":118}}
,"/var/www/tanstack-query-vue-cache-helpers/lib/composables/useTanstackCacheHelpers/helpers/addToCache.ts": {"path":"/var/www/tanstack-query-vue-cache-helpers/lib/composables/useTanstackCacheHelpers/helpers/addToCache.ts","all":false,"statementMap":{"0":{"start":{"line":1,"column":0},"end":{"line":1,"column":30}},"2":{"start":{"line":3,"column":0},"end":{"line":3,"column":67}},"5":{"start":{"line":6,"column":0},"end":{"line":6,"column":51}},"6":{"start":{"line":7,"column":0},"end":{"line":7,"column":30}},"7":{"start":{"line":8,"column":0},"end":{"line":8,"column":24}},"8":{"start":{"line":9,"column":0},"end":{"line":9,"column":49}},"9":{"start":{"line":10,"column":0},"end":{"line":10,"column":6}},"11":{"start":{"line":12,"column":0},"end":{"line":12,"column":52}},"12":{"start":{"line":13,"column":0},"end":{"line":13,"column":38}},"13":{"start":{"line":14,"column":0},"end":{"line":14,"column":21}},"14":{"start":{"line":15,"column":0},"end":{"line":15,"column":96}},"15":{"start":{"line":16,"column":0},"end":{"line":16,"column":9}},"17":{"start":{"line":18,"column":0},"end":{"line":18,"column":25}},"18":{"start":{"line":19,"column":0},"end":{"line":19,"column":5}},"19":{"start":{"line":20,"column":0},"end":{"line":20,"column":10}},"20":{"start":{"line":21,"column":0},"end":{"line":21,"column":30}},"21":{"start":{"line":22,"column":0},"end":{"line":22,"column":31}},"22":{"start":{"line":23,"column":0},"end":{"line":23,"column":21}},"23":{"start":{"line":24,"column":0},"end":{"line":24,"column":16}},"24":{"start":{"line":25,"column":0},"end":{"line":25,"column":20}},"25":{"start":{"line":26,"column":0},"end":{"line":26,"column":5}},"26":{"start":{"line":27,"column":0},"end":{"line":27,"column":1}}},"s":{"0":1,"2":1,"5":1,"6":5,"7":5,"8":5,"9":5,"11":5,"12":3,"13":3,"14":3,"15":3,"17":3,"18":3,"19":2,"20":2,"21":2,"22":2,"23":2,"24":2,"25":2,"26":5},"branchMap":{"0":{"type":"branch","line":6,"loc":{"start":{"line":6,"column":26},"end":{"line":27,"column":1}},"locations":[{"start":{"line":6,"column":26},"end":{"line":27,"column":1}}]},"1":{"type":"branch","line":12,"loc":{"start":{"line":12,"column":51},"end":{"line":19,"column":5}},"locations":[{"start":{"line":12,"column":51},"end":{"line":19,"column":5}}]},"2":{"type":"branch","line":19,"loc":{"start":{"line":19,"column":4},"end":{"line":26,"column":5}},"locations":[{"start":{"line":19,"column":4},"end":{"line":26,"column":5}}]},"3":{"type":"branch","line":15,"loc":{"start":{"line":15,"column":12},"end":{"line":15,"column":96}},"locations":[{"start":{"line":15,"column":12},"end":{"line":15,"column":96}}]},"4":{"type":"branch","line":15,"loc":{"start":{"line":15,"column":39},"end":{"line":15,"column":74}},"locations":[{"start":{"line":15,"column":39},"end":{"line":15,"column":74}}]},"5":{"type":"branch","line":15,"loc":{"start":{"line":15,"column":70},"end":{"line":15,"column":96}},"locations":[{"start":{"line":15,"column":70},"end":{"line":15,"column":96}}]}},"b":{"0":[5],"1":[3],"2":[2],"3":[3],"4":[2],"5":[1]},"fnMap":{"0":{"name":"addToCache","decl":{"start":{"line":6,"column":26},"end":{"line":27,"column":1}},"loc":{"start":{"line":6,"column":26},"end":{"line":27,"column":1}},"line":6}},"f":{"0":5}}
,"/var/www/tanstack-query-vue-cache-helpers/lib/composables/useTanstackCacheHelpers/helpers/clearCache.ts": {"path":"/var/www/tanstack-query-vue-cache-helpers/lib/composables/useTanstackCacheHelpers/helpers/clearCache.ts","all":false,"statementMap":{"0":{"start":{"line":1,"column":0},"end":{"line":1,"column":30}},"1":{"start":{"line":2,"column":0},"end":{"line":2,"column":67}},"4":{"start":{"line":5,"column":0},"end":{"line":5,"column":51}},"5":{"start":{"line":6,"column":0},"end":{"line":6,"column":30}},"6":{"start":{"line":7,"column":0},"end":{"line":7,"column":22}},"7":{"start":{"line":8,"column":0},"end":{"line":8,"column":6}},"8":{"start":{"line":9,"column":0},"end":{"line":9,"column":52}},"9":{"start":{"line":10,"column":0},"end":{"line":10,"column":38}},"10":{"start":{"line":11,"column":0},"end":{"line":11,"column":21}},"11":{"start":{"line":12,"column":0},"end":{"line":12,"column":14}},"12":{"start":{"line":13,"column":0},"end":{"line":13,"column":9}},"14":{"start":{"line":15,"column":0},"end":{"line":15,"column":25}},"15":{"start":{"line":16,"column":0},"end":{"line":16,"column":5}},"16":{"start":{"line":17,"column":0},"end":{"line":17,"column":10}},"17":{"start":{"line":18,"column":0},"end":{"line":18,"column":30}},"18":{"start":{"line":19,"column":0},"end":{"line":19,"column":31}},"19":{"start":{"line":20,"column":0},"end":{"line":20,"column":20}},"20":{"start":{"line":21,"column":0},"end":{"line":21,"column":20}},"21":{"start":{"line":22,"column":0},"end":{"line":22,"column":5}},"22":{"start":{"line":23,"column":0},"end":{"line":23,"column":1}}},"s":{"0":1,"1":1,"4":1,"5":2,"6":2,"7":2,"8":2,"9":1,"10":1,"11":1,"12":1,"14":1,"15":1,"16":1,"17":1,"18":1,"19":1,"20":1,"21":1,"22":2},"branchMap":{"0":{"type":"branch","line":5,"loc":{"start":{"line":5,"column":26},"end":{"line":23,"column":1}},"locations":[{"start":{"line":5,"column":26},"end":{"line":23,"column":1}}]},"1":{"type":"branch","line":9,"loc":{"start":{"line":9,"column":51},"end":{"line":22,"column":5}},"locations":[{"start":{"line":9,"column":51},"end":{"line":22,"column":5}}]}},"b":{"0":[2],"1":[1]},"fnMap":{"0":{"name":"clearCache","decl":{"start":{"line":5,"column":26},"end":{"line":23,"column":1}},"loc":{"start":{"line":5,"column":26},"end":{"line":23,"column":1}},"line":5}},"f":{"0":2}}
,"/var/www/tanstack-query-vue-cache-helpers/lib/composables/useTanstackCacheHelpers/helpers/refreshCache.ts": {"path":"/var/www/tanstack-query-vue-cache-helpers/lib/composables/useTanstackCacheHelpers/helpers/refreshCache.ts","all":false,"statementMap":{"0":{"start":{"line":1,"column":0},"end":{"line":1,"column":30}},"2":{"start":{"line":3,"column":0},"end":{"line":3,"column":67}},"5":{"start":{"line":6,"column":0},"end":{"line":6,"column":53}},"6":{"start":{"line":7,"column":0},"end":{"line":7,"column":30}},"7":{"start":{"line":8,"column":0},"end":{"line":8,"column":24}},"8":{"start":{"line":9,"column":0},"end":{"line":9,"column":5}},"9":{"start":{"line":10,"column":0},"end":{"line":10,"column":14}},"10":{"start":{"line":11,"column":0},"end":{"line":11,"column":38}},"11":{"start":{"line":12,"column":0},"end":{"line":12,"column":34}},"12":{"start":{"line":13,"column":0},"end":{"line":13,"column":23}},"13":{"start":{"line":14,"column":0},"end":{"line":14,"column":6}},"14":{"start":{"line":15,"column":0},"end":{"line":15,"column":52}},"15":{"start":{"line":16,"column":0},"end":{"line":16,"column":38}},"16":{"start":{"line":17,"column":0},"end":{"line":17,"column":21}},"17":{"start":{"line":18,"column":0},"end":{"line":18,"column":27}},"18":{"start":{"line":19,"column":0},"end":{"line":19,"column":43}},"19":{"start":{"line":20,"column":0},"end":{"line":20,"column":42}},"21":{"start":{"line":22,"column":0},"end":{"line":22,"column":97}},"22":{"start":{"line":23,"column":0},"end":{"line":23,"column":38}},"23":{"start":{"line":24,"column":0},"end":{"line":24,"column":54}},"24":{"start":{"line":25,"column":0},"end":{"line":25,"column":21}},"26":{"start":{"line":27,"column":0},"end":{"line":27,"column":26}},"27":{"start":{"line":28,"column":0},"end":{"line":28,"column":57}},"28":{"start":{"line":29,"column":0},"end":{"line":29,"column":46}},"29":{"start":{"line":30,"column":0},"end":{"line":30,"column":25}},"30":{"start":{"line":31,"column":0},"end":{"line":31,"column":30}},"31":{"start":{"line":32,"column":0},"end":{"line":32,"column":49}},"32":{"start":{"line":33,"column":0},"end":{"line":33,"column":25}},"33":{"start":{"line":34,"column":0},"end":{"line":34,"column":21}},"34":{"start":{"line":35,"column":0},"end":{"line":35,"column":18}},"35":{"start":{"line":36,"column":0},"end":{"line":36,"column":27}},"36":{"start":{"line":37,"column":0},"end":{"line":37,"column":13}},"37":{"start":{"line":38,"column":0},"end":{"line":38,"column":9}},"39":{"start":{"line":40,"column":0},"end":{"line":40,"column":25}},"40":{"start":{"line":41,"column":0},"end":{"line":41,"column":5}},"41":{"start":{"line":42,"column":0},"end":{"line":42,"column":10}},"42":{"start":{"line":43,"column":0},"end":{"line":43,"column":30}},"43":{"start":{"line":44,"column":0},"end":{"line":44,"column":33}},"44":{"start":{"line":45,"column":0},"end":{"line":45,"column":21}},"45":{"start":{"line":46,"column":0},"end":{"line":46,"column":17}},"46":{"start":{"line":47,"column":0},"end":{"line":47,"column":20}},"47":{"start":{"line":48,"column":0},"end":{"line":48,"column":5}},"48":{"start":{"line":49,"column":0},"end":{"line":49,"column":1}}},"s":{"0":1,"2":1,"5":1,"6":18,"7":18,"8":18,"9":18,"10":18,"11":18,"12":18,"13":18,"14":18,"15":17,"16":17,"17":17,"18":17,"19":17,"21":18,"22":18,"23":1,"24":1,"26":17,"27":17,"28":1,"29":1,"30":16,"31":16,"32":16,"33":17,"34":17,"35":17,"36":17,"37":17,"39":17,"40":17,"41":1,"42":1,"43":1,"44":1,"45":1,"46":1,"47":1,"48":18},"branchMap":{"0":{"type":"branch","line":6,"loc":{"start":{"line":6,"column":28},"end":{"line":49,"column":1}},"locations":[{"start":{"line":6,"column":28},"end":{"line":49,"column":1}}]},"1":{"type":"branch","line":15,"loc":{"start":{"line":15,"column":51},"end":{"line":41,"column":5}},"locations":[{"start":{"line":15,"column":51},"end":{"line":41,"column":5}}]},"2":{"type":"branch","line":41,"loc":{"start":{"line":41,"column":4},"end":{"line":48,"column":5}},"locations":[{"start":{"line":41,"column":4},"end":{"line":48,"column":5}}]},"3":{"type":"branch","line":18,"loc":{"start":{"line":18,"column":12},"end":{"line":37,"column":13}},"locations":[{"start":{"line":18,"column":12},"end":{"line":37,"column":13}}]},"4":{"type":"branch","line":20,"loc":{"start":{"line":20,"column":30},"end":{"line":35,"column":17}},"locations":[{"start":{"line":20,"column":30},"end":{"line":35,"column":17}}]},"5":{"type":"branch","line":23,"loc":{"start":{"line":23,"column":37},"end":{"line":25,"column":21}},"locations":[{"start":{"line":23,"column":37},"end":{"line":25,"column":21}}]},"6":{"type":"branch","line":25,"loc":{"start":{"line":25,"column":20},"end":{"line":34,"column":21}},"locations":[{"start":{"line":25,"column":20},"end":{"line":34,"column":21}}]},"7":{"type":"branch","line":28,"loc":{"start":{"line":28,"column":56},"end":{"line":30,"column":25}},"locations":[{"start":{"line":28,"column":56},"end":{"line":30,"column":25}}]},"8":{"type":"branch","line":30,"loc":{"start":{"line":30,"column":24},"end":{"line":33,"column":25}},"locations":[{"start":{"line":30,"column":24},"end":{"line":33,"column":25}}]},"9":{"type":"branch","line":22,"loc":{"start":{"line":22,"column":47},"end":{"line":22,"column":96}},"locations":[{"start":{"line":22,"column":47},"end":{"line":22,"column":96}}]}},"b":{"0":[18],"1":[17],"2":[1],"3":[17],"4":[18],"5":[1],"6":[17],"7":[1],"8":[16],"9":[6]},"fnMap":{"0":{"name":"refreshCache","decl":{"start":{"line":6,"column":28},"end":{"line":49,"column":1}},"loc":{"start":{"line":6,"column":28},"end":{"line":49,"column":1}},"line":6}},"f":{"0":18}}
,"/var/www/tanstack-query-vue-cache-helpers/lib/composables/useTanstackCacheHelpers/helpers/refreshDeepItem.ts": {"path":"/var/www/tanstack-query-vue-cache-helpers/lib/composables/useTanstackCacheHelpers/helpers/refreshDeepItem.ts","all":false,"statementMap":{"0":{"start":{"line":1,"column":0},"end":{"line":1,"column":35}},"1":{"start":{"line":2,"column":0},"end":{"line":2,"column":30}},"3":{"start":{"line":4,"column":0},"end":{"line":4,"column":67}},"5":{"start":{"line":6,"column":0},"end":{"line":6,"column":110}},"7":{"start":{"line":8,"column":0},"end":{"line":8,"column":56}},"8":{"start":{"line":9,"column":0},"end":{"line":9,"column":30}},"9":{"start":{"line":10,"column":0},"end":{"line":10,"column":24}},"10":{"start":{"line":11,"column":0},"end":{"line":11,"column":5}},"11":{"start":{"line":12,"column":0},"end":{"line":12,"column":13}},"12":{"start":{"line":13,"column":0},"end":{"line":13,"column":17}},"13":{"start":{"line":14,"column":0},"end":{"line":14,"column":18}},"14":{"start":{"line":15,"column":0},"end":{"line":15,"column":37}},"15":{"start":{"line":16,"column":0},"end":{"line":16,"column":26}},"16":{"start":{"line":17,"column":0},"end":{"line":17,"column":6}},"17":{"start":{"line":18,"column":0},"end":{"line":18,"column":52}},"18":{"start":{"line":19,"column":0},"end":{"line":19,"column":38}},"19":{"start":{"line":20,"column":0},"end":{"line":20,"column":21}},"20":{"start":{"line":21,"column":0},"end":{"line":21,"column":27}},"21":{"start":{"line":22,"column":0},"end":{"line":22,"column":43}},"22":{"start":{"line":23,"column":0},"end":{"line":23,"column":66}},"23":{"start":{"line":24,"column":0},"end":{"line":24,"column":72}},"25":{"start":{"line":26,"column":0},"end":{"line":26,"column":41}},"26":{"start":{"line":27,"column":0},"end":{"line":27,"column":52}},"27":{"start":{"line":28,"column":0},"end":{"line":28,"column":49}},"28":{"start":{"line":29,"column":0},"end":{"line":29,"column":49}},"29":{"start":{"line":30,"column":0},"end":{"line":30,"column":50}},"30":{"start":{"line":31,"column":0},"end":{"line":31,"column":42}},"31":{"start":{"line":32,"column":0},"end":{"line":32,"column":22}},"33":{"start":{"line":34,"column":0},"end":{"line":34,"column":37}},"34":{"start":{"line":35,"column":0},"end":{"line":35,"column":40}},"35":{"start":{"line":36,"column":0},"end":{"line":36,"column":53}},"36":{"start":{"line":37,"column":0},"end":{"line":37,"column":39}},"37":{"start":{"line":38,"column":0},"end":{"line":38,"column":47}},"38":{"start":{"line":39,"column":0},"end":{"line":39,"column":49}},"39":{"start":{"line":40,"column":0},"end":{"line":40,"column":52}},"40":{"start":{"line":41,"column":0},"end":{"line":41,"column":26}},"41":{"start":{"line":42,"column":0},"end":{"line":42,"column":21}},"42":{"start":{"line":43,"column":0},"end":{"line":43,"column":26}},"43":{"start":{"line":44,"column":0},"end":{"line":44,"column":40}},"44":{"start":{"line":45,"column":0},"end":{"line":45,"column":53}},"45":{"start":{"line":46,"column":0},"end":{"line":46,"column":39}},"46":{"start":{"line":47,"column":0},"end":{"line":47,"column":47}},"47":{"start":{"line":48,"column":0},"end":{"line":48,"column":49}},"48":{"start":{"line":49,"column":0},"end":{"line":49,"column":52}},"49":{"start":{"line":50,"column":0},"end":{"line":50,"column":26}},"50":{"start":{"line":51,"column":0},"end":{"line":51,"column":21}},"51":{"start":{"line":52,"column":0},"end":{"line":52,"column":17}},"53":{"start":{"line":54,"column":0},"end":{"line":54,"column":22}},"54":{"start":{"line":55,"column":0},"end":{"line":55,"column":80}},"55":{"start":{"line":56,"column":0},"end":{"line":56,"column":17}},"57":{"start":{"line":58,"column":0},"end":{"line":58,"column":46}},"58":{"start":{"line":59,"column":0},"end":{"line":59,"column":13}},"59":{"start":{"line":60,"column":0},"end":{"line":60,"column":9}},"60":{"start":{"line":61,"column":0},"end":{"line":61,"column":5}},"61":{"start":{"line":62,"column":0},"end":{"line":62,"column":10}},"62":{"start":{"line":63,"column":0},"end":{"line":63,"column":30}},"63":{"start":{"line":64,"column":0},"end":{"line":64,"column":36}},"64":{"start":{"line":65,"column":0},"end":{"line":65,"column":21}},"65":{"start":{"line":66,"column":0},"end":{"line":66,"column":17}},"66":{"start":{"line":67,"column":0},"end":{"line":67,"column":21}},"67":{"start":{"line":68,"column":0},"end":{"line":68,"column":21}},"68":{"start":{"line":69,"column":0},"end":{"line":69,"column":20}},"69":{"start":{"line":70,"column":0},"end":{"line":70,"column":5}},"71":{"start":{"line":72,"column":0},"end":{"line":72,"column":21}},"72":{"start":{"line":73,"column":0},"end":{"line":73,"column":1}}},"s":{"0":1,"1":1,"3":1,"5":1,"7":1,"8":4,"9":4,"10":4,"11":4,"12":4,"13":4,"14":4,"15":4,"16":4,"17":4,"18":3,"19":3,"20":3,"21":3,"22":3,"23":3,"25":3,"26":2,"27":2,"28":2,"29":2,"30":2,"31":2,"33":2,"34":1,"35":1,"36":1,"37":1,"38":1,"39":1,"40":1,"41":1,"42":1,"43":1,"44":1,"45":1,"46":1,"47":1,"48":1,"49":1,"50":1,"51":2,"53":1,"54":1,"55":1,"57":3,"58":3,"59":3,"60":3,"61":1,"62":1,"63":1,"64":1,"65":1,"66":1,"67":1,"68":1,"69":1,"71":4,"72":4},"branchMap":{"0":{"type":"branch","line":8,"loc":{"start":{"line":8,"column":31},"end":{"line":73,"column":1}},"locations":[{"start":{"line":8,"column":31},"end":{"line":73,"column":1}}]},"1":{"type":"branch","line":18,"loc":{"start":{"line":18,"column":51},"end":{"line":61,"column":5}},"locations":[{"start":{"line":18,"column":51},"end":{"line":61,"column":5}}]},"2":{"type":"branch","line":61,"loc":{"start":{"line":61,"column":4},"end":{"line":70,"column":5}},"locations":[{"start":{"line":61,"column":4},"end":{"line":70,"column":5}}]},"3":{"type":"branch","line":21,"loc":{"start":{"line":21,"column":12},"end":{"line":59,"column":13}},"locations":[{"start":{"line":21,"column":12},"end":{"line":59,"column":13}}]},"4":{"type":"branch","line":26,"loc":{"start":{"line":26,"column":37},"end":{"line":52,"column":17}},"locations":[{"start":{"line":26,"column":37},"end":{"line":52,"column":17}}]},"5":{"type":"branch","line":34,"loc":{"start":{"line":34,"column":36},"end":{"line":51,"column":21}},"locations":[{"start":{"line":34,"column":36},"end":{"line":51,"column":21}}]},"6":{"type":"branch","line":52,"loc":{"start":{"line":52,"column":16},"end":{"line":56,"column":17}},"locations":[{"start":{"line":52,"column":16},"end":{"line":56,"column":17}}]},"7":{"type":"branch","line":24,"loc":{"start":{"line":24,"column":29},"end":{"line":24,"column":71}},"locations":[{"start":{"line":24,"column":29},"end":{"line":24,"column":71}}]}},"b":{"0":[4],"1":[3],"2":[1],"3":[3],"4":[2],"5":[1],"6":[1],"7":[3]},"fnMap":{"0":{"name":"refreshDeepItem","decl":{"start":{"line":8,"column":31},"end":{"line":73,"column":1}},"loc":{"start":{"line":8,"column":31},"end":{"line":73,"column":1}},"line":8}},"f":{"0":4}}
,"/var/www/tanstack-query-vue-cache-helpers/lib/composables/useTanstackCacheHelpers/helpers/refreshPartialItem.ts": {"path":"/var/www/tanstack-query-vue-cache-helpers/lib/composables/useTanstackCacheHelpers/helpers/refreshPartialItem.ts","all":false,"statementMap":{"0":{"start":{"line":1,"column":0},"end":{"line":1,"column":30}},"2":{"start":{"line":3,"column":0},"end":{"line":3,"column":67}},"4":{"start":{"line":5,"column":0},"end":{"line":5,"column":63}},"6":{"start":{"line":7,"column":0},"end":{"line":7,"column":62}},"7":{"start":{"line":8,"column":0},"end":{"line":8,"column":30}},"8":{"start":{"line":9,"column":0},"end":{"line":9,"column":24}},"9":{"start":{"line":10,"column":0},"end":{"line":10,"column":5}},"10":{"start":{"line":11,"column":0},"end":{"line":11,"column":23}},"11":{"start":{"line":12,"column":0},"end":{"line":12,"column":38}},"12":{"start":{"line":13,"column":0},"end":{"line":13,"column":18}},"13":{"start":{"line":14,"column":0},"end":{"line":14,"column":23}},"14":{"start":{"line":15,"column":0},"end":{"line":15,"column":50}},"15":{"start":{"line":16,"column":0},"end":{"line":16,"column":35}},"16":{"start":{"line":17,"column":0},"end":{"line":17,"column":21}},"17":{"start":{"line":18,"column":0},"end":{"line":18,"column":32}},"18":{"start":{"line":19,"column":0},"end":{"line":19,"column":6}},"19":{"start":{"line":20,"column":0},"end":{"line":20,"column":52}},"20":{"start":{"line":21,"column":0},"end":{"line":21,"column":38}},"21":{"start":{"line":22,"column":0},"end":{"line":22,"column":21}},"22":{"start":{"line":23,"column":0},"end":{"line":23,"column":27}},"24":{"start":{"line":25,"column":0},"end":{"line":25,"column":43}},"25":{"start":{"line":26,"column":0},"end":{"line":26,"column":70}},"26":{"start":{"line":27,"column":0},"end":{"line":27,"column":50}},"27":{"start":{"line":28,"column":0},"end":{"line":28,"column":96}},"28":{"start":{"line":29,"column":0},"end":{"line":29,"column":18}},"30":{"start":{"line":31,"column":0},"end":{"line":31,"column":29}},"31":{"start":{"line":32,"column":0},"end":{"line":32,"column":82}},"33":{"start":{"line":34,"column":0},"end":{"line":34,"column":67}},"36":{"start":{"line":37,"column":0},"end":{"line":37,"column":41}},"37":{"start":{"line":38,"column":0},"end":{"line":38,"column":47}},"38":{"start":{"line":39,"column":0},"end":{"line":39,"column":104}},"39":{"start":{"line":40,"column":0},"end":{"line":40,"column":53}},"40":{"start":{"line":41,"column":0},"end":{"line":41,"column":65}},"41":{"start":{"line":42,"column":0},"end":{"line":42,"column":27}},"44":{"start":{"line":45,"column":0},"end":{"line":45,"column":70}},"45":{"start":{"line":46,"column":0},"end":{"line":46,"column":28}},"46":{"start":{"line":47,"column":0},"end":{"line":47,"column":73}},"47":{"start":{"line":48,"column":0},"end":{"line":48,"column":21}},"48":{"start":{"line":49,"column":0},"end":{"line":49,"column":17}},"49":{"start":{"line":50,"column":0},"end":{"line":50,"column":36}},"50":{"start":{"line":51,"column":0},"end":{"line":51,"column":13}},"51":{"start":{"line":52,"column":0},"end":{"line":52,"column":10}},"52":{"start":{"line":53,"column":0},"end":{"line":53,"column":5}},"53":{"start":{"line":54,"column":0},"end":{"line":54,"column":10}},"54":{"start":{"line":55,"column":0},"end":{"line":55,"column":30}},"55":{"start":{"line":56,"column":0},"end":{"line":56,"column":39}},"56":{"start":{"line":57,"column":0},"end":{"line":57,"column":21}},"57":{"start":{"line":58,"column":0},"end":{"line":58,"column":27}},"58":{"start":{"line":59,"column":0},"end":{"line":59,"column":22}},"59":{"start":{"line":60,"column":0},"end":{"line":60,"column":26}},"60":{"start":{"line":61,"column":0},"end":{"line":61,"column":20}},"61":{"start":{"line":62,"column":0},"end":{"line":62,"column":5}},"63":{"start":{"line":64,"column":0},"end":{"line":64,"column":21}},"64":{"start":{"line":65,"column":0},"end":{"line":65,"column":1}}},"s":{"0":1,"2":1,"4":1,"6":1,"7":6,"8":6,"9":6,"10":6,"11":6,"12":6,"13":6,"14":6,"15":6,"16":6,"17":6,"18":6,"19":6,"20":5,"21":5,"22":5,"24":5,"25":5,"26":5,"27":5,"28":5,"30":5,"31":5,"33":3,"36":3,"37":3,"38":3,"39":3,"40":3,"41":3,"44":3,"45":5,"46":2,"47":2,"48":5,"49":5,"50":5,"51":5,"52":5,"53":1,"54":1,"55":1,"56":1,"57":1,"58":1,"59":1,"60":1,"61":1,"63":6,"64":6},"branchMap":{"0":{"type":"branch","line":7,"loc":{"start":{"line":7,"column":34},"end":{"line":65,"column":1}},"locations":[{"start":{"line":7,"column":34},"end":{"line":65,"column":1}}]},"1":{"type":"branch","line":20,"loc":{"start":{"line":20,"column":51},"end":{"line":53,"column":5}},"locations":[{"start":{"line":20,"column":51},"end":{"line":53,"column":5}}]},"2":{"type":"branch","line":53,"loc":{"start":{"line":53,"column":4},"end":{"line":62,"column":5}},"locations":[{"start":{"line":53,"column":4},"end":{"line":62,"column":5}}]},"3":{"type":"branch","line":23,"loc":{"start":{"line":23,"column":12},"end":{"line":51,"column":13}},"locations":[{"start":{"line":23,"column":12},"end":{"line":51,"column":13}}]},"4":{"type":"branch","line":32,"loc":{"start":{"line":32,"column":55},"end":{"line":32,"column":81}},"locations":[{"start":{"line":32,"column":55},"end":{"line":32,"column":81}}]},"5":{"type":"branch","line":32,"loc":{"start":{"line":32,"column":81},"end":{"line":46,"column":27}},"locations":[{"start":{"line":32,"column":81},"end":{"line":46,"column":27}}]},"6":{"type":"branch","line":39,"loc":{"start":{"line":39,"column":66},"end":{"line":39,"column":87}},"locations":[{"start":{"line":39,"column":66},"end":{"line":39,"column":87}}]},"7":{"type":"branch","line":39,"loc":{"start":{"line":39,"column":70},"end":{"line":39,"column":104}},"locations":[{"start":{"line":39,"column":70},"end":{"line":39,"column":104}}]},"8":{"type":"branch","line":46,"loc":{"start":{"line":46,"column":20},"end":{"line":48,"column":21}},"locations":[{"start":{"line":46,"column":20},"end":{"line":48,"column":21}}]},"9":{"type":"branch","line":26,"loc":{"start":{"line":26,"column":47},"end":{"line":26,"column":68}},"locations":[{"start":{"line":26,"column":47},"end":{"line":26,"column":68}}]},"10":{"type":"branch","line":28,"loc":{"start":{"line":28,"column":20},"end":{"line":28,"column":96}},"locations":[{"start":{"line":28,"column":20},"end":{"line":28,"column":96}}]}},"b":{"0":[6],"1":[5],"2":[1],"3":[5],"4":[3],"5":[3],"6":[2],"7":[1],"8":[2],"9":[5],"10":[5]},"fnMap":{"0":{"name":"refreshPartialItem","decl":{"start":{"line":7,"column":34},"end":{"line":65,"column":1}},"loc":{"start":{"line":7,"column":34},"end":{"line":65,"column":1}},"line":7}},"f":{"0":6}}
,"/var/www/tanstack-query-vue-cache-helpers/lib/composables/useTanstackCacheHelpers/helpers/removeDeepItem.ts": {"path":"/var/www/tanstack-query-vue-cache-helpers/lib/composables/useTanstackCacheHelpers/helpers/removeDeepItem.ts","all":false,"statementMap":{"0":{"start":{"line":1,"column":0},"end":{"line":1,"column":35}},"1":{"start":{"line":2,"column":0},"end":{"line":2,"column":30}},"3":{"start":{"line":4,"column":0},"end":{"line":4,"column":67}},"5":{"start":{"line":6,"column":0},"end":{"line":6,"column":87}},"7":{"start":{"line":8,"column":0},"end":{"line":8,"column":55}},"8":{"start":{"line":9,"column":0},"end":{"line":9,"column":30}},"9":{"start":{"line":10,"column":0},"end":{"line":10,"column":24}},"10":{"start":{"line":11,"column":0},"end":{"line":11,"column":5}},"11":{"start":{"line":12,"column":0},"end":{"line":12,"column":23}},"12":{"start":{"line":13,"column":0},"end":{"line":13,"column":17}},"13":{"start":{"line":14,"column":0},"end":{"line":14,"column":18}},"14":{"start":{"line":15,"column":0},"end":{"line":15,"column":37}},"15":{"start":{"line":16,"column":0},"end":{"line":16,"column":25}},"16":{"start":{"line":17,"column":0},"end":{"line":17,"column":6}},"17":{"start":{"line":18,"column":0},"end":{"line":18,"column":52}},"18":{"start":{"line":19,"column":0},"end":{"line":19,"column":38}},"19":{"start":{"line":20,"column":0},"end":{"line":20,"column":21}},"20":{"start":{"line":21,"column":0},"end":{"line":21,"column":27}},"21":{"start":{"line":22,"column":0},"end":{"line":22,"column":43}},"22":{"start":{"line":23,"column":0},"end":{"line":23,"column":66}},"23":{"start":{"line":24,"column":0},"end":{"line":24,"column":72}},"25":{"start":{"line":26,"column":0},"end":{"line":26,"column":36}},"26":{"start":{"line":27,"column":0},"end":{"line":27,"column":45}},"27":{"start":{"line":28,"column":0},"end":{"line":28,"column":44}},"28":{"start":{"line":29,"column":0},"end":{"line":29,"column":39}},"29":{"start":{"line":30,"column":0},"end":{"line":30,"column":41}},"30":{"start":{"line":31,"column":0},"end":{"line":31,"column":44}},"31":{"start":{"line":32,"column":0},"end":{"line":32,"column":18}},"33":{"start":{"line":34,"column":0},"end":{"line":34,"column":46}},"34":{"start":{"line":35,"column":0},"end":{"line":35,"column":13}},"35":{"start":{"line":36,"column":0},"end":{"line":36,"column":9}},"36":{"start":{"line":37,"column":0},"end":{"line":37,"column":5}},"37":{"start":{"line":38,"column":0},"end":{"line":38,"column":10}},"38":{"start":{"line":39,"column":0},"end":{"line":39,"column":30}},"39":{"start":{"line":40,"column":0},"end":{"line":40,"column":35}},"40":{"start":{"line":41,"column":0},"end":{"line":41,"column":21}},"41":{"start":{"line":42,"column":0},"end":{"line":42,"column":27}},"42":{"start":{"line":43,"column":0},"end":{"line":43,"column":21}},"43":{"start":{"line":44,"column":0},"end":{"line":44,"column":21}},"44":{"start":{"line":45,"column":0},"end":{"line":45,"column":20}},"45":{"start":{"line":46,"column":0},"end":{"line":46,"column":5}},"47":{"start":{"line":48,"column":0},"end":{"line":48,"column":21}},"48":{"start":{"line":49,"column":0},"end":{"line":49,"column":1}}},"s":{"0":1,"1":1,"3":1,"5":1,"7":1,"8":5,"9":5,"10":5,"11":5,"12":5,"13":5,"14":5,"15":5,"16":5,"17":5,"18":4,"19":4,"20":4,"21":4,"22":4,"23":4,"25":4,"26":4,"27":4,"28":4,"29":4,"30":4,"31":4,"33":4,"34":4,"35":4,"36":4,"37":1,"38":1,"39":1,"40":1,"41":1,"42":1,"43":1,"44":1,"45":1,"47":5,"48":5},"branchMap":{"0":{"type":"branch","line":8,"loc":{"start":{"line":8,"column":30},"end":{"line":49,"column":1}},"locations":[{"start":{"line":8,"column":30},"end":{"line":49,"column":1}}]},"1":{"type":"branch","line":18,"loc":{"start":{"line":18,"column":51},"end":{"line":37,"column":5}},"locations":[{"start":{"line":18,"column":51},"end":{"line":37,"column":5}}]},"2":{"type":"branch","line":37,"loc":{"start":{"line":37,"column":4},"end":{"line":46,"column":5}},"locations":[{"start":{"line":37,"column":4},"end":{"line":46,"column":5}}]},"3":{"type":"branch","line":21,"loc":{"start":{"line":21,"column":12},"end":{"line":35,"column":13}},"locations":[{"start":{"line":21,"column":12},"end":{"line":35,"column":13}}]},"4":{"type":"branch","line":24,"loc":{"start":{"line":24,"column":29},"end":{"line":24,"column":71}},"locations":[{"start":{"line":24,"column":29},"end":{"line":24,"column":71}}]}},"b":{"0":[5],"1":[4],"2":[1],"3":[4],"4":[5]},"fnMap":{"0":{"name":"removeDeepItem","decl":{"start":{"line":8,"column":30},"end":{"line":49,"column":1}},"loc":{"start":{"line":8,"column":30},"end":{"line":49,"column":1}},"line":8}},"f":{"0":5}}
,"/var/www/tanstack-query-vue-cache-helpers/lib/composables/useTanstackCacheHelpers/helpers/removeItem.ts": {"path":"/var/www/tanstack-query-vue-cache-helpers/lib/composables/useTanstackCacheHelpers/helpers/removeItem.ts","all":false,"statementMap":{"0":{"start":{"line":1,"column":0},"end":{"line":1,"column":30}},"2":{"start":{"line":3,"column":0},"end":{"line":3,"column":67}},"5":{"start":{"line":6,"column":0},"end":{"line":6,"column":51}},"6":{"start":{"line":7,"column":0},"end":{"line":7,"column":30}},"7":{"start":{"line":8,"column":0},"end":{"line":8,"column":24}},"8":{"start":{"line":9,"column":0},"end":{"line":9,"column":61}},"9":{"start":{"line":10,"column":0},"end":{"line":10,"column":6}},"10":{"start":{"line":11,"column":0},"end":{"line":11,"column":52}},"11":{"start":{"line":12,"column":0},"end":{"line":12,"column":38}},"12":{"start":{"line":13,"column":0},"end":{"line":13,"column":21}},"13":{"start":{"line":14,"column":0},"end":{"line":14,"column":27}},"14":{"start":{"line":15,"column":0},"end":{"line":15,"column":51}},"15":{"start":{"line":16,"column":0},"end":{"line":16,"column":48}},"16":{"start":{"line":17,"column":0},"end":{"line":17,"column":126}},"17":{"start":{"line":18,"column":0},"end":{"line":18,"column":21}},"18":{"start":{"line":19,"column":0},"end":{"line":19,"column":55}},"19":{"start":{"line":20,"column":0},"end":{"line":20,"column":18}},"20":{"start":{"line":21,"column":0},"end":{"line":21,"column":13}},"21":{"start":{"line":22,"column":0},"end":{"line":22,"column":9}},"23":{"start":{"line":24,"column":0},"end":{"line":24,"column":25}},"24":{"start":{"line":25,"column":0},"end":{"line":25,"column":5}},"25":{"start":{"line":26,"column":0},"end":{"line":26,"column":10}},"26":{"start":{"line":27,"column":0},"end":{"line":27,"column":30}},"27":{"start":{"line":28,"column":0},"end":{"line":28,"column":36}},"28":{"start":{"line":29,"column":0},"end":{"line":29,"column":21}},"29":{"start":{"line":30,"column":0},"end":{"line":30,"column":18}},"30":{"start":{"line":31,"column":0},"end":{"line":31,"column":20}},"31":{"start":{"line":32,"column":0},"end":{"line":32,"column":5}},"32":{"start":{"line":33,"column":0},"end":{"line":33,"column":1}}},"s":{"0":1,"2":1,"5":1,"6":9,"7":9,"8":9,"9":9,"10":9,"11":7,"12":7,"13":7,"14":7,"15":13,"16":3,"17":3,"18":10,"19":7,"20":7,"21":7,"23":7,"24":7,"25":2,"26":2,"27":2,"28":2,"29":2,"30":2,"31":2,"32":9},"branchMap":{"0":{"type":"branch","line":6,"loc":{"start":{"line":6,"column":26},"end":{"line":33,"column":1}},"locations":[{"start":{"line":6,"column":26},"end":{"line":33,"column":1}}]},"1":{"type":"branch","line":11,"loc":{"start":{"line":11,"column":51},"end":{"line":25,"column":5}},"locations":[{"start":{"line":11,"column":51},"end":{"line":25,"column":5}}]},"2":{"type":"branch","line":25,"loc":{"start":{"line":25,"column":4},"end":{"line":32,"column":5}},"locations":[{"start":{"line":25,"column":4},"end":{"line":32,"column":5}}]},"3":{"type":"branch","line":14,"loc":{"start":{"line":14,"column":12},"end":{"line":21,"column":13}},"locations":[{"start":{"line":14,"column":12},"end":{"line":21,"column":13}}]},"4":{"type":"branch","line":15,"loc":{"start":{"line":15,"column":42},"end":{"line":20,"column":17}},"locations":[{"start":{"line":15,"column":42},"end":{"line":20,"column":17}}]},"5":{"type":"branch","line":16,"loc":{"start":{"line":16,"column":47},"end":{"line":18,"column":21}},"locations":[{"start":{"line":16,"column":47},"end":{"line":18,"column":21}}]},"6":{"type":"branch","line":18,"loc":{"start":{"line":18,"column":20},"end":{"line":19,"column":55}},"locations":[{"start":{"line":18,"column":20},"end":{"line":19,"column":55}}]}},"b":{"0":[9],"1":[7],"2":[2],"3":[7],"4":[13],"5":[3],"6":[10]},"fnMap":{"0":{"name":"removeItem","decl":{"start":{"line":6,"column":26},"end":{"line":33,"column":1}},"loc":{"start":{"line":6,"column":26},"end":{"line":33,"column":1}},"line":6}},"f":{"0":9}}
,"/var/www/tanstack-query-vue-cache-helpers/lib/composables/useTanstackCacheHelpers/helpers/removeSubItem.ts": {"path":"/var/www/tanstack-query-vue-cache-helpers/lib/composables/useTanstackCacheHelpers/helpers/removeSubItem.ts","all":false,"statementMap":{"0":{"start":{"line":1,"column":0},"end":{"line":1,"column":30}},"2":{"start":{"line":3,"column":0},"end":{"line":3,"column":67}},"4":{"start":{"line":5,"column":0},"end":{"line":5,"column":66}},"6":{"start":{"line":7,"column":0},"end":{"line":7,"column":57}},"7":{"start":{"line":8,"column":0},"end":{"line":8,"column":30}},"8":{"start":{"line":9,"column":0},"end":{"line":9,"column":24}},"9":{"start":{"line":10,"column":0},"end":{"line":10,"column":5}},"10":{"start":{"line":11,"column":0},"end":{"line":11,"column":38}},"11":{"start":{"line":12,"column":0},"end":{"line":12,"column":23}},"12":{"start":{"line":13,"column":0},"end":{"line":13,"column":20}},"13":{"start":{"line":14,"column":0},"end":{"line":14,"column":37}},"14":{"start":{"line":15,"column":0},"end":{"line":15,"column":23}},"15":{"start":{"line":16,"column":0},"end":{"line":16,"column":27}},"16":{"start":{"line":17,"column":0},"end":{"line":17,"column":6}},"17":{"start":{"line":18,"column":0},"end":{"line":18,"column":52}},"18":{"start":{"line":19,"column":0},"end":{"line":19,"column":38}},"19":{"start":{"line":20,"column":0},"end":{"line":20,"column":21}},"20":{"start":{"line":21,"column":0},"end":{"line":21,"column":27}},"21":{"start":{"line":22,"column":0},"end":{"line":22,"column":43}},"23":{"start":{"line":24,"column":0},"end":{"line":24,"column":70}},"24":{"start":{"line":25,"column":0},"end":{"line":25,"column":50}},"25":{"start":{"line":26,"column":0},"end":{"line":26,"column":96}},"26":{"start":{"line":27,"column":0},"end":{"line":27,"column":18}},"28":{"start":{"line":29,"column":0},"end":{"line":29,"column":29}},"30":{"start":{"line":31,"column":0},"end":{"line":31,"column":61}},"32":{"start":{"line":33,"column":0},"end":{"line":33,"column":69}},"35":{"start":{"line":36,"column":0},"end":{"line":36,"column":44}},"36":{"start":{"line":37,"column":0},"end":{"line":37,"column":47}},"37":{"start":{"line":38,"column":0},"end":{"line":38,"column":72}},"38":{"start":{"line":39,"column":0},"end":{"line":39,"column":51}},"39":{"start":{"line":40,"column":0},"end":{"line":40,"column":26}},"42":{"start":{"line":43,"column":0},"end":{"line":43,"column":72}},"43":{"start":{"line":44,"column":0},"end":{"line":44,"column":21}},"44":{"start":{"line":45,"column":0},"end":{"line":45,"column":26}},"46":{"start":{"line":47,"column":0},"end":{"line":47,"column":65}},"47":{"start":{"line":48,"column":0},"end":{"line":48,"column":21}},"48":{"start":{"line":49,"column":0},"end":{"line":49,"column":17}},"51":{"start":{"line":52,"column":0},"end":{"line":52,"column":36}},"52":{"start":{"line":53,"column":0},"end":{"line":53,"column":13}},"53":{"start":{"line":54,"column":0},"end":{"line":54,"column":9}},"54":{"start":{"line":55,"column":0},"end":{"line":55,"column":5}},"55":{"start":{"line":56,"column":0},"end":{"line":56,"column":10}},"56":{"start":{"line":57,"column":0},"end":{"line":57,"column":30}},"57":{"start":{"line":58,"column":0},"end":{"line":58,"column":34}},"58":{"start":{"line":59,"column":0},"end":{"line":59,"column":21}},"59":{"start":{"line":60,"column":0},"end":{"line":60,"column":27}},"60":{"start":{"line":61,"column":0},"end":{"line":61,"column":24}},"61":{"start":{"line":62,"column":0},"end":{"line":62,"column":27}},"62":{"start":{"line":63,"column":0},"end":{"line":63,"column":20}},"63":{"start":{"line":64,"column":0},"end":{"line":64,"column":5}},"65":{"start":{"line":66,"column":0},"end":{"line":66,"column":21}},"66":{"start":{"line":67,"column":0},"end":{"line":67,"column":1}}},"s":{"0":1,"2":1,"4":1,"6":1,"7":6,"8":6,"9":6,"10":6,"11":6,"12":6,"13":6,"14":6,"15":6,"16":6,"17":6,"18":5,"19":5,"20":5,"21":5,"23":5,"24":5,"25":5,"26":5,"28":5,"30":4,"32":2,"35":2,"36":2,"37":2,"38":2,"39":2,"42":2,"43":2,"44":2,"46":2,"47":2,"48":4,"51":5,"52":5,"53":5,"54":5,"55":1,"56":1,"57":1,"58":1,"59":1,"60":1,"61":1,"62":1,"63":1,"65":6,"66":6},"branchMap":{"0":{"type":"branch","line":7,"loc":{"start":{"line":7,"column":29},"end":{"line":67,"column":1}},"locations":[{"start":{"line":7,"column":29},"end":{"line":67,"column":1}}]},"1":{"type":"branch","line":18,"loc":{"start":{"line":18,"column":51},"end":{"line":55,"column":5}},"locations":[{"start":{"line":18,"column":51},"end":{"line":55,"column":5}}]},"2":{"type":"branch","line":55,"loc":{"start":{"line":55,"column":4},"end":{"line":64,"column":5}},"locations":[{"start":{"line":55,"column":4},"end":{"line":64,"column":5}}]},"3":{"type":"branch","line":21,"loc":{"start":{"line":21,"column":12},"end":{"line":53,"column":13}},"locations":[{"start":{"line":21,"column":12},"end":{"line":53,"column":13}}]},"4":{"type":"branch","line":29,"loc":{"start":{"line":29,"column":28},"end":{"line":49,"column":17}},"locations":[{"start":{"line":29,"column":28},"end":{"line":49,"column":17}}]},"5":{"type":"branch","line":31,"loc":{"start":{"line":31,"column":60},"end":{"line":48,"column":21}},"locations":[{"start":{"line":31,"column":60},"end":{"line":48,"column":21}}]},"6":{"type":"branch","line":24,"loc":{"start":{"line":24,"column":47},"end":{"line":24,"column":68}},"locations":[{"start":{"line":24,"column":47},"end":{"line":24,"column":68}}]},"7":{"type":"branch","line":26,"loc":{"start":{"line":26,"column":20},"end":{"line":26,"column":96}},"locations":[{"start":{"line":26,"column":20},"end":{"line":26,"column":96}}]}},"b":{"0":[6],"1":[5],"2":[1],"3":[5],"4":[4],"5":[2],"6":[5],"7":[5]},"fnMap":{"0":{"name":"removeSubItem","decl":{"start":{"line":7,"column":29},"end":{"line":67,"column":1}},"loc":{"start":{"line":7,"column":29},"end":{"line":67,"column":1}},"line":7}},"f":{"0":6}}
,"/var/www/tanstack-query-vue-cache-helpers/lib/composables/useTanstackCacheHelpers/helpers/updateItem.ts": {"path":"/var/www/tanstack-query-vue-cache-helpers/lib/composables/useTanstackCacheHelpers/helpers/updateItem.ts","all":false,"statementMap":{"0":{"start":{"line":1,"column":0},"end":{"line":1,"column":30}},"2":{"start":{"line":3,"column":0},"end":{"line":3,"column":67}},"5":{"start":{"line":6,"column":0},"end":{"line":6,"column":51}},"6":{"start":{"line":7,"column":0},"end":{"line":7,"column":30}},"7":{"start":{"line":8,"column":0},"end":{"line":8,"column":24}},"8":{"start":{"line":9,"column":0},"end":{"line":9,"column":59}},"9":{"start":{"line":10,"column":0},"end":{"line":10,"column":6}},"11":{"start":{"line":12,"column":0},"end":{"line":12,"column":52}},"12":{"start":{"line":13,"column":0},"end":{"line":13,"column":38}},"13":{"start":{"line":14,"column":0},"end":{"line":14,"column":21}},"14":{"start":{"line":15,"column":0},"end":{"line":15,"column":27}},"15":{"start":{"line":16,"column":0},"end":{"line":16,"column":104}},"16":{"start":{"line":17,"column":0},"end":{"line":17,"column":13}},"17":{"start":{"line":18,"column":0},"end":{"line":18,"column":9}},"19":{"start":{"line":20,"column":0},"end":{"line":20,"column":25}},"20":{"start":{"line":21,"column":0},"end":{"line":21,"column":5}},"21":{"start":{"line":22,"column":0},"end":{"line":22,"column":10}},"22":{"start":{"line":23,"column":0},"end":{"line":23,"column":30}},"23":{"start":{"line":24,"column":0},"end":{"line":24,"column":38}},"24":{"start":{"line":25,"column":0},"end":{"line":25,"column":21}},"25":{"start":{"line":26,"column":0},"end":{"line":26,"column":16}},"26":{"start":{"line":27,"column":0},"end":{"line":27,"column":20}},"27":{"start":{"line":28,"column":0},"end":{"line":28,"column":5}},"28":{"start":{"line":29,"column":0},"end":{"line":29,"column":1}}},"s":{"0":1,"2":1,"5":1,"6":4,"7":4,"8":4,"9":4,"11":4,"12":3,"13":3,"14":3,"15":3,"16":3,"17":3,"19":3,"20":3,"21":1,"22":1,"23":1,"24":1,"25":1,"26":1,"27":1,"28":4},"branchMap":{"0":{"type":"branch","line":6,"loc":{"start":{"line":6,"column":26},"end":{"line":29,"column":1}},"locations":[{"start":{"line":6,"column":26},"end":{"line":29,"column":1}}]},"1":{"type":"branch","line":12,"loc":{"start":{"line":12,"column":51},"end":{"line":21,"column":5}},"locations":[{"start":{"line":12,"column":51},"end":{"line":21,"column":5}}]},"2":{"type":"branch","line":21,"loc":{"start":{"line":21,"column":4},"end":{"line":28,"column":5}},"locations":[{"start":{"line":21,"column":4},"end":{"line":28,"column":5}}]},"3":{"type":"branch","line":15,"loc":{"start":{"line":15,"column":12},"end":{"line":17,"column":13}},"locations":[{"start":{"line":15,"column":12},"end":{"line":17,"column":13}}]},"4":{"type":"branch","line":16,"loc":{"start":{"line":16,"column":39},"end":{"line":16,"column":103}},"locations":[{"start":{"line":16,"column":39},"end":{"line":16,"column":103}}]},"5":{"type":"branch","line":16,"loc":{"start":{"line":16,"column":87},"end":{"line":16,"column":98}},"locations":[{"start":{"line":16,"column":87},"end":{"line":16,"column":98}}]},"6":{"type":"branch","line":16,"loc":{"start":{"line":16,"column":91},"end":{"line":16,"column":103}},"locations":[{"start":{"line":16,"column":91},"end":{"line":16,"column":103}}]}},"b":{"0":[4],"1":[3],"2":[1],"3":[3],"4":[5],"5":[3],"6":[2]},"fnMap":{"0":{"name":"updateItem","decl":{"start":{"line":6,"column":26},"end":{"line":29,"column":1}},"loc":{"start":{"line":6,"column":26},"end":{"line":29,"column":1}},"line":6}},"f":{"0":4}}
,"/var/www/tanstack-query-vue-cache-helpers/lib/utilities/arrays/arrays.ts": {"path":"/var/www/tanstack-query-vue-cache-helpers/lib/utilities/arrays/arrays.ts","all":false,"statementMap":{"0":{"start":{"line":1,"column":0},"end":{"line":1,"column":45}},"1":{"start":{"line":2,"column":0},"end":{"line":2,"column":47}},"2":{"start":{"line":3,"column":0},"end":{"line":3,"column":49}},"3":{"start":{"line":4,"column":0},"end":{"line":4,"column":49}},"4":{"start":{"line":5,"column":0},"end":{"line":5,"column":49}},"5":{"start":{"line":6,"column":0},"end":{"line":6,"column":51}},"6":{"start":{"line":7,"column":0},"end":{"line":7,"column":59}}},"s":{"0":1,"1":1,"2":1,"3":1,"4":1,"5":1,"6":1},"branchMap":{},"b":{},"fnMap":{},"f":{}}
,"/var/www/tanstack-query-vue-cache-helpers/lib/utilities/arrays/findRecursive.ts": {"path":"/var/www/tanstack-query-vue-cache-helpers/lib/utilities/arrays/findRecursive.ts","all":false,"statementMap":{"0":{"start":{"line":1,"column":0},"end":{"line":1,"column":42}},"21":{"start":{"line":22,"column":0},"end":{"line":22,"column":37}},"22":{"start":{"line":23,"column":0},"end":{"line":23,"column":10}},"23":{"start":{"line":24,"column":0},"end":{"line":24,"column":34}},"24":{"start":{"line":25,"column":0},"end":{"line":25,"column":11}},"25":{"start":{"line":26,"column":0},"end":{"line":26,"column":12}},"26":{"start":{"line":27,"column":0},"end":{"line":27,"column":37}},"27":{"start":{"line":28,"column":0},"end":{"line":28,"column":1}},"28":{"start":{"line":29,"column":0},"end":{"line":29,"column":37}},"30":{"start":{"line":31,"column":0},"end":{"line":31,"column":69}},"32":{"start":{"line":33,"column":0},"end":{"line":33,"column":30}},"33":{"start":{"line":34,"column":0},"end":{"line":34,"column":26}},"34":{"start":{"line":35,"column":0},"end":{"line":35,"column":9}},"35":{"start":{"line":36,"column":0},"end":{"line":36,"column":5}},"37":{"start":{"line":38,"column":0},"end":{"line":38,"column":16}},"39":{"start":{"line":40,"column":0},"end":{"line":40,"column":29}},"40":{"start":{"line":41,"column":0},"end":{"line":41,"column":15}},"41":{"start":{"line":42,"column":0},"end":{"line":42,"column":27}},"42":{"start":{"line":43,"column":0},"end":{"line":43,"column":23}},"43":{"start":{"line":44,"column":0},"end":{"line":44,"column":25}},"44":{"start":{"line":45,"column":0},"end":{"line":45,"column":17}},"45":{"start":{"line":46,"column":0},"end":{"line":46,"column":45}},"46":{"start":{"line":47,"column":0},"end":{"line":47,"column":28}},"47":{"start":{"line":48,"column":0},"end":{"line":48,"column":9}},"50":{"start":{"line":51,"column":0},"end":{"line":51,"column":60}},"51":{"start":{"line":52,"column":0},"end":{"line":52,"column":57}},"53":{"start":{"line":54,"column":0},"end":{"line":54,"column":81}},"54":{"start":{"line":55,"column":0},"end":{"line":55,"column":38}},"55":{"start":{"line":56,"column":0},"end":{"line":56,"column":33}},"56":{"start":{"line":57,"column":0},"end":{"line":57,"column":17}},"57":{"start":{"line":58,"column":0},"end":{"line":58,"column":13}},"58":{"start":{"line":59,"column":0},"end":{"line":59,"column":9}},"60":{"start":{"line":61,"column":0},"end":{"line":61,"column":19}},"61":{"start":{"line":62,"column":0},"end":{"line":62,"column":5}},"62":{"start":{"line":63,"column":0},"end":{"line":63,"column":1}}},"s":{"0":1,"21":1,"22":11,"23":11,"24":11,"25":11,"26":11,"27":11,"28":11,"30":15,"32":15,"33":8,"34":8,"35":15,"37":3,"39":3,"40":19,"41":19,"42":19,"43":19,"44":19,"45":19,"46":8,"47":8,"50":19,"51":11,"53":4,"54":4,"55":4,"56":4,"57":4,"58":7,"60":7,"61":19,"62":3},"branchMap":{"0":{"type":"branch","line":22,"loc":{"start":{"line":22,"column":7},"end":{"line":63,"column":1}},"locations":[{"start":{"line":22,"column":7},"end":{"line":63,"column":1}}]},"1":{"type":"branch","line":29,"loc":{"start":{"line":29,"column":36},"end":{"line":36,"column":5}},"locations":[{"start":{"line":29,"column":36},"end":{"line":36,"column":5}}]},"2":{"type":"branch","line":33,"loc":{"start":{"line":33,"column":29},"end":{"line":35,"column":9}},"locations":[{"start":{"line":33,"column":29},"end":{"line":35,"column":9}}]},"3":{"type":"branch","line":36,"loc":{"start":{"line":36,"column":4},"end":{"line":63,"column":1}},"locations":[{"start":{"line":36,"column":4},"end":{"line":63,"column":1}}]},"4":{"type":"branch","line":40,"loc":{"start":{"line":40,"column":4},"end":{"line":62,"column":5}},"locations":[{"start":{"line":40,"column":4},"end":{"line":62,"column":5}}]},"5":{"type":"branch","line":46,"loc":{"start":{"line":46,"column":44},"end":{"line":51,"column":59}},"locations":[{"start":{"line":46,"column":44},"end":{"line":51,"column":59}}]},"6":{"type":"branch","line":46,"loc":{"start":{"line":46,"column":44},"end":{"line":48,"column":9}},"locations":[{"start":{"line":46,"column":44},"end":{"line":48,"column":9}}]},"7":{"type":"branch","line":48,"loc":{"start":{"line":48,"column":8},"end":{"line":51,"column":59}},"locations":[{"start":{"line":48,"column":8},"end":{"line":51,"column":59}}]},"8":{"type":"branch","line":51,"loc":{"start":{"line":51,"column":59},"end":{"line":59,"column":9}},"locations":[{"start":{"line":51,"column":59},"end":{"line":59,"column":9}}]},"9":{"type":"branch","line":52,"loc":{"start":{"line":52,"column":56},"end":{"line":59,"column":9}},"locations":[{"start":{"line":52,"column":56},"end":{"line":59,"column":9}}]},"10":{"type":"branch","line":52,"loc":{"start":{"line":52,"column":56},"end":{"line":58,"column":13}},"locations":[{"start":{"line":52,"column":56},"end":{"line":58,"column":13}}]},"11":{"type":"branch","line":58,"loc":{"start":{"line":58,"column":12},"end":{"line":59,"column":9}},"locations":[{"start":{"line":58,"column":12},"end":{"line":59,"column":9}}]},"12":{"type":"branch","line":59,"loc":{"start":{"line":59,"column":8},"end":{"line":61,"column":19}},"locations":[{"start":{"line":59,"column":8},"end":{"line":61,"column":19}}]}},"b":{"0":[11],"1":[15],"2":[8],"3":[3],"4":[19],"5":[15],"6":[8],"7":[11],"8":[11],"9":[9],"10":[4],"11":[7],"12":[7]},"fnMap":{"0":{"name":"findRecursive","decl":{"start":{"line":22,"column":7},"end":{"line":63,"column":1}},"loc":{"start":{"line":22,"column":7},"end":{"line":63,"column":1}},"line":22},"1":{"name":"findValue","decl":{"start":{"line":40,"column":4},"end":{"line":62,"column":5}},"loc":{"start":{"line":40,"column":4},"end":{"line":62,"column":5}},"line":40}},"f":{"0":11,"1":19}}
,"/var/www/tanstack-query-vue-cache-helpers/lib/utilities/arrays/findRecursiveParent.ts": {"path":"/var/www/tanstack-query-vue-cache-helpers/lib/utilities/arrays/findRecursiveParent.ts","all":false,"statementMap":{"0":{"start":{"line":1,"column":0},"end":{"line":1,"column":42}},"20":{"start":{"line":21,"column":0},"end":{"line":21,"column":43}},"21":{"start":{"line":22,"column":0},"end":{"line":22,"column":10}},"22":{"start":{"line":23,"column":0},"end":{"line":23,"column":34}},"23":{"start":{"line":24,"column":0},"end":{"line":24,"column":11}},"24":{"start":{"line":25,"column":0},"end":{"line":25,"column":12}},"25":{"start":{"line":26,"column":0},"end":{"line":26,"column":43}},"26":{"start":{"line":27,"column":0},"end":{"line":27,"column":1}},"27":{"start":{"line":28,"column":0},"end":{"line":28,"column":35}},"28":{"start":{"line":29,"column":0},"end":{"line":29,"column":5}},"30":{"start":{"line":31,"column":0},"end":{"line":31,"column":70}},"32":{"start":{"line":33,"column":0},"end":{"line":33,"column":30}},"33":{"start":{"line":34,"column":0},"end":{"line":34,"column":26}},"34":{"start":{"line":35,"column":0},"end":{"line":35,"column":9}},"35":{"start":{"line":36,"column":0},"end":{"line":36,"column":5}},"37":{"start":{"line":38,"column":0},"end":{"line":38,"column":16}},"39":{"start":{"line":40,"column":0},"end":{"line":40,"column":30}},"40":{"start":{"line":41,"column":0},"end":{"line":41,"column":15}},"41":{"start":{"line":42,"column":0},"end":{"line":42,"column":27}},"42":{"start":{"line":43,"column":0},"end":{"line":43,"column":23}},"43":{"start":{"line":44,"column":0},"end":{"line":44,"column":25}},"45":{"start":{"line":46,"column":0},"end":{"line":46,"column":5}},"46":{"start":{"line":47,"column":0},"end":{"line":47,"column":84}},"47":{"start":{"line":48,"column":0},"end":{"line":48,"column":9}},"49":{"start":{"line":50,"column":0},"end":{"line":50,"column":27}},"50":{"start":{"line":51,"column":0},"end":{"line":51,"column":9}},"53":{"start":{"line":54,"column":0},"end":{"line":54,"column":60}},"54":{"start":{"line":55,"column":0},"end":{"line":55,"column":57}},"55":{"start":{"line":56,"column":0},"end":{"line":56,"column":82}},"56":{"start":{"line":57,"column":0},"end":{"line":57,"column":38}},"57":{"start":{"line":58,"column":0},"end":{"line":58,"column":33}},"58":{"start":{"line":59,"column":0},"end":{"line":59,"column":17}},"59":{"start":{"line":60,"column":0},"end":{"line":60,"column":13}},"60":{"start":{"line":61,"column":0},"end":{"line":61,"column":9}},"62":{"start":{"line":63,"column":0},"end":{"line":63,"column":19}},"63":{"start":{"line":64,"column":0},"end":{"line":64,"column":5}},"64":{"start":{"line":65,"column":0},"end":{"line":65,"column":1}}},"s":{"0":1,"20":1,"21":10,"22":10,"23":10,"24":10,"25":10,"26":10,"27":10,"28":10,"30":13,"32":13,"33":7,"34":7,"35":13,"37":3,"39":3,"40":17,"41":17,"42":17,"43":17,"45":17,"46":17,"47":17,"49":7,"50":7,"53":17,"54":7,"55":4,"56":4,"57":1,"58":1,"59":4,"60":6,"62":9,"63":17,"64":3},"branchMap":{"0":{"type":"branch","line":21,"loc":{"start":{"line":21,"column":7},"end":{"line":65,"column":1}},"locations":[{"start":{"line":21,"column":7},"end":{"line":65,"column":1}}]},"1":{"type":"branch","line":29,"loc":{"start":{"line":29,"column":4},"end":{"line":36,"column":5}},"locations":[{"start":{"line":29,"column":4},"end":{"line":36,"column":5}}]},"2":{"type":"branch","line":33,"loc":{"start":{"line":33,"column":29},"end":{"line":35,"column":9}},"locations":[{"start":{"line":33,"column":29},"end":{"line":35,"column":9}}]},"3":{"type":"branch","line":36,"loc":{"start":{"line":36,"column":4},"end":{"line":65,"column":1}},"locations":[{"start":{"line":36,"column":4},"end":{"line":65,"column":1}}]},"4":{"type":"branch","line":40,"loc":{"start":{"line":40,"column":4},"end":{"line":64,"column":5}},"locations":[{"start":{"line":40,"column":4},"end":{"line":64,"column":5}}]},"5":{"type":"branch","line":47,"loc":{"start":{"line":47,"column":25},"end":{"line":47,"column":41}},"locations":[{"start":{"line":47,"column":25},"end":{"line":47,"column":41}}]},"6":{"type":"branch","line":48,"loc":{"start":{"line":48,"column":8},"end":{"line":51,"column":9}},"locations":[{"start":{"line":48,"column":8},"end":{"line":51,"column":9}}]},"7":{"type":"branch","line":51,"loc":{"start":{"line":51,"column":8},"end":{"line":54,"column":59}},"locations":[{"start":{"line":51,"column":8},"end":{"line":54,"column":59}}]},"8":{"type":"branch","line":51,"loc":{"start":{"line":51,"column":8},"end":{"line":54,"column":29}},"locations":[{"start":{"line":51,"column":8},"end":{"line":54,"column":29}}]},"9":{"type":"branch","line":54,"loc":{"start":{"line":54,"column":24},"end":{"line":54,"column":59}},"locations":[{"start":{"line":54,"column":24},"end":{"line":54,"column":59}}]},"10":{"type":"branch","line":54,"loc":{"start":{"line":54,"column":59},"end":{"line":63,"column":19}},"locations":[{"start":{"line":54,"column":59},"end":{"line":63,"column":19}}]},"11":{"type":"branch","line":54,"loc":{"start":{"line":54,"column":59},"end":{"line":61,"column":9}},"locations":[{"start":{"line":54,"column":59},"end":{"line":61,"column":9}}]},"12":{"type":"branch","line":55,"loc":{"start":{"line":55,"column":56},"end":{"line":60,"column":13}},"locations":[{"start":{"line":55,"column":56},"end":{"line":60,"column":13}}]},"13":{"type":"branch","line":57,"loc":{"start":{"line":57,"column":37},"end":{"line":59,"column":17}},"locations":[{"start":{"line":57,"column":37},"end":{"line":59,"column":17}}]},"14":{"type":"branch","line":60,"loc":{"start":{"line":60,"column":12},"end":{"line":61,"column":9}},"locations":[{"start":{"line":60,"column":12},"end":{"line":61,"column":9}}]},"15":{"type":"branch","line":61,"loc":{"start":{"line":61,"column":8},"end":{"line":63,"column":19}},"locations":[{"start":{"line":61,"column":8},"end":{"line":63,"column":19}}]},"16":{"type":"branch","line":47,"loc":{"start":{"line":47,"column":41},"end":{"line":47,"column":82}},"locations":[{"start":{"line":47,"column":41},"end":{"line":47,"column":82}}]}},"b":{"0":[10],"1":[13],"2":[7],"3":[3],"4":[17],"5":[14],"6":[7],"7":[15],"8":[10],"9":[7],"10":[15],"11":[7],"12":[4],"13":[1],"14":[6],"15":[9],"16":[13]},"fnMap":{"0":{"name":"findRecursiveParent","decl":{"start":{"line":21,"column":7},"end":{"line":65,"column":1}},"loc":{"start":{"line":21,"column":7},"end":{"line":65,"column":1}},"line":21},"1":{"name":"findParent","decl":{"start":{"line":40,"column":4},"end":{"line":64,"column":5}},"loc":{"start":{"line":40,"column":4},"end":{"line":64,"column":5}},"line":40}},"f":{"0":10,"1":17}}
,"/var/www/tanstack-query-vue-cache-helpers/lib/utilities/arrays/insertDeepItem.ts": {"path":"/var/www/tanstack-query-vue-cache-helpers/lib/utilities/arrays/insertDeepItem.ts","all":false,"statementMap":{"0":{"start":{"line":1,"column":0},"end":{"line":1,"column":42}},"1":{"start":{"line":2,"column":0},"end":{"line":2,"column":47}},"11":{"start":{"line":12,"column":0},"end":{"line":12,"column":35}},"12":{"start":{"line":13,"column":0},"end":{"line":13,"column":10}},"13":{"start":{"line":14,"column":0},"end":{"line":14,"column":9}},"14":{"start":{"line":15,"column":0},"end":{"line":15,"column":13}},"15":{"start":{"line":16,"column":0},"end":{"line":16,"column":14}},"16":{"start":{"line":17,"column":0},"end":{"line":17,"column":33}},"17":{"start":{"line":18,"column":0},"end":{"line":18,"column":30}},"20":{"start":{"line":21,"column":0},"end":{"line":21,"column":24}},"21":{"start":{"line":22,"column":0},"end":{"line":22,"column":5}},"22":{"start":{"line":23,"column":0},"end":{"line":23,"column":101}},"23":{"start":{"line":24,"column":0},"end":{"line":24,"column":9}},"24":{"start":{"line":25,"column":0},"end":{"line":25,"column":132}},"25":{"start":{"line":26,"column":0},"end":{"line":26,"column":9}},"27":{"start":{"line":28,"column":0},"end":{"line":28,"column":9}},"28":{"start":{"line":29,"column":0},"end":{"line":29,"column":75}},"29":{"start":{"line":30,"column":0},"end":{"line":30,"column":113}},"30":{"start":{"line":31,"column":0},"end":{"line":31,"column":30}},"31":{"start":{"line":32,"column":0},"end":{"line":32,"column":37}},"32":{"start":{"line":33,"column":0},"end":{"line":33,"column":35}},"33":{"start":{"line":34,"column":0},"end":{"line":34,"column":35}},"34":{"start":{"line":35,"column":0},"end":{"line":35,"column":14}},"35":{"start":{"line":36,"column":0},"end":{"line":36,"column":9}},"36":{"start":{"line":37,"column":0},"end":{"line":37,"column":5}},"40":{"start":{"line":41,"column":0},"end":{"line":41,"column":5}},"41":{"start":{"line":42,"column":0},"end":{"line":42,"column":31}},"42":{"start":{"line":43,"column":0},"end":{"line":43,"column":5}},"43":{"start":{"line":44,"column":0},"end":{"line":44,"column":1}}},"s":{"0":1,"1":1,"11":1,"12":5,"13":5,"14":5,"15":5,"16":5,"17":5,"20":5,"21":5,"22":3,"23":3,"24":2,"25":2,"27":1,"28":1,"29":1,"30":1,"31":1,"32":1,"33":1,"34":1,"35":1,"36":3,"40":2,"41":2,"42":2,"43":5},"branchMap":{"0":{"type":"branch","line":12,"loc":{"start":{"line":12,"column":30},"end":{"line":44,"column":1}},"locations":[{"start":{"line":12,"column":30},"end":{"line":44,"column":1}}]},"1":{"type":"branch","line":22,"loc":{"start":{"line":22,"column":4},"end":{"line":43,"column":5}},"locations":[{"start":{"line":22,"column":4},"end":{"line":43,"column":5}}]},"2":{"type":"branch","line":24,"loc":{"start":{"line":24,"column":8},"end":{"line":36,"column":9}},"locations":[{"start":{"line":24,"column":8},"end":{"line":36,"column":9}}]},"3":{"type":"branch","line":26,"loc":{"start":{"line":26,"column":8},"end":{"line":36,"column":9}},"locations":[{"start":{"line":26,"column":8},"end":{"line":36,"column":9}}]},"4":{"type":"branch","line":37,"loc":{"start":{"line":37,"column":4},"end":{"line":43,"column":5}},"locations":[{"start":{"line":37,"column":4},"end":{"line":43,"column":5}}]}},"b":{"0":[5],"1":[3],"2":[2],"3":[1],"4":[2]},"fnMap":{"0":{"name":"insertDeepItem","decl":{"start":{"line":12,"column":30},"end":{"line":44,"column":1}},"loc":{"start":{"line":12,"column":30},"end":{"line":44,"column":1}},"line":12}},"f":{"0":5}}
,"/var/www/tanstack-query-vue-cache-helpers/lib/utilities/arrays/refreshArray.ts": {"path":"/var/www/tanstack-query-vue-cache-helpers/lib/utilities/arrays/refreshArray.ts","all":false,"statementMap":{"0":{"start":{"line":1,"column":0},"end":{"line":1,"column":49}},"30":{"start":{"line":31,"column":0},"end":{"line":31,"column":33}},"31":{"start":{"line":32,"column":0},"end":{"line":32,"column":10}},"32":{"start":{"line":33,"column":0},"end":{"line":33,"column":13}},"33":{"start":{"line":34,"column":0},"end":{"line":34,"column":21}},"34":{"start":{"line":35,"column":0},"end":{"line":35,"column":34}},"35":{"start":{"line":36,"column":0},"end":{"line":36,"column":30}},"36":{"start":{"line":37,"column":0},"end":{"line":37,"column":41}},"37":{"start":{"line":38,"column":0},"end":{"line":38,"column":1}},"40":{"start":{"line":41,"column":0},"end":{"line":41,"column":46}},"41":{"start":{"line":42,"column":0},"end":{"line":42,"column":5}},"44":{"start":{"line":45,"column":0},"end":{"line":45,"column":62}},"45":{"start":{"line":46,"column":0},"end":{"line":46,"column":9}},"46":{"start":{"line":47,"column":0},"end":{"line":47,"column":29}},"47":{"start":{"line":48,"column":0},"end":{"line":48,"column":13}},"48":{"start":{"line":49,"column":0},"end":{"line":49,"column":45}},"49":{"start":{"line":50,"column":0},"end":{"line":50,"column":13}},"51":{"start":{"line":52,"column":0},"end":{"line":52,"column":13}},"52":{"start":{"line":53,"column":0},"end":{"line":53,"column":39}},"53":{"start":{"line":54,"column":0},"end":{"line":54,"column":13}},"54":{"start":{"line":55,"column":0},"end":{"line":55,"column":9}},"62":{"start":{"line":63,"column":0},"end":{"line":63,"column":9}},"63":{"start":{"line":64,"column":0},"end":{"line":64,"column":35}},"64":{"start":{"line":65,"column":0},"end":{"line":65,"column":49}},"65":{"start":{"line":66,"column":0},"end":{"line":66,"column":9}},"66":{"start":{"line":67,"column":0},"end":{"line":67,"column":5}},"69":{"start":{"line":70,"column":0},"end":{"line":70,"column":5}},"70":{"start":{"line":71,"column":0},"end":{"line":71,"column":44}},"73":{"start":{"line":74,"column":0},"end":{"line":74,"column":85}},"74":{"start":{"line":75,"column":0},"end":{"line":75,"column":13}},"75":{"start":{"line":76,"column":0},"end":{"line":76,"column":122}},"76":{"start":{"line":77,"column":0},"end":{"line":77,"column":13}},"80":{"start":{"line":81,"column":0},"end":{"line":81,"column":13}},"81":{"start":{"line":82,"column":0},"end":{"line":82,"column":47}},"82":{"start":{"line":83,"column":0},"end":{"line":83,"column":17}},"83":{"start":{"line":84,"column":0},"end":{"line":84,"column":46}},"84":{"start":{"line":85,"column":0},"end":{"line":85,"column":17}},"87":{"start":{"line":88,"column":0},"end":{"line":88,"column":17}},"88":{"start":{"line":89,"column":0},"end":{"line":89,"column":49}},"89":{"start":{"line":90,"column":0},"end":{"line":90,"column":17}},"90":{"start":{"line":91,"column":0},"end":{"line":91,"column":13}},"91":{"start":{"line":92,"column":0},"end":{"line":92,"column":10}},"92":{"start":{"line":93,"column":0},"end":{"line":93,"column":5}},"94":{"start":{"line":95,"column":0},"end":{"line":95,"column":38}},"95":{"start":{"line":96,"column":0},"end":{"line":96,"column":16}},"96":{"start":{"line":97,"column":0},"end":{"line":97,"column":1}}},"s":{"0":1,"30":1,"31":9,"32":9,"33":9,"34":9,"35":9,"36":9,"37":9,"40":9,"41":9,"44":4,"45":4,"46":2,"47":2,"48":1,"49":1,"51":1,"52":1,"53":1,"54":2,"62":2,"63":2,"64":2,"65":2,"66":4,"69":5,"70":5,"73":7,"74":7,"75":1,"76":1,"80":6,"81":6,"82":6,"83":5,"84":5,"87":1,"88":1,"89":1,"90":6,"91":5,"92":5,"94":9,"95":9,"96":9},"branchMap":{"0":{"type":"branch","line":31,"loc":{"start":{"line":31,"column":28},"end":{"line":97,"column":1}},"locations":[{"start":{"line":31,"column":28},"end":{"line":97,"column":1}}]},"1":{"type":"branch","line":41,"loc":{"start":{"line":41,"column":8},"end":{"line":41,"column":46}},"locations":[{"start":{"line":41,"column":8},"end":{"line":41,"column":46}}]},"2":{"type":"branch","line":42,"loc":{"start":{"line":42,"column":4},"end":{"line":93,"column":5}},"locations":[{"start":{"line":42,"column":4},"end":{"line":93,"column":5}}]},"3":{"type":"branch","line":42,"loc":{"start":{"line":42,"column":4},"end":{"line":67,"column":5}},"locations":[{"start":{"line":42,"column":4},"end":{"line":67,"column":5}}]},"4":{"type":"branch","line":45,"loc":{"start":{"line":45,"column":28},"end":{"line":45,"column":62}},"locations":[{"start":{"line":45,"column":28},"end":{"line":45,"column":62}}]},"5":{"type":"branch","line":46,"loc":{"start":{"line":46,"column":8},"end":{"line":66,"column":9}},"locations":[{"start":{"line":46,"column":8},"end":{"line":66,"column":9}}]},"6":{"type":"branch","line":48,"loc":{"start":{"line":48,"column":12},"end":{"line":54,"column":13}},"locations":[{"start":{"line":48,"column":12},"end":{"line":54,"column":13}}]},"7":{"type":"branch","line":71,"loc":{"start":{"line":71,"column":32},"end":{"line":92,"column":9}},"locations":[{"start":{"line":71,"column":32},"end":{"line":92,"column":9}}]},"8":{"type":"branch","line":75,"loc":{"start":{"line":75,"column":12},"end":{"line":77,"column":13}},"locations":[{"start":{"line":75,"column":12},"end":{"line":77,"column":13}}]},"9":{"type":"branch","line":77,"loc":{"start":{"line":77,"column":12},"end":{"line":91,"column":13}},"locations":[{"start":{"line":77,"column":12},"end":{"line":91,"column":13}}]},"10":{"type":"branch","line":83,"loc":{"start":{"line":83,"column":16},"end":{"line":85,"column":17}},"locations":[{"start":{"line":83,"column":16},"end":{"line":85,"column":17}}]},"11":{"type":"branch","line":85,"loc":{"start":{"line":85,"column":16},"end":{"line":90,"column":17}},"locations":[{"start":{"line":85,"column":16},"end":{"line":90,"column":17}}]},"12":{"type":"branch","line":74,"loc":{"start":{"line":74,"column":34},"end":{"line":74,"column":83}},"locations":[{"start":{"line":74,"column":34},"end":{"line":74,"column":83}}]},"13":{"type":"branch","line":76,"loc":{"start":{"line":76,"column":59},"end":{"line":76,"column":108}},"locations":[{"start":{"line":76,"column":59},"end":{"line":76,"column":108}}]}},"b":{"0":[9],"1":[5],"2":[5],"3":[4],"4":[2],"5":[2],"6":[1],"7":[7],"8":[1],"9":[6],"10":[5],"11":[1],"12":[15],"13":[2]},"fnMap":{"0":{"name":"refreshArray","decl":{"start":{"line":31,"column":28},"end":{"line":97,"column":1}},"loc":{"start":{"line":31,"column":28},"end":{"line":97,"column":1}},"line":31}},"f":{"0":9}}
,"/var/www/tanstack-query-vue-cache-helpers/lib/utilities/arrays/removeArrayItem.ts": {"path":"/var/www/tanstack-query-vue-cache-helpers/lib/utilities/arrays/removeArrayItem.ts","all":false,"statementMap":{"0":{"start":{"line":1,"column":0},"end":{"line":1,"column":49}},"7":{"start":{"line":8,"column":0},"end":{"line":8,"column":36}},"8":{"start":{"line":9,"column":0},"end":{"line":9,"column":10}},"9":{"start":{"line":10,"column":0},"end":{"line":10,"column":19}},"10":{"start":{"line":11,"column":0},"end":{"line":11,"column":32}},"11":{"start":{"line":12,"column":0},"end":{"line":12,"column":44}},"12":{"start":{"line":13,"column":0},"end":{"line":13,"column":1}},"14":{"start":{"line":15,"column":0},"end":{"line":15,"column":98}},"16":{"start":{"line":17,"column":0},"end":{"line":17,"column":20}},"17":{"start":{"line":18,"column":0},"end":{"line":18,"column":5}},"18":{"start":{"line":19,"column":0},"end":{"line":19,"column":54}},"19":{"start":{"line":20,"column":0},"end":{"line":20,"column":35}},"20":{"start":{"line":21,"column":0},"end":{"line":21,"column":5}},"22":{"start":{"line":23,"column":0},"end":{"line":23,"column":16}},"23":{"start":{"line":24,"column":0},"end":{"line":24,"column":1}}},"s":{"0":1,"7":1,"8":8,"9":8,"10":8,"11":8,"12":8,"14":8,"16":8,"17":8,"18":7,"19":4,"20":7,"22":8,"23":8},"branchMap":{"0":{"type":"branch","line":8,"loc":{"start":{"line":8,"column":31},"end":{"line":24,"column":1}},"locations":[{"start":{"line":8,"column":31},"end":{"line":24,"column":1}}]},"1":{"type":"branch","line":18,"loc":{"start":{"line":18,"column":4},"end":{"line":21,"column":5}},"locations":[{"start":{"line":18,"column":4},"end":{"line":21,"column":5}}]},"2":{"type":"branch","line":19,"loc":{"start":{"line":19,"column":26},"end":{"line":20,"column":35}},"locations":[{"start":{"line":19,"column":26},"end":{"line":20,"column":35}}]},"3":{"type":"branch","line":19,"loc":{"start":{"line":19,"column":26},"end":{"line":19,"column":54}},"locations":[{"start":{"line":19,"column":26},"end":{"line":19,"column":54}}]},"4":{"type":"branch","line":15,"loc":{"start":{"line":15,"column":39},"end":{"line":15,"column":97}},"locations":[{"start":{"line":15,"column":39},"end":{"line":15,"column":97}}]},"5":{"type":"branch","line":15,"loc":{"start":{"line":15,"column":67},"end":{"line":15,"column":96}},"locations":[{"start":{"line":15,"column":67},"end":{"line":15,"column":96}}]}},"b":{"0":[8],"1":[7],"2":[4],"3":[3],"4":[14],"5":[14]},"fnMap":{"0":{"name":"removeArrayItem","decl":{"start":{"line":8,"column":31},"end":{"line":24,"column":1}},"loc":{"start":{"line":8,"column":31},"end":{"line":24,"column":1}},"line":8}},"f":{"0":8}}
,"/var/www/tanstack-query-vue-cache-helpers/lib/utilities/arrays/removeDeepItem.ts": {"path":"/var/www/tanstack-query-vue-cache-helpers/lib/utilities/arrays/removeDeepItem.ts","all":false,"statementMap":{"0":{"start":{"line":1,"column":0},"end":{"line":1,"column":42}},"2":{"start":{"line":3,"column":0},"end":{"line":3,"column":51}},"3":{"start":{"line":4,"column":0},"end":{"line":4,"column":59}},"14":{"start":{"line":15,"column":0},"end":{"line":15,"column":35}},"15":{"start":{"line":16,"column":0},"end":{"line":16,"column":10}},"16":{"start":{"line":17,"column":0},"end":{"line":17,"column":12}},"17":{"start":{"line":18,"column":0},"end":{"line":18,"column":13}},"18":{"start":{"line":19,"column":0},"end":{"line":19,"column":14}},"19":{"start":{"line":20,"column":0},"end":{"line":20,"column":33}},"20":{"start":{"line":21,"column":0},"end":{"line":21,"column":30}},"23":{"start":{"line":24,"column":0},"end":{"line":24,"column":35}},"24":{"start":{"line":25,"column":0},"end":{"line":25,"column":5}},"26":{"start":{"line":27,"column":0},"end":{"line":27,"column":76}},"27":{"start":{"line":28,"column":0},"end":{"line":28,"column":19}},"28":{"start":{"line":29,"column":0},"end":{"line":29,"column":9}},"30":{"start":{"line":31,"column":0},"end":{"line":31,"column":105}},"31":{"start":{"line":32,"column":0},"end":{"line":32,"column":9}},"35":{"start":{"line":36,"column":0},"end":{"line":36,"column":9}},"36":{"start":{"line":37,"column":0},"end":{"line":37,"column":123}},"37":{"start":{"line":38,"column":0},"end":{"line":38,"column":23}},"38":{"start":{"line":39,"column":0},"end":{"line":39,"column":13}},"40":{"start":{"line":41,"column":0},"end":{"line":41,"column":126}},"41":{"start":{"line":42,"column":0},"end":{"line":42,"column":22}},"42":{"start":{"line":43,"column":0},"end":{"line":43,"column":13}},"44":{"start":{"line":45,"column":0},"end":{"line":45,"column":13}},"45":{"start":{"line":46,"column":0},"end":{"line":46,"column":83}},"46":{"start":{"line":47,"column":0},"end":{"line":47,"column":35}},"47":{"start":{"line":48,"column":0},"end":{"line":48,"column":37}},"48":{"start":{"line":49,"column":0},"end":{"line":49,"column":41}},"49":{"start":{"line":50,"column":0},"end":{"line":50,"column":39}},"50":{"start":{"line":51,"column":0},"end":{"line":51,"column":39}},"51":{"start":{"line":52,"column":0},"end":{"line":52,"column":18}},"52":{"start":{"line":53,"column":0},"end":{"line":53,"column":13}},"53":{"start":{"line":54,"column":0},"end":{"line":54,"column":9}},"54":{"start":{"line":55,"column":0},"end":{"line":55,"column":5}},"57":{"start":{"line":58,"column":0},"end":{"line":58,"column":32}},"58":{"start":{"line":59,"column":0},"end":{"line":59,"column":5}},"60":{"start":{"line":61,"column":0},"end":{"line":61,"column":44}},"61":{"start":{"line":62,"column":0},"end":{"line":62,"column":32}},"62":{"start":{"line":63,"column":0},"end":{"line":63,"column":37}},"63":{"start":{"line":64,"column":0},"end":{"line":64,"column":41}},"64":{"start":{"line":65,"column":0},"end":{"line":65,"column":30}},"65":{"start":{"line":66,"column":0},"end":{"line":66,"column":10}},"67":{"start":{"line":68,"column":0},"end":{"line":68,"column":21}},"68":{"start":{"line":69,"column":0},"end":{"line":69,"column":52}},"69":{"start":{"line":70,"column":0},"end":{"line":70,"column":95}},"70":{"start":{"line":71,"column":0},"end":{"line":71,"column":31}},"71":{"start":{"line":72,"column":0},"end":{"line":72,"column":41}},"72":{"start":{"line":73,"column":0},"end":{"line":73,"column":13}},"73":{"start":{"line":74,"column":0},"end":{"line":74,"column":9}},"75":{"start":{"line":76,"column":0},"end":{"line":76,"column":9}},"76":{"start":{"line":77,"column":0},"end":{"line":77,"column":79}},"77":{"start":{"line":78,"column":0},"end":{"line":78,"column":31}},"78":{"start":{"line":79,"column":0},"end":{"line":79,"column":33}},"79":{"start":{"line":80,"column":0},"end":{"line":80,"column":37}},"80":{"start":{"line":81,"column":0},"end":{"line":81,"column":35}},"81":{"start":{"line":82,"column":0},"end":{"line":82,"column":35}},"82":{"start":{"line":83,"column":0},"end":{"line":83,"column":14}},"83":{"start":{"line":84,"column":0},"end":{"line":84,"column":9}},"84":{"start":{"line":85,"column":0},"end":{"line":85,"column":5}},"88":{"start":{"line":89,"column":0},"end":{"line":89,"column":5}},"89":{"start":{"line":90,"column":0},"end":{"line":90,"column":130}},"90":{"start":{"line":91,"column":0},"end":{"line":91,"column":5}},"91":{"start":{"line":92,"column":0},"end":{"line":92,"column":1}}},"s":{"0":1,"2":1,"3":1,"14":1,"15":14,"16":14,"17":14,"18":14,"19":14,"20":14,"23":14,"24":14,"26":8,"27":8,"28":8,"30":2,"31":2,"35":6,"36":6,"37":6,"38":6,"40":4,"41":4,"42":4,"44":2,"45":2,"46":2,"47":2,"48":2,"49":2,"50":2,"51":2,"52":2,"53":6,"54":8,"57":6,"58":6,"60":4,"61":4,"62":4,"63":4,"64":4,"65":4,"67":4,"68":3,"69":3,"70":3,"71":3,"72":3,"73":3,"75":1,"76":1,"77":1,"78":1,"79":1,"80":1,"81":1,"82":1,"83":1,"84":4,"88":2,"89":2,"90":2,"91":14},"branchMap":{"0":{"type":"branch","line":15,"loc":{"start":{"line":15,"column":30},"end":{"line":92,"column":1}},"locations":[{"start":{"line":15,"column":30},"end":{"line":92,"column":1}}]},"1":{"type":"branch","line":25,"loc":{"start":{"line":25,"column":4},"end":{"line":91,"column":5}},"locations":[{"start":{"line":25,"column":4},"end":{"line":91,"column":5}}]},"2":{"type":"branch","line":25,"loc":{"start":{"line":25,"column":4},"end":{"line":55,"column":5}},"locations":[{"start":{"line":25,"column":4},"end":{"line":55,"column":5}}]},"3":{"type":"branch","line":29,"loc":{"start":{"line":29,"column":8},"end":{"line":54,"column":9}},"locations":[{"start":{"line":29,"column":8},"end":{"line":54,"column":9}}]},"4":{"type":"branch","line":29,"loc":{"start":{"line":29,"column":8},"end":{"line":32,"column":9}},"locations":[{"start":{"line":29,"column":8},"end":{"line":32,"column":9}}]},"5":{"type":"branch","line":39,"loc":{"start":{"line":39,"column":12},"end":{"line":53,"column":13}},"locations":[{"start":{"line":39,"column":12},"end":{"line":53,"column":13}}]},"6":{"type":"branch","line":39,"loc":{"start":{"line":39,"column":12},"end":{"line":43,"column":13}},"locations":[{"start":{"line":39,"column":12},"end":{"line":43,"column":13}}]},"7":{"type":"branch","line":43,"loc":{"start":{"line":43,"column":12},"end":{"line":53,"column":13}},"locations":[{"start":{"line":43,"column":12},"end":{"line":53,"column":13}}]},"8":{"type":"branch","line":55,"loc":{"start":{"line":55,"column":4},"end":{"line":91,"column":5}},"locations":[{"start":{"line":55,"column":4},"end":{"line":91,"column":5}}]},"9":{"type":"branch","line":59,"loc":{"start":{"line":59,"column":4},"end":{"line":91,"column":5}},"locations":[{"start":{"line":59,"column":4},"end":{"line":91,"column":5}}]},"10":{"type":"branch","line":68,"loc":{"start":{"line":68,"column":20},"end":{"line":84,"column":9}},"locations":[{"start":{"line":68,"column":20},"end":{"line":84,"column":9}}]},"11":{"type":"branch","line":74,"loc":{"start":{"line":74,"column":8},"end":{"line":84,"column":9}},"locations":[{"start":{"line":74,"column":8},"end":{"line":84,"column":9}}]},"12":{"type":"branch","line":85,"loc":{"start":{"line":85,"column":4},"end":{"line":91,"column":5}},"locations":[{"start":{"line":85,"column":4},"end":{"line":91,"column":5}}]},"13":{"type":"branch","line":27,"loc":{"start":{"line":27,"column":39},"end":{"line":27,"column":75}},"locations":[{"start":{"line":27,"column":39},"end":{"line":27,"column":75}}]},"14":{"type":"branch","line":41,"loc":{"start":{"line":41,"column":85},"end":{"line":41,"column":121}},"locations":[{"start":{"line":41,"column":85},"end":{"line":41,"column":121}}]},"15":{"type":"branch","line":70,"loc":{"start":{"line":70,"column":45},"end":{"line":70,"column":94}},"locations":[{"start":{"line":70,"column":45},"end":{"line":70,"column":94}}]}},"b":{"0":[14],"1":[10],"2":[8],"3":[6],"4":[2],"5":[5],"6":[4],"7":[2],"8":[6],"9":[4],"10":[3],"11":[1],"12":[2],"13":[14],"14":[5],"15":[4]},"fnMap":{"0":{"name":"removeDeepItem","decl":{"start":{"line":15,"column":30},"end":{"line":92,"column":1}},"loc":{"start":{"line":15,"column":30},"end":{"line":92,"column":1}},"line":15}},"f":{"0":14}}
,"/var/www/tanstack-query-vue-cache-helpers/lib/utilities/arrays/updateDeepItem.ts": {"path":"/var/www/tanstack-query-vue-cache-helpers/lib/utilities/arrays/updateDeepItem.ts","all":false,"statementMap":{"1":{"start":{"line":2,"column":0},"end":{"line":2,"column":47}},"2":{"start":{"line":3,"column":0},"end":{"line":3,"column":49}},"3":{"start":{"line":4,"column":0},"end":{"line":4,"column":49}},"14":{"start":{"line":15,"column":0},"end":{"line":15,"column":35}},"15":{"start":{"line":16,"column":0},"end":{"line":16,"column":10}},"16":{"start":{"line":17,"column":0},"end":{"line":17,"column":9}},"17":{"start":{"line":18,"column":0},"end":{"line":18,"column":13}},"18":{"start":{"line":19,"column":0},"end":{"line":19,"column":14}},"19":{"start":{"line":20,"column":0},"end":{"line":20,"column":33}},"20":{"start":{"line":21,"column":0},"end":{"line":21,"column":30}},"22":{"start":{"line":23,"column":0},"end":{"line":23,"column":107}},"23":{"start":{"line":24,"column":0},"end":{"line":24,"column":15}},"24":{"start":{"line":25,"column":0},"end":{"line":25,"column":5}},"26":{"start":{"line":27,"column":0},"end":{"line":27,"column":49}},"27":{"start":{"line":28,"column":0},"end":{"line":28,"column":9}},"30":{"start":{"line":31,"column":0},"end":{"line":31,"column":28}},"31":{"start":{"line":32,"column":0},"end":{"line":32,"column":29}},"32":{"start":{"line":33,"column":0},"end":{"line":33,"column":32}},"33":{"start":{"line":34,"column":0},"end":{"line":34,"column":35}},"34":{"start":{"line":35,"column":0},"end":{"line":35,"column":37}},"35":{"start":{"line":36,"column":0},"end":{"line":36,"column":40}},"36":{"start":{"line":37,"column":0},"end":{"line":37,"column":14}},"39":{"start":{"line":40,"column":0},"end":{"line":40,"column":28}},"40":{"start":{"line":41,"column":0},"end":{"line":41,"column":29}},"41":{"start":{"line":42,"column":0},"end":{"line":42,"column":27}},"42":{"start":{"line":43,"column":0},"end":{"line":43,"column":35}},"43":{"start":{"line":44,"column":0},"end":{"line":44,"column":37}},"44":{"start":{"line":45,"column":0},"end":{"line":45,"column":40}},"45":{"start":{"line":46,"column":0},"end":{"line":46,"column":14}},"46":{"start":{"line":47,"column":0},"end":{"line":47,"column":9}},"49":{"start":{"line":50,"column":0},"end":{"line":50,"column":9}},"50":{"start":{"line":51,"column":0},"end":{"line":51,"column":63}},"52":{"start":{"line":53,"column":0},"end":{"line":53,"column":39}},"53":{"start":{"line":54,"column":0},"end":{"line":54,"column":9}},"54":{"start":{"line":55,"column":0},"end":{"line":55,"column":5}},"55":{"start":{"line":56,"column":0},"end":{"line":56,"column":1}}},"s":{"1":1,"2":1,"3":1,"14":1,"15":3,"16":3,"17":3,"18":3,"19":3,"20":3,"22":3,"23":3,"24":3,"26":3,"27":3,"30":2,"31":2,"32":2,"33":2,"34":2,"35":2,"36":2,"39":2,"40":2,"41":2,"42":2,"43":2,"44":2,"45":2,"46":2,"49":1,"50":1,"52":1,"53":1,"54":3,"55":3},"branchMap":{"0":{"type":"branch","line":15,"loc":{"start":{"line":15,"column":30},"end":{"line":56,"column":1}},"locations":[{"start":{"line":15,"column":30},"end":{"line":56,"column":1}}]},"1":{"type":"branch","line":28,"loc":{"start":{"line":28,"column":8},"end":{"line":47,"column":9}},"locations":[{"start":{"line":28,"column":8},"end":{"line":47,"column":9}}]},"2":{"type":"branch","line":47,"loc":{"start":{"line":47,"column":8},"end":{"line":54,"column":9}},"locations":[{"start":{"line":47,"column":8},"end":{"line":54,"column":9}}]}},"b":{"0":[3],"1":[2],"2":[1]},"fnMap":{"0":{"name":"updateDeepItem","decl":{"start":{"line":15,"column":30},"end":{"line":56,"column":1}},"loc":{"start":{"line":15,"column":30},"end":{"line":56,"column":1}},"line":15}},"f":{"0":3}}
}
