{"/var/www/tanstack-query-vue-cache-helpers/lib/maint.ts": {"path":"/var/www/tanstack-query-vue-cache-helpers/lib/maint.ts","all":true,"statementMap":{},"s":{},"branchMap":{"0":{"type":"branch","line":1,"loc":{"start":{"line":1,"column":0},"end":{"line":1,"column":0}},"locations":[{"start":{"line":1,"column":0},"end":{"line":1,"column":0}}]}},"b":{"0":[1]},"fnMap":{"0":{"name":"(empty-report)","decl":{"start":{"line":1,"column":0},"end":{"line":1,"column":0}},"loc":{"start":{"line":1,"column":0},"end":{"line":1,"column":0}},"line":1}},"f":{"0":1}}
,"/var/www/tanstack-query-vue-cache-helpers/lib/composables/useTanstackQueryHelpers.ts": {"path":"/var/www/tanstack-query-vue-cache-helpers/lib/composables/useTanstackQueryHelpers.ts","all":false,"statementMap":{"0":{"start":{"line":1,"column":0},"end":{"line":1,"column":52}},"1":{"start":{"line":2,"column":0},"end":{"line":2,"column":41}},"3":{"start":{"line":4,"column":0},"end":{"line":4,"column":123}},"4":{"start":{"line":5,"column":0},"end":{"line":5,"column":137}},"18":{"start":{"line":19,"column":0},"end":{"line":19,"column":41}},"23":{"start":{"line":24,"column":0},"end":{"line":24,"column":7}},"24":{"start":{"line":25,"column":0},"end":{"line":25,"column":41}},"25":{"start":{"line":26,"column":0},"end":{"line":26,"column":129}},"27":{"start":{"line":28,"column":0},"end":{"line":28,"column":21}},"28":{"start":{"line":29,"column":0},"end":{"line":29,"column":29}},"29":{"start":{"line":30,"column":0},"end":{"line":30,"column":16}},"30":{"start":{"line":31,"column":0},"end":{"line":31,"column":28}},"31":{"start":{"line":32,"column":0},"end":{"line":32,"column":44}},"33":{"start":{"line":34,"column":0},"end":{"line":34,"column":45}},"34":{"start":{"line":35,"column":0},"end":{"line":35,"column":11}},"35":{"start":{"line":36,"column":0},"end":{"line":36,"column":34}},"36":{"start":{"line":37,"column":0},"end":{"line":37,"column":7}},"37":{"start":{"line":38,"column":0},"end":{"line":38,"column":2}},"44":{"start":{"line":45,"column":0},"end":{"line":45,"column":56}},"45":{"start":{"line":46,"column":0},"end":{"line":46,"column":47}},"49":{"start":{"line":50,"column":0},"end":{"line":50,"column":7}},"50":{"start":{"line":51,"column":0},"end":{"line":51,"column":24}},"51":{"start":{"line":52,"column":0},"end":{"line":52,"column":39}},"52":{"start":{"line":53,"column":0},"end":{"line":53,"column":38}},"55":{"start":{"line":56,"column":0},"end":{"line":56,"column":33}},"56":{"start":{"line":57,"column":0},"end":{"line":57,"column":61}},"57":{"start":{"line":58,"column":0},"end":{"line":58,"column":63}},"58":{"start":{"line":59,"column":0},"end":{"line":59,"column":17}},"59":{"start":{"line":60,"column":0},"end":{"line":60,"column":13}},"61":{"start":{"line":62,"column":0},"end":{"line":62,"column":33}},"62":{"start":{"line":63,"column":0},"end":{"line":63,"column":79}},"63":{"start":{"line":64,"column":0},"end":{"line":64,"column":10}},"64":{"start":{"line":65,"column":0},"end":{"line":65,"column":50}},"66":{"start":{"line":67,"column":0},"end":{"line":67,"column":52}},"68":{"start":{"line":69,"column":0},"end":{"line":69,"column":64}},"69":{"start":{"line":70,"column":0},"end":{"line":70,"column":9}},"70":{"start":{"line":71,"column":0},"end":{"line":71,"column":6}},"71":{"start":{"line":72,"column":0},"end":{"line":72,"column":1}},"111":{"start":{"line":112,"column":0},"end":{"line":112,"column":77}},"112":{"start":{"line":113,"column":0},"end":{"line":113,"column":40}},"114":{"start":{"line":115,"column":0},"end":{"line":115,"column":38}},"115":{"start":{"line":116,"column":0},"end":{"line":116,"column":56}},"116":{"start":{"line":117,"column":0},"end":{"line":117,"column":34}},"117":{"start":{"line":118,"column":0},"end":{"line":118,"column":5}},"122":{"start":{"line":123,"column":0},"end":{"line":123,"column":103}},"125":{"start":{"line":126,"column":0},"end":{"line":126,"column":60}},"128":{"start":{"line":129,"column":0},"end":{"line":129,"column":43}},"129":{"start":{"line":130,"column":0},"end":{"line":130,"column":25}},"130":{"start":{"line":131,"column":0},"end":{"line":131,"column":33}},"131":{"start":{"line":132,"column":0},"end":{"line":132,"column":69}},"132":{"start":{"line":133,"column":0},"end":{"line":133,"column":83}},"133":{"start":{"line":134,"column":0},"end":{"line":134,"column":17}},"134":{"start":{"line":135,"column":0},"end":{"line":135,"column":13}},"137":{"start":{"line":138,"column":0},"end":{"line":138,"column":25}},"138":{"start":{"line":139,"column":0},"end":{"line":139,"column":5}},"142":{"start":{"line":143,"column":0},"end":{"line":143,"column":127}},"144":{"start":{"line":145,"column":0},"end":{"line":145,"column":62}},"148":{"start":{"line":149,"column":0},"end":{"line":149,"column":37}},"149":{"start":{"line":150,"column":0},"end":{"line":150,"column":25}},"150":{"start":{"line":151,"column":0},"end":{"line":151,"column":33}},"151":{"start":{"line":152,"column":0},"end":{"line":152,"column":69}},"152":{"start":{"line":153,"column":0},"end":{"line":153,"column":101}},"153":{"start":{"line":154,"column":0},"end":{"line":154,"column":17}},"154":{"start":{"line":155,"column":0},"end":{"line":155,"column":13}},"157":{"start":{"line":158,"column":0},"end":{"line":158,"column":25}},"158":{"start":{"line":159,"column":0},"end":{"line":159,"column":5}},"160":{"start":{"line":161,"column":0},"end":{"line":161,"column":125}},"162":{"start":{"line":163,"column":0},"end":{"line":163,"column":62}},"166":{"start":{"line":167,"column":0},"end":{"line":167,"column":37}},"167":{"start":{"line":168,"column":0},"end":{"line":168,"column":25}},"168":{"start":{"line":169,"column":0},"end":{"line":169,"column":33}},"169":{"start":{"line":170,"column":0},"end":{"line":170,"column":69}},"170":{"start":{"line":171,"column":0},"end":{"line":171,"column":48}},"175":{"start":{"line":176,"column":0},"end":{"line":176,"column":47}},"176":{"start":{"line":177,"column":0},"end":{"line":177,"column":59}},"177":{"start":{"line":178,"column":0},"end":{"line":178,"column":22}},"178":{"start":{"line":179,"column":0},"end":{"line":179,"column":17}},"179":{"start":{"line":180,"column":0},"end":{"line":180,"column":13}},"182":{"start":{"line":183,"column":0},"end":{"line":183,"column":25}},"183":{"start":{"line":184,"column":0},"end":{"line":184,"column":5}},"185":{"start":{"line":186,"column":0},"end":{"line":186,"column":44}},"187":{"start":{"line":188,"column":0},"end":{"line":188,"column":62}},"191":{"start":{"line":192,"column":0},"end":{"line":192,"column":37}},"192":{"start":{"line":193,"column":0},"end":{"line":193,"column":25}},"193":{"start":{"line":194,"column":0},"end":{"line":194,"column":18}},"194":{"start":{"line":195,"column":0},"end":{"line":195,"column":13}},"197":{"start":{"line":198,"column":0},"end":{"line":198,"column":25}},"198":{"start":{"line":199,"column":0},"end":{"line":199,"column":5}},"201":{"start":{"line":202,"column":0},"end":{"line":202,"column":41}},"202":{"start":{"line":203,"column":0},"end":{"line":203,"column":14}},"203":{"start":{"line":204,"column":0},"end":{"line":204,"column":38}},"204":{"start":{"line":205,"column":0},"end":{"line":205,"column":34}},"205":{"start":{"line":206,"column":0},"end":{"line":206,"column":43}},"207":{"start":{"line":208,"column":0},"end":{"line":208,"column":62}},"209":{"start":{"line":210,"column":0},"end":{"line":210,"column":37}},"210":{"start":{"line":211,"column":0},"end":{"line":211,"column":25}},"211":{"start":{"line":212,"column":0},"end":{"line":212,"column":33}},"212":{"start":{"line":213,"column":0},"end":{"line":213,"column":69}},"213":{"start":{"line":214,"column":0},"end":{"line":214,"column":46}},"216":{"start":{"line":217,"column":0},"end":{"line":217,"column":101}},"217":{"start":{"line":218,"column":0},"end":{"line":218,"column":42}},"219":{"start":{"line":220,"column":0},"end":{"line":220,"column":58}},"220":{"start":{"line":221,"column":0},"end":{"line":221,"column":25}},"224":{"start":{"line":225,"column":0},"end":{"line":225,"column":25}},"225":{"start":{"line":226,"column":0},"end":{"line":226,"column":59}},"226":{"start":{"line":227,"column":0},"end":{"line":227,"column":29}},"228":{"start":{"line":229,"column":0},"end":{"line":229,"column":50}},"229":{"start":{"line":230,"column":0},"end":{"line":230,"column":29}},"232":{"start":{"line":233,"column":0},"end":{"line":233,"column":29}},"234":{"start":{"line":235,"column":0},"end":{"line":235,"column":53}},"235":{"start":{"line":236,"column":0},"end":{"line":236,"column":29}},"236":{"start":{"line":237,"column":0},"end":{"line":237,"column":25}},"238":{"start":{"line":239,"column":0},"end":{"line":239,"column":22}},"239":{"start":{"line":240,"column":0},"end":{"line":240,"column":31}},"240":{"start":{"line":241,"column":0},"end":{"line":241,"column":17}},"241":{"start":{"line":242,"column":0},"end":{"line":242,"column":13}},"243":{"start":{"line":244,"column":0},"end":{"line":244,"column":29}},"245":{"start":{"line":246,"column":0},"end":{"line":246,"column":5}},"247":{"start":{"line":248,"column":0},"end":{"line":248,"column":51}},"248":{"start":{"line":249,"column":0},"end":{"line":249,"column":13}},"249":{"start":{"line":250,"column":0},"end":{"line":250,"column":17}},"250":{"start":{"line":251,"column":0},"end":{"line":251,"column":18}},"251":{"start":{"line":252,"column":0},"end":{"line":252,"column":37}},"252":{"start":{"line":253,"column":0},"end":{"line":253,"column":46}},"253":{"start":{"line":254,"column":0},"end":{"line":254,"column":62}},"255":{"start":{"line":256,"column":0},"end":{"line":256,"column":37}},"256":{"start":{"line":257,"column":0},"end":{"line":257,"column":25}},"257":{"start":{"line":258,"column":0},"end":{"line":258,"column":33}},"258":{"start":{"line":259,"column":0},"end":{"line":259,"column":69}},"259":{"start":{"line":260,"column":0},"end":{"line":260,"column":70}},"260":{"start":{"line":261,"column":0},"end":{"line":261,"column":76}},"263":{"start":{"line":264,"column":0},"end":{"line":264,"column":40}},"264":{"start":{"line":265,"column":0},"end":{"line":265,"column":24}},"265":{"start":{"line":266,"column":0},"end":{"line":266,"column":56}},"266":{"start":{"line":267,"column":0},"end":{"line":267,"column":53}},"267":{"start":{"line":268,"column":0},"end":{"line":268,"column":53}},"268":{"start":{"line":269,"column":0},"end":{"line":269,"column":54}},"269":{"start":{"line":270,"column":0},"end":{"line":270,"column":46}},"270":{"start":{"line":271,"column":0},"end":{"line":271,"column":26}},"272":{"start":{"line":273,"column":0},"end":{"line":273,"column":39}},"273":{"start":{"line":274,"column":0},"end":{"line":274,"column":25}},"275":{"start":{"line":276,"column":0},"end":{"line":276,"column":44}},"276":{"start":{"line":277,"column":0},"end":{"line":277,"column":57}},"277":{"start":{"line":278,"column":0},"end":{"line":278,"column":43}},"278":{"start":{"line":279,"column":0},"end":{"line":279,"column":51}},"279":{"start":{"line":280,"column":0},"end":{"line":280,"column":53}},"280":{"start":{"line":281,"column":0},"end":{"line":281,"column":56}},"281":{"start":{"line":282,"column":0},"end":{"line":282,"column":30}},"282":{"start":{"line":283,"column":0},"end":{"line":283,"column":25}},"285":{"start":{"line":286,"column":0},"end":{"line":286,"column":25}},"286":{"start":{"line":287,"column":0},"end":{"line":287,"column":44}},"287":{"start":{"line":288,"column":0},"end":{"line":288,"column":57}},"288":{"start":{"line":289,"column":0},"end":{"line":289,"column":43}},"289":{"start":{"line":290,"column":0},"end":{"line":290,"column":51}},"290":{"start":{"line":291,"column":0},"end":{"line":291,"column":53}},"291":{"start":{"line":292,"column":0},"end":{"line":292,"column":56}},"292":{"start":{"line":293,"column":0},"end":{"line":293,"column":30}},"293":{"start":{"line":294,"column":0},"end":{"line":294,"column":25}},"294":{"start":{"line":295,"column":0},"end":{"line":295,"column":21}},"298":{"start":{"line":299,"column":0},"end":{"line":299,"column":21}},"299":{"start":{"line":300,"column":0},"end":{"line":300,"column":84}},"300":{"start":{"line":301,"column":0},"end":{"line":301,"column":21}},"301":{"start":{"line":302,"column":0},"end":{"line":302,"column":50}},"302":{"start":{"line":303,"column":0},"end":{"line":303,"column":17}},"303":{"start":{"line":304,"column":0},"end":{"line":304,"column":13}},"306":{"start":{"line":307,"column":0},"end":{"line":307,"column":25}},"307":{"start":{"line":308,"column":0},"end":{"line":308,"column":5}},"309":{"start":{"line":310,"column":0},"end":{"line":310,"column":52}},"310":{"start":{"line":311,"column":0},"end":{"line":311,"column":23}},"311":{"start":{"line":312,"column":0},"end":{"line":312,"column":17}},"312":{"start":{"line":313,"column":0},"end":{"line":313,"column":18}},"313":{"start":{"line":314,"column":0},"end":{"line":314,"column":37}},"314":{"start":{"line":315,"column":0},"end":{"line":315,"column":54}},"315":{"start":{"line":316,"column":0},"end":{"line":316,"column":62}},"317":{"start":{"line":318,"column":0},"end":{"line":318,"column":37}},"318":{"start":{"line":319,"column":0},"end":{"line":319,"column":25}},"319":{"start":{"line":320,"column":0},"end":{"line":320,"column":33}},"320":{"start":{"line":321,"column":0},"end":{"line":321,"column":69}},"321":{"start":{"line":322,"column":0},"end":{"line":322,"column":70}},"322":{"start":{"line":323,"column":0},"end":{"line":323,"column":76}},"324":{"start":{"line":325,"column":0},"end":{"line":325,"column":36}},"325":{"start":{"line":326,"column":0},"end":{"line":326,"column":49}},"326":{"start":{"line":327,"column":0},"end":{"line":327,"column":48}},"327":{"start":{"line":328,"column":0},"end":{"line":328,"column":43}},"328":{"start":{"line":329,"column":0},"end":{"line":329,"column":45}},"329":{"start":{"line":330,"column":0},"end":{"line":330,"column":48}},"330":{"start":{"line":331,"column":0},"end":{"line":331,"column":22}},"332":{"start":{"line":333,"column":0},"end":{"line":333,"column":50}},"333":{"start":{"line":334,"column":0},"end":{"line":334,"column":17}},"334":{"start":{"line":335,"column":0},"end":{"line":335,"column":13}},"337":{"start":{"line":338,"column":0},"end":{"line":338,"column":25}},"338":{"start":{"line":339,"column":0},"end":{"line":339,"column":5}},"340":{"start":{"line":341,"column":0},"end":{"line":341,"column":57}},"341":{"start":{"line":342,"column":0},"end":{"line":342,"column":23}},"342":{"start":{"line":343,"column":0},"end":{"line":343,"column":38}},"343":{"start":{"line":344,"column":0},"end":{"line":344,"column":23}},"344":{"start":{"line":345,"column":0},"end":{"line":345,"column":27}},"345":{"start":{"line":346,"column":0},"end":{"line":346,"column":54}},"346":{"start":{"line":347,"column":0},"end":{"line":347,"column":35}},"347":{"start":{"line":348,"column":0},"end":{"line":348,"column":21}},"348":{"start":{"line":349,"column":0},"end":{"line":349,"column":59}},"349":{"start":{"line":350,"column":0},"end":{"line":350,"column":62}},"352":{"start":{"line":353,"column":0},"end":{"line":353,"column":37}},"353":{"start":{"line":354,"column":0},"end":{"line":354,"column":25}},"354":{"start":{"line":355,"column":0},"end":{"line":355,"column":33}},"356":{"start":{"line":357,"column":0},"end":{"line":357,"column":69}},"357":{"start":{"line":358,"column":0},"end":{"line":358,"column":74}},"358":{"start":{"line":359,"column":0},"end":{"line":359,"column":54}},"359":{"start":{"line":360,"column":0},"end":{"line":360,"column":100}},"360":{"start":{"line":361,"column":0},"end":{"line":361,"column":22}},"362":{"start":{"line":363,"column":0},"end":{"line":363,"column":33}},"363":{"start":{"line":364,"column":0},"end":{"line":364,"column":91}},"365":{"start":{"line":366,"column":0},"end":{"line":366,"column":76}},"368":{"start":{"line":369,"column":0},"end":{"line":369,"column":45}},"369":{"start":{"line":370,"column":0},"end":{"line":370,"column":51}},"370":{"start":{"line":371,"column":0},"end":{"line":371,"column":120}},"371":{"start":{"line":372,"column":0},"end":{"line":372,"column":57}},"372":{"start":{"line":373,"column":0},"end":{"line":373,"column":73}},"373":{"start":{"line":374,"column":0},"end":{"line":374,"column":31}},"376":{"start":{"line":377,"column":0},"end":{"line":377,"column":79}},"377":{"start":{"line":378,"column":0},"end":{"line":378,"column":32}},"378":{"start":{"line":379,"column":0},"end":{"line":379,"column":86}},"379":{"start":{"line":380,"column":0},"end":{"line":380,"column":25}},"380":{"start":{"line":381,"column":0},"end":{"line":381,"column":21}},"381":{"start":{"line":382,"column":0},"end":{"line":382,"column":40}},"382":{"start":{"line":383,"column":0},"end":{"line":383,"column":17}},"383":{"start":{"line":384,"column":0},"end":{"line":384,"column":14}},"386":{"start":{"line":387,"column":0},"end":{"line":387,"column":25}},"387":{"start":{"line":388,"column":0},"end":{"line":388,"column":5}},"394":{"start":{"line":395,"column":0},"end":{"line":395,"column":54}},"395":{"start":{"line":396,"column":0},"end":{"line":396,"column":75}},"396":{"start":{"line":397,"column":0},"end":{"line":397,"column":43}},"397":{"start":{"line":398,"column":0},"end":{"line":398,"column":60}},"398":{"start":{"line":399,"column":0},"end":{"line":399,"column":84}},"399":{"start":{"line":400,"column":0},"end":{"line":400,"column":43}},"400":{"start":{"line":401,"column":0},"end":{"line":401,"column":41}},"401":{"start":{"line":402,"column":0},"end":{"line":402,"column":62}},"403":{"start":{"line":404,"column":0},"end":{"line":404,"column":37}},"404":{"start":{"line":405,"column":0},"end":{"line":405,"column":25}},"405":{"start":{"line":406,"column":0},"end":{"line":406,"column":33}},"406":{"start":{"line":407,"column":0},"end":{"line":407,"column":69}},"408":{"start":{"line":409,"column":0},"end":{"line":409,"column":74}},"409":{"start":{"line":410,"column":0},"end":{"line":410,"column":54}},"410":{"start":{"line":411,"column":0},"end":{"line":411,"column":100}},"411":{"start":{"line":412,"column":0},"end":{"line":412,"column":22}},"413":{"start":{"line":414,"column":0},"end":{"line":414,"column":31}},"414":{"start":{"line":415,"column":0},"end":{"line":415,"column":21}},"416":{"start":{"line":417,"column":0},"end":{"line":417,"column":63}},"417":{"start":{"line":418,"column":0},"end":{"line":418,"column":25}},"419":{"start":{"line":420,"column":0},"end":{"line":420,"column":73}},"422":{"start":{"line":423,"column":0},"end":{"line":423,"column":48}},"423":{"start":{"line":424,"column":0},"end":{"line":424,"column":51}},"424":{"start":{"line":425,"column":0},"end":{"line":425,"column":76}},"425":{"start":{"line":426,"column":0},"end":{"line":426,"column":55}},"426":{"start":{"line":427,"column":0},"end":{"line":427,"column":30}},"429":{"start":{"line":430,"column":0},"end":{"line":430,"column":76}},"430":{"start":{"line":431,"column":0},"end":{"line":431,"column":25}},"433":{"start":{"line":434,"column":0},"end":{"line":434,"column":25}},"435":{"start":{"line":436,"column":0},"end":{"line":436,"column":69}},"436":{"start":{"line":437,"column":0},"end":{"line":437,"column":25}},"437":{"start":{"line":438,"column":0},"end":{"line":438,"column":21}},"440":{"start":{"line":441,"column":0},"end":{"line":441,"column":40}},"441":{"start":{"line":442,"column":0},"end":{"line":442,"column":17}},"442":{"start":{"line":443,"column":0},"end":{"line":443,"column":13}},"445":{"start":{"line":446,"column":0},"end":{"line":446,"column":25}},"446":{"start":{"line":447,"column":0},"end":{"line":447,"column":5}},"448":{"start":{"line":449,"column":0},"end":{"line":449,"column":12}},"449":{"start":{"line":450,"column":0},"end":{"line":450,"column":20}},"450":{"start":{"line":451,"column":0},"end":{"line":451,"column":27}},"451":{"start":{"line":452,"column":0},"end":{"line":452,"column":27}},"452":{"start":{"line":453,"column":0},"end":{"line":453,"column":34}},"453":{"start":{"line":454,"column":0},"end":{"line":454,"column":32}},"454":{"start":{"line":455,"column":0},"end":{"line":455,"column":27}},"455":{"start":{"line":456,"column":0},"end":{"line":456,"column":29}},"456":{"start":{"line":457,"column":0},"end":{"line":457,"column":39}},"457":{"start":{"line":458,"column":0},"end":{"line":458,"column":40}},"458":{"start":{"line":459,"column":0},"end":{"line":459,"column":42}},"459":{"start":{"line":460,"column":0},"end":{"line":460,"column":38}},"460":{"start":{"line":461,"column":0},"end":{"line":461,"column":5}},"461":{"start":{"line":462,"column":0},"end":{"line":462,"column":1}}},"s":{"0":1,"1":1,"3":1,"4":1,"18":1,"23":5,"24":5,"25":5,"27":5,"28":5,"29":5,"30":5,"31":1,"33":1,"34":1,"35":5,"36":5,"37":5,"44":1,"45":1,"49":6,"50":6,"51":6,"52":4,"55":4,"56":3,"57":1,"58":1,"59":3,"61":3,"62":3,"63":4,"64":6,"66":3,"68":2,"69":3,"70":6,"71":6,"111":1,"112":28,"114":28,"115":1,"116":1,"117":1,"122":28,"125":1,"128":1,"129":1,"130":1,"131":1,"132":1,"133":1,"134":1,"137":1,"138":1,"142":28,"144":1,"148":1,"149":1,"150":1,"151":1,"152":1,"153":1,"154":1,"157":1,"158":1,"160":28,"162":1,"166":1,"167":1,"168":1,"169":1,"170":1,"175":0,"176":0,"177":1,"178":1,"179":1,"182":1,"183":1,"185":28,"187":1,"191":1,"192":1,"193":1,"194":1,"197":1,"198":1,"201":28,"202":25,"203":25,"204":25,"205":25,"207":25,"209":25,"210":25,"211":25,"212":25,"213":25,"216":26,"217":26,"219":1,"220":1,"224":25,"225":25,"226":25,"228":1,"229":1,"232":24,"234":24,"235":24,"236":25,"238":25,"239":25,"240":25,"241":25,"243":25,"245":25,"247":28,"248":4,"249":4,"250":4,"251":4,"252":4,"253":4,"255":4,"256":4,"257":4,"258":4,"259":4,"260":4,"263":4,"264":4,"265":3,"266":3,"267":3,"268":3,"269":3,"270":3,"272":3,"273":3,"275":2,"276":2,"277":2,"278":2,"279":2,"280":2,"281":2,"282":2,"285":1,"286":1,"287":1,"288":1,"289":1,"290":1,"291":1,"292":1,"293":1,"294":3,"298":1,"299":1,"300":1,"301":4,"302":4,"303":4,"306":4,"307":4,"309":28,"310":4,"311":4,"312":4,"313":4,"314":4,"315":4,"317":4,"318":4,"319":4,"320":4,"321":4,"322":4,"324":4,"325":4,"326":4,"327":4,"328":4,"329":4,"330":4,"332":4,"333":4,"334":4,"337":4,"338":4,"340":28,"341":5,"342":5,"343":5,"344":5,"345":5,"346":5,"347":5,"348":5,"349":5,"352":5,"353":5,"354":5,"356":5,"357":5,"358":5,"359":5,"360":5,"362":5,"363":4,"365":1,"368":1,"369":1,"370":1,"371":1,"372":1,"373":1,"376":1,"377":4,"378":3,"379":3,"380":4,"381":5,"382":5,"383":5,"386":5,"387":5,"394":28,"395":4,"396":4,"397":4,"398":4,"399":4,"400":4,"401":4,"403":4,"404":4,"405":4,"406":4,"408":4,"409":4,"410":4,"411":4,"413":4,"414":4,"416":3,"417":3,"419":2,"422":2,"423":2,"424":2,"425":2,"426":2,"429":2,"430":2,"433":1,"435":1,"436":1,"437":3,"440":4,"441":4,"442":4,"445":4,"446":4,"448":28,"449":28,"450":28,"451":28,"452":28,"453":28,"454":28,"455":28,"456":28,"457":28,"458":28,"459":28,"460":28,"461":28},"branchMap":{"0":{"type":"branch","line":19,"loc":{"start":{"line":19,"column":28},"end":{"line":38,"column":2}},"locations":[{"start":{"line":19,"column":28},"end":{"line":38,"column":2}}]},"1":{"type":"branch","line":26,"loc":{"start":{"line":26,"column":31},"end":{"line":26,"column":124}},"locations":[{"start":{"line":26,"column":31},"end":{"line":26,"column":124}}]},"2":{"type":"branch","line":26,"loc":{"start":{"line":26,"column":72},"end":{"line":26,"column":129}},"locations":[{"start":{"line":26,"column":72},"end":{"line":26,"column":129}}]},"3":{"type":"branch","line":31,"loc":{"start":{"line":31,"column":12},"end":{"line":35,"column":11}},"locations":[{"start":{"line":31,"column":12},"end":{"line":35,"column":11}}]},"4":{"type":"branch","line":46,"loc":{"start":{"line":46,"column":31},"end":{"line":72,"column":1}},"locations":[{"start":{"line":46,"column":31},"end":{"line":72,"column":1}}]},"5":{"type":"branch","line":52,"loc":{"start":{"line":52,"column":20},"end":{"line":64,"column":10}},"locations":[{"start":{"line":52,"column":20},"end":{"line":64,"column":10}}]},"6":{"type":"branch","line":56,"loc":{"start":{"line":56,"column":32},"end":{"line":63,"column":79}},"locations":[{"start":{"line":56,"column":32},"end":{"line":63,"column":79}}]},"7":{"type":"branch","line":57,"loc":{"start":{"line":57,"column":60},"end":{"line":59,"column":17}},"locations":[{"start":{"line":57,"column":60},"end":{"line":59,"column":17}}]},"8":{"type":"branch","line":63,"loc":{"start":{"line":63,"column":51},"end":{"line":63,"column":78}},"locations":[{"start":{"line":63,"column":51},"end":{"line":63,"column":78}}]},"9":{"type":"branch","line":65,"loc":{"start":{"line":65,"column":19},"end":{"line":70,"column":9}},"locations":[{"start":{"line":65,"column":19},"end":{"line":70,"column":9}}]},"10":{"type":"branch","line":67,"loc":{"start":{"line":67,"column":45},"end":{"line":67,"column":52}},"locations":[{"start":{"line":67,"column":45},"end":{"line":67,"column":52}}]},"11":{"type":"branch","line":67,"loc":{"start":{"line":67,"column":45},"end":{"line":69,"column":64}},"locations":[{"start":{"line":67,"column":45},"end":{"line":69,"column":64}}]},"12":{"type":"branch","line":112,"loc":{"start":{"line":112,"column":39},"end":{"line":462,"column":1}},"locations":[{"start":{"line":112,"column":39},"end":{"line":462,"column":1}}]},"13":{"type":"branch","line":115,"loc":{"start":{"line":115,"column":31},"end":{"line":118,"column":5}},"locations":[{"start":{"line":115,"column":31},"end":{"line":118,"column":5}}]},"14":{"type":"branch","line":123,"loc":{"start":{"line":123,"column":31},"end":{"line":139,"column":5}},"locations":[{"start":{"line":123,"column":31},"end":{"line":139,"column":5}}]},"15":{"type":"branch","line":131,"loc":{"start":{"line":131,"column":16},"end":{"line":134,"column":17}},"locations":[{"start":{"line":131,"column":16},"end":{"line":134,"column":17}}]},"16":{"type":"branch","line":132,"loc":{"start":{"line":132,"column":50},"end":{"line":132,"column":67}},"locations":[{"start":{"line":132,"column":50},"end":{"line":132,"column":67}}]},"17":{"type":"branch","line":133,"loc":{"start":{"line":133,"column":64},"end":{"line":133,"column":83}},"locations":[{"start":{"line":133,"column":64},"end":{"line":133,"column":83}}]},"18":{"type":"branch","line":143,"loc":{"start":{"line":143,"column":38},"end":{"line":159,"column":5}},"locations":[{"start":{"line":143,"column":38},"end":{"line":159,"column":5}}]},"19":{"type":"branch","line":151,"loc":{"start":{"line":151,"column":16},"end":{"line":154,"column":17}},"locations":[{"start":{"line":151,"column":16},"end":{"line":154,"column":17}}]},"20":{"type":"branch","line":152,"loc":{"start":{"line":152,"column":50},"end":{"line":152,"column":67}},"locations":[{"start":{"line":152,"column":50},"end":{"line":152,"column":67}}]},"21":{"type":"branch","line":161,"loc":{"start":{"line":161,"column":36},"end":{"line":184,"column":5}},"locations":[{"start":{"line":161,"column":36},"end":{"line":184,"column":5}}]},"22":{"type":"branch","line":169,"loc":{"start":{"line":169,"column":16},"end":{"line":179,"column":17}},"locations":[{"start":{"line":169,"column":16},"end":{"line":179,"column":17}}]},"23":{"type":"branch","line":170,"loc":{"start":{"line":170,"column":50},"end":{"line":170,"column":67}},"locations":[{"start":{"line":170,"column":50},"end":{"line":170,"column":67}}]},"24":{"type":"branch","line":186,"loc":{"start":{"line":186,"column":31},"end":{"line":199,"column":5}},"locations":[{"start":{"line":186,"column":31},"end":{"line":199,"column":5}}]},"25":{"type":"branch","line":202,"loc":{"start":{"line":202,"column":33},"end":{"line":246,"column":5}},"locations":[{"start":{"line":202,"column":33},"end":{"line":246,"column":5}}]},"26":{"type":"branch","line":212,"loc":{"start":{"line":212,"column":16},"end":{"line":241,"column":17}},"locations":[{"start":{"line":212,"column":16},"end":{"line":241,"column":17}}]},"27":{"type":"branch","line":213,"loc":{"start":{"line":213,"column":50},"end":{"line":213,"column":67}},"locations":[{"start":{"line":213,"column":50},"end":{"line":213,"column":67}}]},"28":{"type":"branch","line":213,"loc":{"start":{"line":213,"column":63},"end":{"line":213,"column":69}},"locations":[{"start":{"line":213,"column":63},"end":{"line":213,"column":69}}]},"29":{"type":"branch","line":214,"loc":{"start":{"line":214,"column":34},"end":{"line":239,"column":21}},"locations":[{"start":{"line":214,"column":34},"end":{"line":239,"column":21}}]},"30":{"type":"branch","line":218,"loc":{"start":{"line":218,"column":41},"end":{"line":221,"column":25}},"locations":[{"start":{"line":218,"column":41},"end":{"line":221,"column":25}}]},"31":{"type":"branch","line":221,"loc":{"start":{"line":221,"column":24},"end":{"line":237,"column":25}},"locations":[{"start":{"line":221,"column":24},"end":{"line":237,"column":25}}]},"32":{"type":"branch","line":227,"loc":{"start":{"line":227,"column":28},"end":{"line":230,"column":29}},"locations":[{"start":{"line":227,"column":28},"end":{"line":230,"column":29}}]},"33":{"type":"branch","line":230,"loc":{"start":{"line":230,"column":28},"end":{"line":236,"column":29}},"locations":[{"start":{"line":230,"column":28},"end":{"line":236,"column":29}}]},"34":{"type":"branch","line":217,"loc":{"start":{"line":217,"column":51},"end":{"line":217,"column":100}},"locations":[{"start":{"line":217,"column":51},"end":{"line":217,"column":100}}]},"35":{"type":"branch","line":248,"loc":{"start":{"line":248,"column":43},"end":{"line":308,"column":5}},"locations":[{"start":{"line":248,"column":43},"end":{"line":308,"column":5}}]},"36":{"type":"branch","line":258,"loc":{"start":{"line":258,"column":16},"end":{"line":303,"column":17}},"locations":[{"start":{"line":258,"column":16},"end":{"line":303,"column":17}}]},"37":{"type":"branch","line":259,"loc":{"start":{"line":259,"column":50},"end":{"line":259,"column":67}},"locations":[{"start":{"line":259,"column":50},"end":{"line":259,"column":67}}]},"38":{"type":"branch","line":259,"loc":{"start":{"line":259,"column":63},"end":{"line":259,"column":69}},"locations":[{"start":{"line":259,"column":63},"end":{"line":259,"column":69}}]},"39":{"type":"branch","line":265,"loc":{"start":{"line":265,"column":20},"end":{"line":295,"column":21}},"locations":[{"start":{"line":265,"column":20},"end":{"line":295,"column":21}}]},"40":{"type":"branch","line":274,"loc":{"start":{"line":274,"column":24},"end":{"line":283,"column":25}},"locations":[{"start":{"line":274,"column":24},"end":{"line":283,"column":25}}]},"41":{"type":"branch","line":283,"loc":{"start":{"line":283,"column":24},"end":{"line":294,"column":25}},"locations":[{"start":{"line":283,"column":24},"end":{"line":294,"column":25}}]},"42":{"type":"branch","line":295,"loc":{"start":{"line":295,"column":20},"end":{"line":301,"column":21}},"locations":[{"start":{"line":295,"column":20},"end":{"line":301,"column":21}}]},"43":{"type":"branch","line":261,"loc":{"start":{"line":261,"column":33},"end":{"line":261,"column":75}},"locations":[{"start":{"line":261,"column":33},"end":{"line":261,"column":75}}]},"44":{"type":"branch","line":310,"loc":{"start":{"line":310,"column":44},"end":{"line":339,"column":5}},"locations":[{"start":{"line":310,"column":44},"end":{"line":339,"column":5}}]},"45":{"type":"branch","line":320,"loc":{"start":{"line":320,"column":16},"end":{"line":334,"column":17}},"locations":[{"start":{"line":320,"column":16},"end":{"line":334,"column":17}}]},"46":{"type":"branch","line":321,"loc":{"start":{"line":321,"column":63},"end":{"line":321,"column":69}},"locations":[{"start":{"line":321,"column":63},"end":{"line":321,"column":69}}]},"47":{"type":"branch","line":323,"loc":{"start":{"line":323,"column":33},"end":{"line":323,"column":75}},"locations":[{"start":{"line":323,"column":33},"end":{"line":323,"column":75}}]},"48":{"type":"branch","line":341,"loc":{"start":{"line":341,"column":46},"end":{"line":388,"column":5}},"locations":[{"start":{"line":341,"column":46},"end":{"line":388,"column":5}}]},"49":{"type":"branch","line":355,"loc":{"start":{"line":355,"column":16},"end":{"line":383,"column":17}},"locations":[{"start":{"line":355,"column":16},"end":{"line":383,"column":17}}]},"50":{"type":"branch","line":357,"loc":{"start":{"line":357,"column":63},"end":{"line":357,"column":69}},"locations":[{"start":{"line":357,"column":63},"end":{"line":357,"column":69}}]},"51":{"type":"branch","line":363,"loc":{"start":{"line":363,"column":32},"end":{"line":381,"column":21}},"locations":[{"start":{"line":363,"column":32},"end":{"line":381,"column":21}}]},"52":{"type":"branch","line":364,"loc":{"start":{"line":364,"column":64},"end":{"line":364,"column":90}},"locations":[{"start":{"line":364,"column":64},"end":{"line":364,"column":90}}]},"53":{"type":"branch","line":364,"loc":{"start":{"line":364,"column":90},"end":{"line":378,"column":31}},"locations":[{"start":{"line":364,"column":90},"end":{"line":378,"column":31}}]},"54":{"type":"branch","line":371,"loc":{"start":{"line":371,"column":78},"end":{"line":371,"column":120}},"locations":[{"start":{"line":371,"column":78},"end":{"line":371,"column":120}}]},"55":{"type":"branch","line":378,"loc":{"start":{"line":378,"column":24},"end":{"line":380,"column":25}},"locations":[{"start":{"line":378,"column":24},"end":{"line":380,"column":25}}]},"56":{"type":"branch","line":358,"loc":{"start":{"line":358,"column":51},"end":{"line":358,"column":72}},"locations":[{"start":{"line":358,"column":51},"end":{"line":358,"column":72}}]},"57":{"type":"branch","line":360,"loc":{"start":{"line":360,"column":24},"end":{"line":360,"column":100}},"locations":[{"start":{"line":360,"column":24},"end":{"line":360,"column":100}}]},"58":{"type":"branch","line":395,"loc":{"start":{"line":395,"column":43},"end":{"line":447,"column":5}},"locations":[{"start":{"line":395,"column":43},"end":{"line":447,"column":5}}]},"59":{"type":"branch","line":406,"loc":{"start":{"line":406,"column":16},"end":{"line":442,"column":17}},"locations":[{"start":{"line":406,"column":16},"end":{"line":442,"column":17}}]},"60":{"type":"branch","line":407,"loc":{"start":{"line":407,"column":63},"end":{"line":407,"column":69}},"locations":[{"start":{"line":407,"column":63},"end":{"line":407,"column":69}}]},"61":{"type":"branch","line":415,"loc":{"start":{"line":415,"column":20},"end":{"line":438,"column":21}},"locations":[{"start":{"line":415,"column":20},"end":{"line":438,"column":21}}]},"62":{"type":"branch","line":418,"loc":{"start":{"line":418,"column":24},"end":{"line":431,"column":25}},"locations":[{"start":{"line":418,"column":24},"end":{"line":431,"column":25}}]},"63":{"type":"branch","line":431,"loc":{"start":{"line":431,"column":24},"end":{"line":437,"column":25}},"locations":[{"start":{"line":431,"column":24},"end":{"line":437,"column":25}}]},"64":{"type":"branch","line":409,"loc":{"start":{"line":409,"column":51},"end":{"line":409,"column":72}},"locations":[{"start":{"line":409,"column":51},"end":{"line":409,"column":72}}]},"65":{"type":"branch","line":411,"loc":{"start":{"line":411,"column":24},"end":{"line":411,"column":100}},"locations":[{"start":{"line":411,"column":24},"end":{"line":411,"column":100}}]}},"b":{"0":[5],"1":[1],"2":[4],"3":[1],"4":[6],"5":[4],"6":[3],"7":[1],"8":[2],"9":[3],"10":[1],"11":[2],"12":[28],"13":[1],"14":[1],"15":[1],"16":[0],"17":[0],"18":[1],"19":[1],"20":[0],"21":[1],"22":[1],"23":[0],"24":[1],"25":[25],"26":[25],"27":[4],"28":[21],"29":[26],"30":[1],"31":[25],"32":[1],"33":[24],"34":[6],"35":[4],"36":[4],"37":[3],"38":[1],"39":[3],"40":[2],"41":[1],"42":[1],"43":[3],"44":[4],"45":[4],"46":[0],"47":[5],"48":[5],"49":[5],"50":[0],"51":[4],"52":[2],"53":[1],"54":[0],"55":[3],"56":[5],"57":[5],"58":[4],"59":[4],"60":[0],"61":[3],"62":[2],"63":[1],"64":[4],"65":[4]},"fnMap":{"0":{"name":"queryFactory","decl":{"start":{"line":19,"column":28},"end":{"line":38,"column":2}},"loc":{"start":{"line":19,"column":28},"end":{"line":38,"column":2}},"line":19},"1":{"name":"mutationFactory","decl":{"start":{"line":46,"column":31},"end":{"line":72,"column":1}},"loc":{"start":{"line":46,"column":31},"end":{"line":72,"column":1}},"line":46},"2":{"name":"mutationFn","decl":{"start":{"line":52,"column":20},"end":{"line":64,"column":10}},"loc":{"start":{"line":52,"column":20},"end":{"line":64,"column":10}},"line":52},"3":{"name":"onSuccess","decl":{"start":{"line":65,"column":19},"end":{"line":70,"column":9}},"loc":{"start":{"line":65,"column":19},"end":{"line":70,"column":9}},"line":65},"4":{"name":"useTanstackCacheHelpers","decl":{"start":{"line":112,"column":39},"end":{"line":462,"column":1}},"loc":{"start":{"line":112,"column":39},"end":{"line":462,"column":1}},"line":112},"5":{"name":"isQueryInitialized","decl":{"start":{"line":115,"column":31},"end":{"line":118,"column":5}},"loc":{"start":{"line":115,"column":31},"end":{"line":118,"column":5}},"line":115},"6":{"name":"addToTanstackCache","decl":{"start":{"line":123,"column":31},"end":{"line":139,"column":5}},"loc":{"start":{"line":123,"column":31},"end":{"line":139,"column":5}},"line":123},"7":{"name":"updateItemInTanstackCache","decl":{"start":{"line":143,"column":38},"end":{"line":159,"column":5}},"loc":{"start":{"line":143,"column":38},"end":{"line":159,"column":5}},"line":143},"8":{"name":"removeFromTanstackCache","decl":{"start":{"line":161,"column":36},"end":{"line":184,"column":5}},"loc":{"start":{"line":161,"column":36},"end":{"line":184,"column":5}},"line":161},"9":{"name":"clearTanstackCache","decl":{"start":{"line":186,"column":31},"end":{"line":199,"column":5}},"loc":{"start":{"line":186,"column":31},"end":{"line":199,"column":5}},"line":186},"10":{"name":"refreshTanstackCache","decl":{"start":{"line":202,"column":33},"end":{"line":246,"column":5}},"loc":{"start":{"line":202,"column":33},"end":{"line":246,"column":5}},"line":202},"11":{"name":"refreshDeepItemInTanstackCache","decl":{"start":{"line":248,"column":43},"end":{"line":308,"column":5}},"loc":{"start":{"line":248,"column":43},"end":{"line":308,"column":5}},"line":248},"12":{"name":"removeDeepItemFromTanstackCache","decl":{"start":{"line":310,"column":44},"end":{"line":339,"column":5}},"loc":{"start":{"line":310,"column":44},"end":{"line":339,"column":5}},"line":310},"13":{"name":"refreshPartialItemInTanstackCache","decl":{"start":{"line":341,"column":46},"end":{"line":388,"column":5}},"loc":{"start":{"line":341,"column":46},"end":{"line":388,"column":5}},"line":341},"14":{"name":"removeSubItemFromTanstackCache","decl":{"start":{"line":395,"column":43},"end":{"line":447,"column":5}},"loc":{"start":{"line":395,"column":43},"end":{"line":447,"column":5}},"line":395}},"f":{"0":5,"1":6,"2":4,"3":3,"4":28,"5":1,"6":1,"7":1,"8":1,"9":1,"10":25,"11":4,"12":4,"13":5,"14":4}}
,"/var/www/tanstack-query-vue-cache-helpers/lib/utilities/arrays/arrays.ts": {"path":"/var/www/tanstack-query-vue-cache-helpers/lib/utilities/arrays/arrays.ts","all":false,"statementMap":{"0":{"start":{"line":1,"column":0},"end":{"line":1,"column":35}},"1":{"start":{"line":2,"column":0},"end":{"line":2,"column":45}},"2":{"start":{"line":3,"column":0},"end":{"line":3,"column":47}},"3":{"start":{"line":4,"column":0},"end":{"line":4,"column":49}},"4":{"start":{"line":5,"column":0},"end":{"line":5,"column":49}},"5":{"start":{"line":6,"column":0},"end":{"line":6,"column":49}},"6":{"start":{"line":7,"column":0},"end":{"line":7,"column":51}},"7":{"start":{"line":8,"column":0},"end":{"line":8,"column":51}},"8":{"start":{"line":9,"column":0},"end":{"line":9,"column":59}}},"s":{"0":1,"1":1,"2":1,"3":1,"4":1,"5":1,"6":1,"7":1,"8":1},"branchMap":{},"b":{},"fnMap":{},"f":{}}
,"/var/www/tanstack-query-vue-cache-helpers/lib/utilities/arrays/findRecursive.ts": {"path":"/var/www/tanstack-query-vue-cache-helpers/lib/utilities/arrays/findRecursive.ts","all":false,"statementMap":{"0":{"start":{"line":1,"column":0},"end":{"line":1,"column":42}},"21":{"start":{"line":22,"column":0},"end":{"line":22,"column":37}},"22":{"start":{"line":23,"column":0},"end":{"line":23,"column":10}},"23":{"start":{"line":24,"column":0},"end":{"line":24,"column":34}},"24":{"start":{"line":25,"column":0},"end":{"line":25,"column":11}},"25":{"start":{"line":26,"column":0},"end":{"line":26,"column":12}},"26":{"start":{"line":27,"column":0},"end":{"line":27,"column":37}},"27":{"start":{"line":28,"column":0},"end":{"line":28,"column":1}},"28":{"start":{"line":29,"column":0},"end":{"line":29,"column":37}},"30":{"start":{"line":31,"column":0},"end":{"line":31,"column":69}},"32":{"start":{"line":33,"column":0},"end":{"line":33,"column":30}},"33":{"start":{"line":34,"column":0},"end":{"line":34,"column":26}},"34":{"start":{"line":35,"column":0},"end":{"line":35,"column":9}},"35":{"start":{"line":36,"column":0},"end":{"line":36,"column":5}},"37":{"start":{"line":38,"column":0},"end":{"line":38,"column":16}},"39":{"start":{"line":40,"column":0},"end":{"line":40,"column":29}},"40":{"start":{"line":41,"column":0},"end":{"line":41,"column":15}},"41":{"start":{"line":42,"column":0},"end":{"line":42,"column":27}},"42":{"start":{"line":43,"column":0},"end":{"line":43,"column":23}},"43":{"start":{"line":44,"column":0},"end":{"line":44,"column":25}},"44":{"start":{"line":45,"column":0},"end":{"line":45,"column":17}},"45":{"start":{"line":46,"column":0},"end":{"line":46,"column":45}},"46":{"start":{"line":47,"column":0},"end":{"line":47,"column":28}},"47":{"start":{"line":48,"column":0},"end":{"line":48,"column":9}},"50":{"start":{"line":51,"column":0},"end":{"line":51,"column":60}},"51":{"start":{"line":52,"column":0},"end":{"line":52,"column":57}},"53":{"start":{"line":54,"column":0},"end":{"line":54,"column":81}},"54":{"start":{"line":55,"column":0},"end":{"line":55,"column":38}},"55":{"start":{"line":56,"column":0},"end":{"line":56,"column":33}},"56":{"start":{"line":57,"column":0},"end":{"line":57,"column":17}},"57":{"start":{"line":58,"column":0},"end":{"line":58,"column":13}},"58":{"start":{"line":59,"column":0},"end":{"line":59,"column":9}},"60":{"start":{"line":61,"column":0},"end":{"line":61,"column":19}},"61":{"start":{"line":62,"column":0},"end":{"line":62,"column":5}},"62":{"start":{"line":63,"column":0},"end":{"line":63,"column":1}}},"s":{"0":1,"21":1,"22":7,"23":7,"24":7,"25":7,"26":7,"27":7,"28":7,"30":7,"32":7,"33":2,"34":2,"35":7,"37":5,"39":5,"40":14,"41":14,"42":14,"43":14,"44":14,"45":14,"46":2,"47":2,"50":14,"51":7,"53":7,"54":7,"55":2,"56":2,"57":7,"58":5,"60":10,"61":14,"62":5},"branchMap":{"0":{"type":"branch","line":22,"loc":{"start":{"line":22,"column":7},"end":{"line":63,"column":1}},"locations":[{"start":{"line":22,"column":7},"end":{"line":63,"column":1}}]},"1":{"type":"branch","line":33,"loc":{"start":{"line":33,"column":29},"end":{"line":35,"column":9}},"locations":[{"start":{"line":33,"column":29},"end":{"line":35,"column":9}}]},"2":{"type":"branch","line":36,"loc":{"start":{"line":36,"column":4},"end":{"line":63,"column":1}},"locations":[{"start":{"line":36,"column":4},"end":{"line":63,"column":1}}]},"3":{"type":"branch","line":40,"loc":{"start":{"line":40,"column":4},"end":{"line":62,"column":5}},"locations":[{"start":{"line":40,"column":4},"end":{"line":62,"column":5}}]},"4":{"type":"branch","line":46,"loc":{"start":{"line":46,"column":44},"end":{"line":48,"column":9}},"locations":[{"start":{"line":46,"column":44},"end":{"line":48,"column":9}}]},"5":{"type":"branch","line":48,"loc":{"start":{"line":48,"column":8},"end":{"line":51,"column":29}},"locations":[{"start":{"line":48,"column":8},"end":{"line":51,"column":29}}]},"6":{"type":"branch","line":51,"loc":{"start":{"line":51,"column":24},"end":{"line":51,"column":59}},"locations":[{"start":{"line":51,"column":24},"end":{"line":51,"column":59}}]},"7":{"type":"branch","line":51,"loc":{"start":{"line":51,"column":59},"end":{"line":59,"column":9}},"locations":[{"start":{"line":51,"column":59},"end":{"line":59,"column":9}}]},"8":{"type":"branch","line":55,"loc":{"start":{"line":55,"column":37},"end":{"line":57,"column":17}},"locations":[{"start":{"line":55,"column":37},"end":{"line":57,"column":17}}]},"9":{"type":"branch","line":58,"loc":{"start":{"line":58,"column":12},"end":{"line":59,"column":9}},"locations":[{"start":{"line":58,"column":12},"end":{"line":59,"column":9}}]},"10":{"type":"branch","line":59,"loc":{"start":{"line":59,"column":8},"end":{"line":61,"column":19}},"locations":[{"start":{"line":59,"column":8},"end":{"line":61,"column":19}}]}},"b":{"0":[7],"1":[2],"2":[5],"3":[14],"4":[2],"5":[12],"6":[7],"7":[7],"8":[2],"9":[5],"10":[10]},"fnMap":{"0":{"name":"findRecursive","decl":{"start":{"line":22,"column":7},"end":{"line":63,"column":1}},"loc":{"start":{"line":22,"column":7},"end":{"line":63,"column":1}},"line":22},"1":{"name":"findValue","decl":{"start":{"line":40,"column":4},"end":{"line":62,"column":5}},"loc":{"start":{"line":40,"column":4},"end":{"line":62,"column":5}},"line":40}},"f":{"0":7,"1":14}}
,"/var/www/tanstack-query-vue-cache-helpers/lib/utilities/arrays/findRecursiveParent.ts": {"path":"/var/www/tanstack-query-vue-cache-helpers/lib/utilities/arrays/findRecursiveParent.ts","all":false,"statementMap":{"0":{"start":{"line":1,"column":0},"end":{"line":1,"column":42}},"20":{"start":{"line":21,"column":0},"end":{"line":21,"column":43}},"21":{"start":{"line":22,"column":0},"end":{"line":22,"column":10}},"22":{"start":{"line":23,"column":0},"end":{"line":23,"column":34}},"23":{"start":{"line":24,"column":0},"end":{"line":24,"column":11}},"24":{"start":{"line":25,"column":0},"end":{"line":25,"column":12}},"25":{"start":{"line":26,"column":0},"end":{"line":26,"column":43}},"26":{"start":{"line":27,"column":0},"end":{"line":27,"column":1}},"27":{"start":{"line":28,"column":0},"end":{"line":28,"column":35}},"28":{"start":{"line":29,"column":0},"end":{"line":29,"column":5}},"30":{"start":{"line":31,"column":0},"end":{"line":31,"column":70}},"32":{"start":{"line":33,"column":0},"end":{"line":33,"column":30}},"33":{"start":{"line":34,"column":0},"end":{"line":34,"column":26}},"34":{"start":{"line":35,"column":0},"end":{"line":35,"column":9}},"35":{"start":{"line":36,"column":0},"end":{"line":36,"column":5}},"37":{"start":{"line":38,"column":0},"end":{"line":38,"column":16}},"39":{"start":{"line":40,"column":0},"end":{"line":40,"column":30}},"40":{"start":{"line":41,"column":0},"end":{"line":41,"column":15}},"41":{"start":{"line":42,"column":0},"end":{"line":42,"column":27}},"42":{"start":{"line":43,"column":0},"end":{"line":43,"column":23}},"43":{"start":{"line":44,"column":0},"end":{"line":44,"column":25}},"45":{"start":{"line":46,"column":0},"end":{"line":46,"column":5}},"46":{"start":{"line":47,"column":0},"end":{"line":47,"column":84}},"47":{"start":{"line":48,"column":0},"end":{"line":48,"column":9}},"49":{"start":{"line":50,"column":0},"end":{"line":50,"column":27}},"50":{"start":{"line":51,"column":0},"end":{"line":51,"column":9}},"53":{"start":{"line":54,"column":0},"end":{"line":54,"column":60}},"54":{"start":{"line":55,"column":0},"end":{"line":55,"column":57}},"55":{"start":{"line":56,"column":0},"end":{"line":56,"column":82}},"56":{"start":{"line":57,"column":0},"end":{"line":57,"column":38}},"57":{"start":{"line":58,"column":0},"end":{"line":58,"column":33}},"58":{"start":{"line":59,"column":0},"end":{"line":59,"column":17}},"59":{"start":{"line":60,"column":0},"end":{"line":60,"column":13}},"60":{"start":{"line":61,"column":0},"end":{"line":61,"column":9}},"62":{"start":{"line":63,"column":0},"end":{"line":63,"column":19}},"63":{"start":{"line":64,"column":0},"end":{"line":64,"column":5}},"64":{"start":{"line":65,"column":0},"end":{"line":65,"column":1}}},"s":{"0":1,"20":1,"21":4,"22":4,"23":4,"24":4,"25":4,"26":4,"27":4,"28":4,"30":5,"32":5,"33":3,"34":3,"35":5,"37":1,"39":1,"40":8,"41":8,"42":8,"43":8,"45":8,"46":8,"47":8,"49":3,"50":3,"53":8,"54":3,"55":3,"56":3,"57":1,"58":1,"59":3,"60":2,"62":4,"63":8,"64":1},"branchMap":{"0":{"type":"branch","line":21,"loc":{"start":{"line":21,"column":7},"end":{"line":65,"column":1}},"locations":[{"start":{"line":21,"column":7},"end":{"line":65,"column":1}}]},"1":{"type":"branch","line":29,"loc":{"start":{"line":29,"column":4},"end":{"line":36,"column":5}},"locations":[{"start":{"line":29,"column":4},"end":{"line":36,"column":5}}]},"2":{"type":"branch","line":33,"loc":{"start":{"line":33,"column":29},"end":{"line":35,"column":9}},"locations":[{"start":{"line":33,"column":29},"end":{"line":35,"column":9}}]},"3":{"type":"branch","line":36,"loc":{"start":{"line":36,"column":4},"end":{"line":65,"column":1}},"locations":[{"start":{"line":36,"column":4},"end":{"line":65,"column":1}}]},"4":{"type":"branch","line":40,"loc":{"start":{"line":40,"column":4},"end":{"line":64,"column":5}},"locations":[{"start":{"line":40,"column":4},"end":{"line":64,"column":5}}]},"5":{"type":"branch","line":47,"loc":{"start":{"line":47,"column":25},"end":{"line":47,"column":41}},"locations":[{"start":{"line":47,"column":25},"end":{"line":47,"column":41}}]},"6":{"type":"branch","line":48,"loc":{"start":{"line":48,"column":8},"end":{"line":51,"column":9}},"locations":[{"start":{"line":48,"column":8},"end":{"line":51,"column":9}}]},"7":{"type":"branch","line":51,"loc":{"start":{"line":51,"column":8},"end":{"line":54,"column":29}},"locations":[{"start":{"line":51,"column":8},"end":{"line":54,"column":29}}]},"8":{"type":"branch","line":54,"loc":{"start":{"line":54,"column":24},"end":{"line":54,"column":59}},"locations":[{"start":{"line":54,"column":24},"end":{"line":54,"column":59}}]},"9":{"type":"branch","line":54,"loc":{"start":{"line":54,"column":59},"end":{"line":61,"column":9}},"locations":[{"start":{"line":54,"column":59},"end":{"line":61,"column":9}}]},"10":{"type":"branch","line":57,"loc":{"start":{"line":57,"column":37},"end":{"line":59,"column":17}},"locations":[{"start":{"line":57,"column":37},"end":{"line":59,"column":17}}]},"11":{"type":"branch","line":60,"loc":{"start":{"line":60,"column":12},"end":{"line":61,"column":9}},"locations":[{"start":{"line":60,"column":12},"end":{"line":61,"column":9}}]},"12":{"type":"branch","line":61,"loc":{"start":{"line":61,"column":8},"end":{"line":63,"column":19}},"locations":[{"start":{"line":61,"column":8},"end":{"line":63,"column":19}}]},"13":{"type":"branch","line":47,"loc":{"start":{"line":47,"column":41},"end":{"line":47,"column":82}},"locations":[{"start":{"line":47,"column":41},"end":{"line":47,"column":82}}]}},"b":{"0":[4],"1":[5],"2":[3],"3":[1],"4":[8],"5":[6],"6":[3],"7":[5],"8":[3],"9":[3],"10":[1],"11":[2],"12":[4],"13":[6]},"fnMap":{"0":{"name":"findRecursiveParent","decl":{"start":{"line":21,"column":7},"end":{"line":65,"column":1}},"loc":{"start":{"line":21,"column":7},"end":{"line":65,"column":1}},"line":21},"1":{"name":"findParent","decl":{"start":{"line":40,"column":4},"end":{"line":64,"column":5}},"loc":{"start":{"line":40,"column":4},"end":{"line":64,"column":5}},"line":40}},"f":{"0":4,"1":8}}
,"/var/www/tanstack-query-vue-cache-helpers/lib/utilities/arrays/groupBy.ts": {"path":"/var/www/tanstack-query-vue-cache-helpers/lib/utilities/arrays/groupBy.ts","all":false,"statementMap":{"5":{"start":{"line":6,"column":0},"end":{"line":6,"column":90}},"6":{"start":{"line":7,"column":0},"end":{"line":7,"column":62}},"7":{"start":{"line":8,"column":0},"end":{"line":8,"column":71}},"8":{"start":{"line":9,"column":0},"end":{"line":9,"column":46}},"9":{"start":{"line":10,"column":0},"end":{"line":10,"column":39}},"10":{"start":{"line":11,"column":0},"end":{"line":11,"column":18}},"11":{"start":{"line":12,"column":0},"end":{"line":12,"column":24}},"12":{"start":{"line":13,"column":0},"end":{"line":13,"column":1}}},"s":{"5":1,"6":0,"7":0,"8":0,"9":0,"10":0,"11":0,"12":0},"branchMap":{},"b":{},"fnMap":{"0":{"name":"groupBy","decl":{"start":{"line":6,"column":23},"end":{"line":13,"column":1}},"loc":{"start":{"line":6,"column":23},"end":{"line":13,"column":1}},"line":6}},"f":{"0":0}}
,"/var/www/tanstack-query-vue-cache-helpers/lib/utilities/arrays/insertDeepItem.ts": {"path":"/var/www/tanstack-query-vue-cache-helpers/lib/utilities/arrays/insertDeepItem.ts","all":false,"statementMap":{"0":{"start":{"line":1,"column":0},"end":{"line":1,"column":42}},"1":{"start":{"line":2,"column":0},"end":{"line":2,"column":47}},"11":{"start":{"line":12,"column":0},"end":{"line":12,"column":35}},"12":{"start":{"line":13,"column":0},"end":{"line":13,"column":10}},"13":{"start":{"line":14,"column":0},"end":{"line":14,"column":9}},"14":{"start":{"line":15,"column":0},"end":{"line":15,"column":13}},"15":{"start":{"line":16,"column":0},"end":{"line":16,"column":14}},"16":{"start":{"line":17,"column":0},"end":{"line":17,"column":33}},"17":{"start":{"line":18,"column":0},"end":{"line":18,"column":30}},"20":{"start":{"line":21,"column":0},"end":{"line":21,"column":24}},"21":{"start":{"line":22,"column":0},"end":{"line":22,"column":5}},"22":{"start":{"line":23,"column":0},"end":{"line":23,"column":101}},"23":{"start":{"line":24,"column":0},"end":{"line":24,"column":9}},"24":{"start":{"line":25,"column":0},"end":{"line":25,"column":132}},"25":{"start":{"line":26,"column":0},"end":{"line":26,"column":9}},"27":{"start":{"line":28,"column":0},"end":{"line":28,"column":9}},"28":{"start":{"line":29,"column":0},"end":{"line":29,"column":75}},"29":{"start":{"line":30,"column":0},"end":{"line":30,"column":113}},"30":{"start":{"line":31,"column":0},"end":{"line":31,"column":30}},"31":{"start":{"line":32,"column":0},"end":{"line":32,"column":37}},"32":{"start":{"line":33,"column":0},"end":{"line":33,"column":35}},"33":{"start":{"line":34,"column":0},"end":{"line":34,"column":35}},"34":{"start":{"line":35,"column":0},"end":{"line":35,"column":14}},"35":{"start":{"line":36,"column":0},"end":{"line":36,"column":9}},"36":{"start":{"line":37,"column":0},"end":{"line":37,"column":5}},"40":{"start":{"line":41,"column":0},"end":{"line":41,"column":5}},"41":{"start":{"line":42,"column":0},"end":{"line":42,"column":31}},"42":{"start":{"line":43,"column":0},"end":{"line":43,"column":5}},"43":{"start":{"line":44,"column":0},"end":{"line":44,"column":1}}},"s":{"0":1,"1":1,"11":1,"12":1,"13":1,"14":1,"15":1,"16":1,"17":1,"20":1,"21":1,"22":1,"23":1,"24":0,"25":0,"27":1,"28":1,"29":1,"30":1,"31":1,"32":1,"33":1,"34":1,"35":1,"36":1,"40":0,"41":0,"42":0,"43":1},"branchMap":{"0":{"type":"branch","line":12,"loc":{"start":{"line":12,"column":30},"end":{"line":44,"column":1}},"locations":[{"start":{"line":12,"column":30},"end":{"line":44,"column":1}}]},"1":{"type":"branch","line":24,"loc":{"start":{"line":24,"column":8},"end":{"line":26,"column":9}},"locations":[{"start":{"line":24,"column":8},"end":{"line":26,"column":9}}]},"2":{"type":"branch","line":37,"loc":{"start":{"line":37,"column":4},"end":{"line":43,"column":5}},"locations":[{"start":{"line":37,"column":4},"end":{"line":43,"column":5}}]}},"b":{"0":[1],"1":[0],"2":[0]},"fnMap":{"0":{"name":"insertDeepItem","decl":{"start":{"line":12,"column":30},"end":{"line":44,"column":1}},"loc":{"start":{"line":12,"column":30},"end":{"line":44,"column":1}},"line":12}},"f":{"0":1}}
,"/var/www/tanstack-query-vue-cache-helpers/lib/utilities/arrays/refreshArray.ts": {"path":"/var/www/tanstack-query-vue-cache-helpers/lib/utilities/arrays/refreshArray.ts","all":false,"statementMap":{"0":{"start":{"line":1,"column":0},"end":{"line":1,"column":49}},"30":{"start":{"line":31,"column":0},"end":{"line":31,"column":33}},"31":{"start":{"line":32,"column":0},"end":{"line":32,"column":10}},"32":{"start":{"line":33,"column":0},"end":{"line":33,"column":13}},"33":{"start":{"line":34,"column":0},"end":{"line":34,"column":21}},"34":{"start":{"line":35,"column":0},"end":{"line":35,"column":34}},"35":{"start":{"line":36,"column":0},"end":{"line":36,"column":30}},"36":{"start":{"line":37,"column":0},"end":{"line":37,"column":17}},"37":{"start":{"line":38,"column":0},"end":{"line":38,"column":41}},"38":{"start":{"line":39,"column":0},"end":{"line":39,"column":1}},"41":{"start":{"line":42,"column":0},"end":{"line":42,"column":46}},"42":{"start":{"line":43,"column":0},"end":{"line":43,"column":5}},"45":{"start":{"line":46,"column":0},"end":{"line":46,"column":62}},"46":{"start":{"line":47,"column":0},"end":{"line":47,"column":9}},"47":{"start":{"line":48,"column":0},"end":{"line":48,"column":29}},"48":{"start":{"line":49,"column":0},"end":{"line":49,"column":13}},"49":{"start":{"line":50,"column":0},"end":{"line":50,"column":45}},"50":{"start":{"line":51,"column":0},"end":{"line":51,"column":13}},"52":{"start":{"line":53,"column":0},"end":{"line":53,"column":13}},"53":{"start":{"line":54,"column":0},"end":{"line":54,"column":39}},"54":{"start":{"line":55,"column":0},"end":{"line":55,"column":13}},"55":{"start":{"line":56,"column":0},"end":{"line":56,"column":9}},"63":{"start":{"line":64,"column":0},"end":{"line":64,"column":9}},"64":{"start":{"line":65,"column":0},"end":{"line":65,"column":35}},"65":{"start":{"line":66,"column":0},"end":{"line":66,"column":49}},"66":{"start":{"line":67,"column":0},"end":{"line":67,"column":9}},"67":{"start":{"line":68,"column":0},"end":{"line":68,"column":5}},"70":{"start":{"line":71,"column":0},"end":{"line":71,"column":5}},"71":{"start":{"line":72,"column":0},"end":{"line":72,"column":44}},"74":{"start":{"line":75,"column":0},"end":{"line":75,"column":36}},"75":{"start":{"line":76,"column":0},"end":{"line":76,"column":88}},"76":{"start":{"line":77,"column":0},"end":{"line":77,"column":27}},"77":{"start":{"line":78,"column":0},"end":{"line":78,"column":31}},"78":{"start":{"line":79,"column":0},"end":{"line":79,"column":14}},"79":{"start":{"line":80,"column":0},"end":{"line":80,"column":85}},"80":{"start":{"line":81,"column":0},"end":{"line":81,"column":13}},"81":{"start":{"line":82,"column":0},"end":{"line":82,"column":61}},"82":{"start":{"line":83,"column":0},"end":{"line":83,"column":113}},"83":{"start":{"line":84,"column":0},"end":{"line":84,"column":122}},"84":{"start":{"line":85,"column":0},"end":{"line":85,"column":13}},"88":{"start":{"line":89,"column":0},"end":{"line":89,"column":13}},"89":{"start":{"line":90,"column":0},"end":{"line":90,"column":47}},"90":{"start":{"line":91,"column":0},"end":{"line":91,"column":17}},"91":{"start":{"line":92,"column":0},"end":{"line":92,"column":46}},"92":{"start":{"line":93,"column":0},"end":{"line":93,"column":17}},"95":{"start":{"line":96,"column":0},"end":{"line":96,"column":17}},"96":{"start":{"line":97,"column":0},"end":{"line":97,"column":49}},"97":{"start":{"line":98,"column":0},"end":{"line":98,"column":17}},"98":{"start":{"line":99,"column":0},"end":{"line":99,"column":13}},"99":{"start":{"line":100,"column":0},"end":{"line":100,"column":10}},"100":{"start":{"line":101,"column":0},"end":{"line":101,"column":5}},"102":{"start":{"line":103,"column":0},"end":{"line":103,"column":16}},"103":{"start":{"line":104,"column":0},"end":{"line":104,"column":1}}},"s":{"0":1,"30":1,"31":2,"32":2,"33":2,"34":2,"35":2,"36":2,"37":2,"38":2,"41":2,"42":2,"45":1,"46":1,"47":0,"48":0,"49":0,"50":0,"52":0,"53":0,"54":0,"55":0,"63":1,"64":1,"65":1,"66":1,"67":1,"70":1,"71":1,"74":1,"75":0,"76":0,"77":0,"78":0,"79":1,"80":1,"81":1,"82":1,"83":1,"84":1,"88":0,"89":0,"90":0,"91":0,"92":0,"95":0,"96":0,"97":0,"98":0,"99":1,"100":1,"102":2,"103":2},"branchMap":{"0":{"type":"branch","line":31,"loc":{"start":{"line":31,"column":28},"end":{"line":104,"column":1}},"locations":[{"start":{"line":31,"column":28},"end":{"line":104,"column":1}}]},"1":{"type":"branch","line":43,"loc":{"start":{"line":43,"column":4},"end":{"line":101,"column":5}},"locations":[{"start":{"line":43,"column":4},"end":{"line":101,"column":5}}]},"2":{"type":"branch","line":47,"loc":{"start":{"line":47,"column":8},"end":{"line":56,"column":9}},"locations":[{"start":{"line":47,"column":8},"end":{"line":56,"column":9}}]},"3":{"type":"branch","line":72,"loc":{"start":{"line":72,"column":32},"end":{"line":100,"column":9}},"locations":[{"start":{"line":72,"column":32},"end":{"line":100,"column":9}}]},"4":{"type":"branch","line":75,"loc":{"start":{"line":75,"column":23},"end":{"line":79,"column":14}},"locations":[{"start":{"line":75,"column":23},"end":{"line":79,"column":14}}]},"5":{"type":"branch","line":82,"loc":{"start":{"line":82,"column":27},"end":{"line":82,"column":61}},"locations":[{"start":{"line":82,"column":27},"end":{"line":82,"column":61}}]},"6":{"type":"branch","line":83,"loc":{"start":{"line":83,"column":27},"end":{"line":83,"column":113}},"locations":[{"start":{"line":83,"column":27},"end":{"line":83,"column":113}}]},"7":{"type":"branch","line":85,"loc":{"start":{"line":85,"column":12},"end":{"line":99,"column":13}},"locations":[{"start":{"line":85,"column":12},"end":{"line":99,"column":13}}]},"8":{"type":"branch","line":80,"loc":{"start":{"line":80,"column":34},"end":{"line":80,"column":83}},"locations":[{"start":{"line":80,"column":34},"end":{"line":80,"column":83}}]},"9":{"type":"branch","line":84,"loc":{"start":{"line":84,"column":59},"end":{"line":84,"column":108}},"locations":[{"start":{"line":84,"column":59},"end":{"line":84,"column":108}}]}},"b":{"0":[2],"1":[1],"2":[0],"3":[1],"4":[0],"5":[0],"6":[0],"7":[0],"8":[1],"9":[1]},"fnMap":{"0":{"name":"refreshArray","decl":{"start":{"line":31,"column":28},"end":{"line":104,"column":1}},"loc":{"start":{"line":31,"column":28},"end":{"line":104,"column":1}},"line":31}},"f":{"0":2}}
,"/var/www/tanstack-query-vue-cache-helpers/lib/utilities/arrays/refreshDeepItem.ts": {"path":"/var/www/tanstack-query-vue-cache-helpers/lib/utilities/arrays/refreshDeepItem.ts","all":false,"statementMap":{"0":{"start":{"line":1,"column":0},"end":{"line":1,"column":42}},"1":{"start":{"line":2,"column":0},"end":{"line":2,"column":45}},"2":{"start":{"line":3,"column":0},"end":{"line":3,"column":47}},"3":{"start":{"line":4,"column":0},"end":{"line":4,"column":49}},"4":{"start":{"line":5,"column":0},"end":{"line":5,"column":49}},"15":{"start":{"line":16,"column":0},"end":{"line":16,"column":36}},"16":{"start":{"line":17,"column":0},"end":{"line":17,"column":10}},"17":{"start":{"line":18,"column":0},"end":{"line":18,"column":12}},"18":{"start":{"line":19,"column":0},"end":{"line":19,"column":13}},"19":{"start":{"line":20,"column":0},"end":{"line":20,"column":14}},"20":{"start":{"line":21,"column":0},"end":{"line":21,"column":33}},"21":{"start":{"line":22,"column":0},"end":{"line":22,"column":31}},"23":{"start":{"line":24,"column":0},"end":{"line":24,"column":34}},"24":{"start":{"line":25,"column":0},"end":{"line":25,"column":5}},"25":{"start":{"line":26,"column":0},"end":{"line":26,"column":115}},"26":{"start":{"line":27,"column":0},"end":{"line":27,"column":9}},"27":{"start":{"line":28,"column":0},"end":{"line":28,"column":28}},"28":{"start":{"line":29,"column":0},"end":{"line":29,"column":29}},"29":{"start":{"line":30,"column":0},"end":{"line":30,"column":37}},"30":{"start":{"line":31,"column":0},"end":{"line":31,"column":35}},"31":{"start":{"line":32,"column":0},"end":{"line":32,"column":37}},"32":{"start":{"line":33,"column":0},"end":{"line":33,"column":40}},"33":{"start":{"line":34,"column":0},"end":{"line":34,"column":18}},"34":{"start":{"line":35,"column":0},"end":{"line":35,"column":9}},"37":{"start":{"line":38,"column":0},"end":{"line":38,"column":9}},"38":{"start":{"line":39,"column":0},"end":{"line":39,"column":28}},"39":{"start":{"line":40,"column":0},"end":{"line":40,"column":29}},"40":{"start":{"line":41,"column":0},"end":{"line":41,"column":37}},"41":{"start":{"line":42,"column":0},"end":{"line":42,"column":35}},"42":{"start":{"line":43,"column":0},"end":{"line":43,"column":37}},"43":{"start":{"line":44,"column":0},"end":{"line":44,"column":40}},"44":{"start":{"line":45,"column":0},"end":{"line":45,"column":14}},"45":{"start":{"line":46,"column":0},"end":{"line":46,"column":9}},"46":{"start":{"line":47,"column":0},"end":{"line":47,"column":5}},"50":{"start":{"line":51,"column":0},"end":{"line":51,"column":5}},"51":{"start":{"line":52,"column":0},"end":{"line":52,"column":58}},"52":{"start":{"line":53,"column":0},"end":{"line":53,"column":5}},"53":{"start":{"line":54,"column":0},"end":{"line":54,"column":1}}},"s":{"0":1,"1":1,"2":1,"3":1,"4":1,"15":1,"16":0,"17":0,"18":0,"19":0,"20":0,"21":0,"23":0,"24":0,"25":0,"26":0,"27":0,"28":0,"29":0,"30":0,"31":0,"32":0,"33":0,"34":0,"37":0,"38":0,"39":0,"40":0,"41":0,"42":0,"43":0,"44":0,"45":0,"46":0,"50":0,"51":0,"52":0,"53":0},"branchMap":{},"b":{},"fnMap":{"0":{"name":"refreshDeepItem","decl":{"start":{"line":16,"column":31},"end":{"line":54,"column":1}},"loc":{"start":{"line":16,"column":31},"end":{"line":54,"column":1}},"line":16}},"f":{"0":0}}
,"/var/www/tanstack-query-vue-cache-helpers/lib/utilities/arrays/removeArrayItem.ts": {"path":"/var/www/tanstack-query-vue-cache-helpers/lib/utilities/arrays/removeArrayItem.ts","all":false,"statementMap":{"0":{"start":{"line":1,"column":0},"end":{"line":1,"column":49}},"7":{"start":{"line":8,"column":0},"end":{"line":8,"column":36}},"8":{"start":{"line":9,"column":0},"end":{"line":9,"column":10}},"9":{"start":{"line":10,"column":0},"end":{"line":10,"column":19}},"10":{"start":{"line":11,"column":0},"end":{"line":11,"column":32}},"11":{"start":{"line":12,"column":0},"end":{"line":12,"column":44}},"12":{"start":{"line":13,"column":0},"end":{"line":13,"column":1}},"14":{"start":{"line":15,"column":0},"end":{"line":15,"column":98}},"16":{"start":{"line":17,"column":0},"end":{"line":17,"column":20}},"17":{"start":{"line":18,"column":0},"end":{"line":18,"column":5}},"18":{"start":{"line":19,"column":0},"end":{"line":19,"column":54}},"19":{"start":{"line":20,"column":0},"end":{"line":20,"column":35}},"20":{"start":{"line":21,"column":0},"end":{"line":21,"column":5}},"22":{"start":{"line":23,"column":0},"end":{"line":23,"column":16}},"23":{"start":{"line":24,"column":0},"end":{"line":24,"column":1}}},"s":{"0":1,"7":1,"8":2,"9":2,"10":2,"11":2,"12":2,"14":2,"16":2,"17":2,"18":1,"19":1,"20":1,"22":2,"23":2},"branchMap":{"0":{"type":"branch","line":8,"loc":{"start":{"line":8,"column":31},"end":{"line":24,"column":1}},"locations":[{"start":{"line":8,"column":31},"end":{"line":24,"column":1}}]},"1":{"type":"branch","line":18,"loc":{"start":{"line":18,"column":4},"end":{"line":21,"column":5}},"locations":[{"start":{"line":18,"column":4},"end":{"line":21,"column":5}}]},"2":{"type":"branch","line":19,"loc":{"start":{"line":19,"column":26},"end":{"line":19,"column":54}},"locations":[{"start":{"line":19,"column":26},"end":{"line":19,"column":54}}]},"3":{"type":"branch","line":15,"loc":{"start":{"line":15,"column":39},"end":{"line":15,"column":97}},"locations":[{"start":{"line":15,"column":39},"end":{"line":15,"column":97}}]},"4":{"type":"branch","line":15,"loc":{"start":{"line":15,"column":67},"end":{"line":15,"column":96}},"locations":[{"start":{"line":15,"column":67},"end":{"line":15,"column":96}}]}},"b":{"0":[2],"1":[1],"2":[0],"3":[2],"4":[2]},"fnMap":{"0":{"name":"removeArrayItem","decl":{"start":{"line":8,"column":31},"end":{"line":24,"column":1}},"loc":{"start":{"line":8,"column":31},"end":{"line":24,"column":1}},"line":8}},"f":{"0":2}}
,"/var/www/tanstack-query-vue-cache-helpers/lib/utilities/arrays/removeDeepItem.ts": {"path":"/var/www/tanstack-query-vue-cache-helpers/lib/utilities/arrays/removeDeepItem.ts","all":false,"statementMap":{"0":{"start":{"line":1,"column":0},"end":{"line":1,"column":42}},"1":{"start":{"line":2,"column":0},"end":{"line":2,"column":47}},"2":{"start":{"line":3,"column":0},"end":{"line":3,"column":51}},"3":{"start":{"line":4,"column":0},"end":{"line":4,"column":59}},"14":{"start":{"line":15,"column":0},"end":{"line":15,"column":35}},"15":{"start":{"line":16,"column":0},"end":{"line":16,"column":10}},"16":{"start":{"line":17,"column":0},"end":{"line":17,"column":12}},"17":{"start":{"line":18,"column":0},"end":{"line":18,"column":13}},"18":{"start":{"line":19,"column":0},"end":{"line":19,"column":14}},"19":{"start":{"line":20,"column":0},"end":{"line":20,"column":33}},"20":{"start":{"line":21,"column":0},"end":{"line":21,"column":30}},"23":{"start":{"line":24,"column":0},"end":{"line":24,"column":35}},"24":{"start":{"line":25,"column":0},"end":{"line":25,"column":5}},"26":{"start":{"line":27,"column":0},"end":{"line":27,"column":76}},"27":{"start":{"line":28,"column":0},"end":{"line":28,"column":19}},"28":{"start":{"line":29,"column":0},"end":{"line":29,"column":9}},"30":{"start":{"line":31,"column":0},"end":{"line":31,"column":105}},"31":{"start":{"line":32,"column":0},"end":{"line":32,"column":9}},"35":{"start":{"line":36,"column":0},"end":{"line":36,"column":9}},"36":{"start":{"line":37,"column":0},"end":{"line":37,"column":123}},"37":{"start":{"line":38,"column":0},"end":{"line":38,"column":23}},"38":{"start":{"line":39,"column":0},"end":{"line":39,"column":13}},"40":{"start":{"line":41,"column":0},"end":{"line":41,"column":126}},"41":{"start":{"line":42,"column":0},"end":{"line":42,"column":22}},"42":{"start":{"line":43,"column":0},"end":{"line":43,"column":13}},"44":{"start":{"line":45,"column":0},"end":{"line":45,"column":13}},"45":{"start":{"line":46,"column":0},"end":{"line":46,"column":83}},"46":{"start":{"line":47,"column":0},"end":{"line":47,"column":35}},"47":{"start":{"line":48,"column":0},"end":{"line":48,"column":37}},"48":{"start":{"line":49,"column":0},"end":{"line":49,"column":41}},"49":{"start":{"line":50,"column":0},"end":{"line":50,"column":39}},"50":{"start":{"line":51,"column":0},"end":{"line":51,"column":39}},"51":{"start":{"line":52,"column":0},"end":{"line":52,"column":18}},"52":{"start":{"line":53,"column":0},"end":{"line":53,"column":13}},"53":{"start":{"line":54,"column":0},"end":{"line":54,"column":9}},"54":{"start":{"line":55,"column":0},"end":{"line":55,"column":5}},"57":{"start":{"line":58,"column":0},"end":{"line":58,"column":32}},"58":{"start":{"line":59,"column":0},"end":{"line":59,"column":5}},"61":{"start":{"line":62,"column":0},"end":{"line":62,"column":76}},"62":{"start":{"line":63,"column":0},"end":{"line":63,"column":19}},"63":{"start":{"line":64,"column":0},"end":{"line":64,"column":9}},"65":{"start":{"line":66,"column":0},"end":{"line":66,"column":141}},"66":{"start":{"line":67,"column":0},"end":{"line":67,"column":9}},"68":{"start":{"line":69,"column":0},"end":{"line":69,"column":130}},"69":{"start":{"line":70,"column":0},"end":{"line":70,"column":9}},"70":{"start":{"line":71,"column":0},"end":{"line":71,"column":153}},"71":{"start":{"line":72,"column":0},"end":{"line":72,"column":211}},"72":{"start":{"line":73,"column":0},"end":{"line":73,"column":17}},"73":{"start":{"line":74,"column":0},"end":{"line":74,"column":13}},"74":{"start":{"line":75,"column":0},"end":{"line":75,"column":9}},"77":{"start":{"line":78,"column":0},"end":{"line":78,"column":9}},"78":{"start":{"line":79,"column":0},"end":{"line":79,"column":79}},"79":{"start":{"line":80,"column":0},"end":{"line":80,"column":137}},"80":{"start":{"line":81,"column":0},"end":{"line":81,"column":33}},"81":{"start":{"line":82,"column":0},"end":{"line":82,"column":37}},"82":{"start":{"line":83,"column":0},"end":{"line":83,"column":35}},"83":{"start":{"line":84,"column":0},"end":{"line":84,"column":35}},"84":{"start":{"line":85,"column":0},"end":{"line":85,"column":14}},"85":{"start":{"line":86,"column":0},"end":{"line":86,"column":9}},"86":{"start":{"line":87,"column":0},"end":{"line":87,"column":5}},"90":{"start":{"line":91,"column":0},"end":{"line":91,"column":5}},"91":{"start":{"line":92,"column":0},"end":{"line":92,"column":130}},"92":{"start":{"line":93,"column":0},"end":{"line":93,"column":5}},"93":{"start":{"line":94,"column":0},"end":{"line":94,"column":1}}},"s":{"0":1,"1":1,"2":1,"3":1,"14":1,"15":4,"16":4,"17":4,"18":4,"19":4,"20":4,"23":4,"24":4,"26":4,"27":4,"28":4,"30":0,"31":0,"35":4,"36":4,"37":4,"38":4,"40":3,"41":3,"42":3,"44":1,"45":1,"46":1,"47":1,"48":1,"49":1,"50":1,"51":1,"52":1,"53":4,"54":4,"57":0,"58":0,"61":0,"62":0,"63":0,"65":0,"66":0,"68":0,"69":0,"70":0,"71":0,"72":0,"73":0,"74":0,"77":0,"78":0,"79":0,"80":0,"81":0,"82":0,"83":0,"84":0,"85":0,"86":0,"90":0,"91":0,"92":0,"93":4},"branchMap":{"0":{"type":"branch","line":15,"loc":{"start":{"line":15,"column":30},"end":{"line":94,"column":1}},"locations":[{"start":{"line":15,"column":30},"end":{"line":94,"column":1}}]},"1":{"type":"branch","line":29,"loc":{"start":{"line":29,"column":8},"end":{"line":32,"column":9}},"locations":[{"start":{"line":29,"column":8},"end":{"line":32,"column":9}}]},"2":{"type":"branch","line":39,"loc":{"start":{"line":39,"column":12},"end":{"line":43,"column":13}},"locations":[{"start":{"line":39,"column":12},"end":{"line":43,"column":13}}]},"3":{"type":"branch","line":43,"loc":{"start":{"line":43,"column":12},"end":{"line":53,"column":13}},"locations":[{"start":{"line":43,"column":12},"end":{"line":53,"column":13}}]},"4":{"type":"branch","line":55,"loc":{"start":{"line":55,"column":4},"end":{"line":93,"column":5}},"locations":[{"start":{"line":55,"column":4},"end":{"line":93,"column":5}}]},"5":{"type":"branch","line":27,"loc":{"start":{"line":27,"column":39},"end":{"line":27,"column":75}},"locations":[{"start":{"line":27,"column":39},"end":{"line":27,"column":75}}]},"6":{"type":"branch","line":41,"loc":{"start":{"line":41,"column":85},"end":{"line":41,"column":121}},"locations":[{"start":{"line":41,"column":85},"end":{"line":41,"column":121}}]}},"b":{"0":[4],"1":[0],"2":[3],"3":[1],"4":[0],"5":[5],"6":[3]},"fnMap":{"0":{"name":"removeDeepItem","decl":{"start":{"line":15,"column":30},"end":{"line":94,"column":1}},"loc":{"start":{"line":15,"column":30},"end":{"line":94,"column":1}},"line":15}},"f":{"0":4}}
,"/var/www/tanstack-query-vue-cache-helpers/lib/utilities/arrays/updateDeepItem.ts": {"path":"/var/www/tanstack-query-vue-cache-helpers/lib/utilities/arrays/updateDeepItem.ts","all":false,"statementMap":{"1":{"start":{"line":2,"column":0},"end":{"line":2,"column":47}},"2":{"start":{"line":3,"column":0},"end":{"line":3,"column":49}},"3":{"start":{"line":4,"column":0},"end":{"line":4,"column":49}},"14":{"start":{"line":15,"column":0},"end":{"line":15,"column":35}},"15":{"start":{"line":16,"column":0},"end":{"line":16,"column":10}},"16":{"start":{"line":17,"column":0},"end":{"line":17,"column":9}},"17":{"start":{"line":18,"column":0},"end":{"line":18,"column":13}},"18":{"start":{"line":19,"column":0},"end":{"line":19,"column":14}},"19":{"start":{"line":20,"column":0},"end":{"line":20,"column":33}},"20":{"start":{"line":21,"column":0},"end":{"line":21,"column":30}},"22":{"start":{"line":23,"column":0},"end":{"line":23,"column":94}},"23":{"start":{"line":24,"column":0},"end":{"line":24,"column":15}},"24":{"start":{"line":25,"column":0},"end":{"line":25,"column":5}},"26":{"start":{"line":27,"column":0},"end":{"line":27,"column":49}},"27":{"start":{"line":28,"column":0},"end":{"line":28,"column":9}},"29":{"start":{"line":30,"column":0},"end":{"line":30,"column":28}},"30":{"start":{"line":31,"column":0},"end":{"line":31,"column":29}},"31":{"start":{"line":32,"column":0},"end":{"line":32,"column":32}},"32":{"start":{"line":33,"column":0},"end":{"line":33,"column":35}},"33":{"start":{"line":34,"column":0},"end":{"line":34,"column":37}},"34":{"start":{"line":35,"column":0},"end":{"line":35,"column":40}},"35":{"start":{"line":36,"column":0},"end":{"line":36,"column":14}},"38":{"start":{"line":39,"column":0},"end":{"line":39,"column":28}},"39":{"start":{"line":40,"column":0},"end":{"line":40,"column":29}},"40":{"start":{"line":41,"column":0},"end":{"line":41,"column":27}},"41":{"start":{"line":42,"column":0},"end":{"line":42,"column":35}},"42":{"start":{"line":43,"column":0},"end":{"line":43,"column":37}},"43":{"start":{"line":44,"column":0},"end":{"line":44,"column":40}},"44":{"start":{"line":45,"column":0},"end":{"line":45,"column":14}},"45":{"start":{"line":46,"column":0},"end":{"line":46,"column":9}},"48":{"start":{"line":49,"column":0},"end":{"line":49,"column":9}},"50":{"start":{"line":51,"column":0},"end":{"line":51,"column":39}},"51":{"start":{"line":52,"column":0},"end":{"line":52,"column":9}},"52":{"start":{"line":53,"column":0},"end":{"line":53,"column":5}},"53":{"start":{"line":54,"column":0},"end":{"line":54,"column":1}}},"s":{"1":1,"2":1,"3":1,"14":1,"15":2,"16":2,"17":2,"18":2,"19":2,"20":2,"22":2,"23":2,"24":2,"26":0,"27":0,"29":0,"30":0,"31":0,"32":0,"33":0,"34":0,"35":0,"38":0,"39":0,"40":0,"41":0,"42":0,"43":0,"44":0,"45":0,"48":0,"50":0,"51":0,"52":0,"53":2},"branchMap":{"0":{"type":"branch","line":15,"loc":{"start":{"line":15,"column":30},"end":{"line":54,"column":1}},"locations":[{"start":{"line":15,"column":30},"end":{"line":54,"column":1}}]},"1":{"type":"branch","line":25,"loc":{"start":{"line":25,"column":4},"end":{"line":53,"column":5}},"locations":[{"start":{"line":25,"column":4},"end":{"line":53,"column":5}}]}},"b":{"0":[2],"1":[0]},"fnMap":{"0":{"name":"updateDeepItem","decl":{"start":{"line":15,"column":30},"end":{"line":54,"column":1}},"loc":{"start":{"line":15,"column":30},"end":{"line":54,"column":1}},"line":15}},"f":{"0":2}}
}
